221022-21:53:44,262 nipype.workflow INFO:
	 Running with omp_nthreads=8, nthreads=10
221022-21:53:44,389 nipype.workflow IMPORTANT:
	 
    Running qsiprep version 0.14.3:
      * BIDS dataset path: /data.
      * Participant list: ['170417'].
      * Run identifier: 20221022-215253_2afde669-336e-4f40-8b8f-eafbdbda5910.
    
221022-21:53:46,580 nipype.utils WARNING:
	 A newer version (1.8.4) of nipy/nipype is available. You are using 1.6.1
221022-21:55:03,80 nipype.workflow INFO:
	 Combining all 1 dwis within the single available session
221022-21:55:05,419 nipype.workflow INFO:
	 [{'dwi_series': ['/data/sub-170417/dwi/sub-170417_dwi.nii.gz'], 'fieldmap_info': {'suffix': None}, 'dwi_series_pedir': 'j', 'concatenated_bids_name': 'sub-170417'}]
221022-21:55:08,721 nipype.workflow IMPORTANT:
	 Creating dwi processing workflow "dwi_preproc_wf" to produce output sub-170417 (1.12 GB / 36 DWIs). Memory resampled/largemem=1.46/1.58 GB.
221022-21:55:09,175 nipype.workflow INFO:
	 Automatically using 5, 5, 5 window for dwidenoise
221022-21:55:13,972 nipype.workflow INFO:
	 Using 8 threads in eddy
221022-21:57:07,469 nipype.workflow IMPORTANT:
	 Works derived from this qsiprep execution should include the following boilerplate:


Preprocessing was performed using *QSIPrep* 0.14.3,
which is based on *Nipype* 1.6.1
(@nipype1; @nipype2; RRID:SCR_002502).

Anatomical data preprocessing

: The T1-weighted (T1w) image was corrected for intensity non-uniformity (INU)
using `N4BiasFieldCorrection` [@n4, ANTs 2.3.1],
and used as T1w-reference throughout the workflow.
The T1w-reference was then skull-stripped using `antsBrainExtraction.sh`
(ANTs 2.3.1), using OASIS as target template.
Brain surfaces were reconstructed using `recon-all` [FreeSurfer 6.0.1,
RRID:SCR_001847, @fs_reconall], and the brain mask estimated
previously was refined with a custom variation of the method to reconcile
ANTs-derived and FreeSurfer-derived segmentations of the cortical
gray-matter of Mindboggle [RRID:SCR_002438, @mindboggle].
Spatial normalization to the ICBM 152 Nonlinear Asymmetrical
template version 2009c [@mni, RRID:SCR_008796] was performed
through nonlinear registration with `antsRegistration`
[ANTs 2.3.1, RRID:SCR_004757, @ants], using
brain-extracted versions of both T1w volume and template.
Brain tissue segmentation of cerebrospinal fluid (CSF),
white-matter (WM) and gray-matter (GM) was performed on
the brain-extracted T1w using `FAST` [FSL 6.0.3:b862cdd5, RRID:SCR_002823,
@fsl_fast].


Diffusion data preprocessing

: Any images with a b-value less than 100 s/mm^2 were treated as a *b*=0 image. MP-PCA denoising as implemented in MRtrix3's `dwidenoise`[@dwidenoise1] was applied with a 5-voxel window. After MP-PCA, Gibbs unringing was performed using MRtrix3's `mrdegibbs` [@mrdegibbs]. Following unringing, B1 field inhomogeneity was corrected using `dwibiascorrect` from MRtrix3 with the N4 algorithm [@n4]. After B1 bias correction, the mean intensity of the DWI series was adjusted so all the mean intensity of the b=0 images matched across eachseparate DWI scanning sequence.

FSL (version 6.0.3:b862cdd5)'s eddy was used for head motion correction and Eddy current correction [@anderssoneddy]. Eddy was configured with a $q$-space smoothing factor of 10, a total of 5 iterations, and 1000 voxels used to estimate hyperparameters. A linear first level model and a linear second level model were used to characterize Eddy current-related spatial distortion. $q$-space coordinates were forcefully assigned to shells. Field offset was attempted to be separated from subject movement. Shells were aligned post-eddy. Eddy's outlier replacement was run [@eddyrepol]. Data were grouped by slice, only including values from slices determined to contain at least 250 intracerebral voxels. Groups deviating by more than 4 standard deviations from the prediction had their data replaced with imputed values. Final interpolation was performed using the `jac` method.

Several confounding time-series were calculated based on the
preprocessed DWI: framewise displacement (FD) using the
implementation in *Nipype* [following the definitions by @power_fd_dvars].
The head-motion estimates calculated in the correction step were also
placed within the corresponding confounds file. Slicewise cross correlation
was also calculated.
The DWI time-series were resampled to ACPC,
generating a *preprocessed DWI run in ACPC space* with 1.2mm isotropic voxels.


Many internal operations of *QSIPrep* use
*Nilearn* 0.8.1 [@nilearn, RRID:SCR_001362] and
*Dipy* [@dipy].
For more details of the pipeline, see [the section corresponding
to workflows in *QSIPrep*'s documentation](https://qsiprep.readthedocs.io/en/latest/workflows.html "QSIPrep's documentation").


### References


221022-21:57:18,123 nipype.workflow WARNING:
	 Could not generate CITATION.html file:
pandoc -s --bibliography /usr/local/miniconda/lib/python3.7/site-packages/qsiprep/data/boilerplate.bib --filter pandoc-citeproc /out/qsiprep/logs/CITATION.md -o /out/qsiprep/logs/CITATION.html
221022-21:57:28,774 nipype.workflow WARNING:
	 Could not generate CITATION.tex file:
pandoc -s --bibliography /usr/local/miniconda/lib/python3.7/site-packages/qsiprep/data/boilerplate.bib --natbib /out/qsiprep/logs/CITATION.md -o /out/qsiprep/logs/CITATION.tex
221022-22:05:46,582 nipype.workflow INFO:
	 [Node] Setting-up "qsiprep_wf.single_subject_170417_wf.anat_preproc_wf.output_grid_wf.autobox_template" in "/out/tmp/qsiprep_wf/single_subject_170417_wf/anat_preproc_wf/output_grid_wf/autobox_template".
221022-22:05:46,639 nipype.workflow INFO:
	 [Node] Running "autobox_template" ("nipype.interfaces.afni.utils.Autobox"), a CommandLine Interface with command:
3dAutobox -input /out/tmp/qsiprep_wf/single_subject_170417_wf/anat_preproc_wf/output_grid_wf/autobox_template/mni_1mm_t1w_lps.nii.gz -prefix mni_1mm_t1w_lps_autobox.nii.gz -npad 8
221022-22:06:42,406 nipype.workflow INFO:
	 [Node] Finished "qsiprep_wf.single_subject_170417_wf.anat_preproc_wf.output_grid_wf.autobox_template".
221022-22:07:31,588 nipype.workflow INFO:
	 [Node] Setting-up "qsiprep_wf.single_subject_170417_wf.anat_preproc_wf.output_grid_wf.deoblique_autobox" in "/out/tmp/qsiprep_wf/single_subject_170417_wf/anat_preproc_wf/output_grid_wf/deoblique_autobox".
221022-22:07:31,679 nipype.workflow INFO:
	 [Node] Running "deoblique_autobox" ("nipype.interfaces.afni.preprocess.Warp"), a CommandLine Interface with command:
3dWarp -deoblique -prefix mni_1mm_t1w_lps_autobox_warp.nii.gz /out/tmp/qsiprep_wf/single_subject_170417_wf/anat_preproc_wf/output_grid_wf/deoblique_autobox/mni_1mm_t1w_lps_autobox.nii.gz
221022-22:07:40,411 nipype.workflow INFO:
	 [Node] Finished "qsiprep_wf.single_subject_170417_wf.anat_preproc_wf.output_grid_wf.deoblique_autobox".
221022-22:08:38,457 nipype.workflow INFO:
	 [Node] Setting-up "qsiprep_wf.single_subject_170417_wf.anat_preproc_wf.output_grid_wf.resample_to_voxel_size" in "/out/tmp/qsiprep_wf/single_subject_170417_wf/anat_preproc_wf/output_grid_wf/resample_to_voxel_size".
221022-22:08:38,527 nipype.workflow INFO:
	 [Node] Running "resample_to_voxel_size" ("nipype.interfaces.afni.utils.Resample"), a CommandLine Interface with command:
3dresample -prefix mni_1mm_t1w_lps_autobox_warp_resample.nii.gz -dxyz 1.200000 1.200000 1.200000 -inset /out/tmp/qsiprep_wf/single_subject_170417_wf/anat_preproc_wf/output_grid_wf/resample_to_voxel_size/mni_1mm_t1w_lps_autobox_warp.nii.gz
221022-22:08:43,588 nipype.workflow INFO:
	 [Node] Finished "qsiprep_wf.single_subject_170417_wf.anat_preproc_wf.output_grid_wf.resample_to_voxel_size".
221022-22:10:22,864 nipype.workflow INFO:
	 [Node] Setting-up "qsiprep_wf.single_subject_170417_wf.bidssrc" in "/out/tmp/qsiprep_wf/single_subject_170417_wf/bidssrc".
221022-22:10:25,784 nipype.workflow INFO:
	 [Node] Running "bidssrc" ("qsiprep.interfaces.bids.BIDSDataGrabber")
221022-22:10:26,719 nipype.interface WARNING:
	 No 't2w' images found for sub-<undefined>
221022-22:10:26,720 nipype.interface WARNING:
	 No 'flair' images found for sub-<undefined>
221022-22:10:26,721 nipype.interface WARNING:
	 No 'fmap' images found for sub-<undefined>
221022-22:10:26,721 nipype.interface WARNING:
	 No 'sbref' images found for sub-<undefined>
221022-22:10:27,149 nipype.interface WARNING:
	 No 'roi' images found for sub-<undefined>
221022-22:10:31,935 nipype.workflow INFO:
	 [Node] Finished "qsiprep_wf.single_subject_170417_wf.bidssrc".
221022-22:10:47,974 nipype.workflow INFO:
	 [Node] Setting-up "qsiprep_wf.single_subject_170417_wf.dwi_preproc_wf.pre_hmc_wf.merge_and_denoise_wf.conform_dwis01" in "/out/tmp/qsiprep_wf/single_subject_170417_wf/dwi_preproc_wf/pre_hmc_wf/merge_and_denoise_wf/conform_dwis01".
221022-22:10:51,166 nipype.workflow INFO:
	 [Node] Running "conform_dwis01" ("qsiprep.interfaces.images.ConformDwi")
221022-22:11:37,361 nipype.workflow INFO:
	 [Node] Setting-up "qsiprep_wf.single_subject_170417_wf.anat_preproc_wf.anat_template_wf.t1_template_dimensions" in "/out/tmp/qsiprep_wf/single_subject_170417_wf/anat_preproc_wf/anat_template_wf/t1_template_dimensions".
221022-22:12:40,217 nipype.utils WARNING:
	 A newer version (1.8.4) of nipy/nipype is available. You are using 1.6.1
221022-22:15:26,850 nipype.workflow INFO:
	 [Node] Running "t1_template_dimensions" ("qsiprep.niworkflows.interfaces.images.TemplateDimensions")
221022-22:15:44,718 nipype.workflow INFO:
	 [Node] Finished "qsiprep_wf.single_subject_170417_wf.anat_preproc_wf.anat_template_wf.t1_template_dimensions".
221022-22:16:31,663 nipype.workflow INFO:
	 [Node] Setting-up "qsiprep_wf.single_subject_170417_wf.anat_preproc_wf.anat_derivatives_wf.t1_name" in "/out/tmp/qsiprep_wf/single_subject_170417_wf/anat_preproc_wf/anat_derivatives_wf/t1_name".
221022-22:16:42,348 nipype.workflow INFO:
	 [Node] Running "t1_name" ("nipype.interfaces.utility.wrappers.Function")
221022-22:16:44,57 nipype.workflow INFO:
	 [Node] Finished "qsiprep_wf.single_subject_170417_wf.anat_preproc_wf.anat_derivatives_wf.t1_name".
221022-22:19:03,82 nipype.workflow INFO:
	 [Node] Setting-up "qsiprep_wf.single_subject_170417_wf.anat_preproc_wf.anat_template_wf.t1_conform" in "/out/tmp/qsiprep_wf/single_subject_170417_wf/anat_preproc_wf/anat_template_wf/t1_conform".
221022-22:19:06,366 nipype.workflow INFO:
	 [Node] Setting-up "_t1_conform0" in "/out/tmp/qsiprep_wf/single_subject_170417_wf/anat_preproc_wf/anat_template_wf/t1_conform/mapflow/_t1_conform0".
221022-22:19:08,89 nipype.workflow INFO:
	 [Node] Running "_t1_conform0" ("qsiprep.interfaces.images.Conform")
221022-22:20:43,83 nipype.interface WARNING:
	 Removing obliquity from image affine
221022-22:31:56,120 nipype.workflow INFO:
	 [Node] Finished "_t1_conform0".
221022-22:31:58,49 nipype.workflow INFO:
	 [Node] Finished "qsiprep_wf.single_subject_170417_wf.anat_preproc_wf.anat_template_wf.t1_conform".
221022-22:32:48,577 nipype.workflow INFO:
	 [Node] Setting-up "qsiprep_wf.single_subject_170417_wf.anat_preproc_wf.skullstrip_wf.t1_skull_strip" in "/out/tmp/qsiprep_wf/single_subject_170417_wf/anat_preproc_wf/skullstrip_wf/t1_skull_strip".
221022-22:36:07,931 nipype.workflow INFO:
	 [Node] Running "t1_skull_strip" ("nipype.interfaces.ants.segmentation.BrainExtraction"), a CommandLine Interface with command:
antsBrainExtraction.sh -a /out/tmp/qsiprep_wf/single_subject_170417_wf/anat_preproc_wf/anat_template_wf/t1_conform/mapflow/_t1_conform0/sub-170417_T1w_lps.nii.gz -m /out/tmp/qsiprep_wf/single_subject_170417_wf/anat_preproc_wf/skullstrip_wf/t1_skull_strip/tpl-OASIS30ANTs_res-01_class-brainmask_probtissue.nii.gz -e /niworkflows_data/tpl-OASIS30ANTs/tpl-OASIS30ANTs_res-01_T1w.nii.gz -d 3 -f /niworkflows_data/tpl-OASIS30ANTs/tpl-OASIS30ANTs_res-01_label-BrainCerebellumExtraction_roi.nii.gz -s nii.gz -k 1 -o highres001_ -q 1 -u 1
221022-22:41:40,909 nipype.interface INFO:
	 Not applying reorientation to /data/sub-170417/dwi/sub-170417_dwi.nii.gz: already in LAS
221022-22:41:48,713 nipype.workflow INFO:
	 [Node] Finished "qsiprep_wf.single_subject_170417_wf.dwi_preproc_wf.pre_hmc_wf.merge_and_denoise_wf.conform_dwis01".
221022-22:42:22,381 nipype.workflow INFO:
	 [Node] Setting-up "qsiprep_wf.single_subject_170417_wf.dwi_preproc_wf.pre_hmc_wf.merge_and_denoise_wf.conformed_images" in "/out/tmp/qsiprep_wf/single_subject_170417_wf/dwi_preproc_wf/pre_hmc_wf/merge_and_denoise_wf/conformed_images".
221022-22:42:22,616 nipype.workflow INFO:
	 [Node] Setting-up "qsiprep_wf.single_subject_170417_wf.dwi_preproc_wf.pre_hmc_wf.merge_and_denoise_wf.conformed_raw_images" in "/out/tmp/qsiprep_wf/single_subject_170417_wf/dwi_preproc_wf/pre_hmc_wf/merge_and_denoise_wf/conformed_raw_images".
221022-22:47:03,480 nipype.workflow INFO:
	 [Node] Running "conformed_images" ("nipype.interfaces.utility.base.Merge")
221022-22:47:05,148 nipype.workflow INFO:
	 [Node] Running "conformed_raw_images" ("nipype.interfaces.utility.base.Merge")
221022-22:47:08,481 nipype.workflow INFO:
	 [Node] Finished "qsiprep_wf.single_subject_170417_wf.dwi_preproc_wf.pre_hmc_wf.merge_and_denoise_wf.conformed_images".
221022-22:47:09,827 nipype.workflow INFO:
	 [Node] Finished "qsiprep_wf.single_subject_170417_wf.dwi_preproc_wf.pre_hmc_wf.merge_and_denoise_wf.conformed_raw_images".
221022-22:47:43,61 nipype.workflow INFO:
	 [Node] Setting-up "qsiprep_wf.single_subject_170417_wf.dwi_preproc_wf.pre_hmc_wf.merge_and_denoise_wf.conformed_bvals" in "/out/tmp/qsiprep_wf/single_subject_170417_wf/dwi_preproc_wf/pre_hmc_wf/merge_and_denoise_wf/conformed_bvals".
221022-22:47:43,451 nipype.workflow INFO:
	 [Node] Setting-up "qsiprep_wf.single_subject_170417_wf.dwi_preproc_wf.pre_hmc_wf.merge_and_denoise_wf.conformed_bvecs" in "/out/tmp/qsiprep_wf/single_subject_170417_wf/dwi_preproc_wf/pre_hmc_wf/merge_and_denoise_wf/conformed_bvecs".
221022-22:51:50,636 nipype.workflow INFO:
	 [Node] Running "conformed_bvecs" ("nipype.interfaces.utility.base.Merge")
221022-22:51:51,345 nipype.workflow INFO:
	 [Node] Running "conformed_bvals" ("nipype.interfaces.utility.base.Merge")
221022-22:51:55,204 nipype.workflow INFO:
	 [Node] Finished "qsiprep_wf.single_subject_170417_wf.dwi_preproc_wf.pre_hmc_wf.merge_and_denoise_wf.conformed_bvecs".
221022-22:51:55,942 nipype.workflow INFO:
	 [Node] Finished "qsiprep_wf.single_subject_170417_wf.dwi_preproc_wf.pre_hmc_wf.merge_and_denoise_wf.conformed_bvals".
221022-22:52:35,842 nipype.workflow INFO:
	 [Node] Setting-up "qsiprep_wf.single_subject_170417_wf.dwi_preproc_wf.pre_hmc_wf.merge_and_denoise_wf.conformation_reports" in "/out/tmp/qsiprep_wf/single_subject_170417_wf/dwi_preproc_wf/pre_hmc_wf/merge_and_denoise_wf/conformation_reports".
221022-22:52:37,370 nipype.workflow INFO:
	 [Node] Setting-up "qsiprep_wf.single_subject_170417_wf.dwi_preproc_wf.pre_hmc_wf.merge_and_denoise_wf.raw_merge" in "/out/tmp/qsiprep_wf/single_subject_170417_wf/dwi_preproc_wf/pre_hmc_wf/merge_and_denoise_wf/raw_merge".
221022-22:52:38,585 nipype.workflow INFO:
	 [Node] Running "conformation_reports" ("nipype.interfaces.utility.base.Merge")
221022-22:52:40,836 nipype.workflow INFO:
	 [Node] Running "raw_merge" ("qsiprep.interfaces.nilearn.Merge")
221022-22:52:42,797 nipype.workflow INFO:
	 [Node] Finished "qsiprep_wf.single_subject_170417_wf.dwi_preproc_wf.pre_hmc_wf.merge_and_denoise_wf.conformation_reports".
221022-22:57:12,77 nipype.workflow INFO:
	 [Node] Setting-up "qsiprep_wf.single_subject_170417_wf.dwi_preproc_wf.pre_hmc_wf.merge_and_denoise_wf.merge_dwis" in "/out/tmp/qsiprep_wf/single_subject_170417_wf/dwi_preproc_wf/pre_hmc_wf/merge_and_denoise_wf/merge_dwis".
221022-22:57:18,83 nipype.workflow INFO:
	 [Node] Running "merge_dwis" ("qsiprep.interfaces.dwi_merge.MergeDWIs")
221022-22:59:27,279 nipype.workflow WARNING:
	 Storing result file without outputs
221022-22:59:28,297 nipype.workflow WARNING:
	 [Node] Error on "qsiprep_wf.single_subject_170417_wf.dwi_preproc_wf.pre_hmc_wf.merge_and_denoise_wf.raw_merge" (/out/tmp/qsiprep_wf/single_subject_170417_wf/dwi_preproc_wf/pre_hmc_wf/merge_and_denoise_wf/raw_merge)
221022-22:59:36,149 nipype.workflow ERROR:
	 Node raw_merge failed to run on host c473-041.stampede2.tacc.utexas.edu.
221022-22:59:39,862 nipype.workflow ERROR:
	 Saving crash info to /out/qsiprep/sub-170417/log/20221022-215253_2afde669-336e-4f40-8b8f-eafbdbda5910/crash-20221022-225938-tg881334-raw_merge-cfdc6546-a326-40f5-8702-8ca52c8dd454.txt
Traceback (most recent call last):
  File "/usr/local/miniconda/lib/python3.7/site-packages/nipype/interfaces/base/core.py", line 428, in run
    runtime = self._run_interface(runtime)
  File "/usr/local/miniconda/lib/python3.7/site-packages/qsiprep/interfaces/nilearn.py", line 133, in _run_interface
    new_nii = concat_imgs(self.inputs.in_files, dtype=self.inputs.dtype)
  File "/usr/local/miniconda/lib/python3.7/site-packages/nilearn/_utils/niimg_conversions.py", line 482, in concat_niimgs
    order="F", dtype=dtype)
MemoryError: Unable to allocate 481. MiB for an array with shape (256, 256, 74, 26) and data type float32

During handling of the above exception, another exception occurred:

Traceback (most recent call last):
  File "/usr/local/miniconda/lib/python3.7/site-packages/nipype/pipeline/plugins/multiproc.py", line 67, in run_node
    result["result"] = node.run(updatehash=updatehash)
  File "/usr/local/miniconda/lib/python3.7/site-packages/nipype/pipeline/engine/nodes.py", line 516, in run
    result = self._run_interface(execute=True)
  File "/usr/local/miniconda/lib/python3.7/site-packages/nipype/pipeline/engine/nodes.py", line 635, in _run_interface
    return self._run_command(execute)
  File "/usr/local/miniconda/lib/python3.7/site-packages/nipype/pipeline/engine/nodes.py", line 741, in _run_command
    result = self._interface.run(cwd=outdir)
  File "/usr/local/miniconda/lib/python3.7/site-packages/nipype/interfaces/base/core.py", line 445, in run
    runtime.traceback_args = ("\n".join(["%s" % arg for arg in exc_args]),)
  File "/usr/local/miniconda/lib/python3.7/site-packages/nipype/interfaces/base/core.py", line 445, in <listcomp>
    runtime.traceback_args = ("\n".join(["%s" % arg for arg in exc_args]),)
TypeError: not all arguments converted during string formatting

221022-23:04:11,828 nipype.workflow WARNING:
	 Storing result file without outputs
221022-23:04:12,375 nipype.workflow WARNING:
	 [Node] Error on "qsiprep_wf.single_subject_170417_wf.dwi_preproc_wf.pre_hmc_wf.merge_and_denoise_wf.merge_dwis" (/out/tmp/qsiprep_wf/single_subject_170417_wf/dwi_preproc_wf/pre_hmc_wf/merge_and_denoise_wf/merge_dwis)
221022-23:04:26,773 nipype.workflow ERROR:
	 Node merge_dwis failed to run on host c473-041.stampede2.tacc.utexas.edu.
221022-23:04:28,666 nipype.workflow ERROR:
	 Saving crash info to /out/qsiprep/sub-170417/log/20221022-215253_2afde669-336e-4f40-8b8f-eafbdbda5910/crash-20221022-230428-tg881334-merge_dwis-cb95891c-74d0-4335-8d2e-57feca2c37fa.txt
Traceback (most recent call last):
  File "/usr/local/miniconda/lib/python3.7/site-packages/nipype/interfaces/base/core.py", line 428, in run
    runtime = self._run_interface(runtime)
  File "/usr/local/miniconda/lib/python3.7/site-packages/qsiprep/interfaces/dwi_merge.py", line 64, in _run_interface
    self.inputs.harmonize_b0_intensities)
  File "/usr/local/miniconda/lib/python3.7/site-packages/qsiprep/interfaces/dwi_merge.py", line 501, in harmonize_b0s
    harmonized_niis.append(math_img('img*%.32f' % correction, img=nii_img))
  File "/usr/local/miniconda/lib/python3.7/site-packages/nilearn/image/image.py", line 925, in math_img
    result = eval(formula, data_dict)
  File "<string>", line 1, in <module>
MemoryError: Unable to allocate 962. MiB for an array with shape (256, 256, 74, 26) and data type float64

During handling of the above exception, another exception occurred:

Traceback (most recent call last):
  File "/usr/local/miniconda/lib/python3.7/site-packages/nipype/pipeline/plugins/multiproc.py", line 67, in run_node
    result["result"] = node.run(updatehash=updatehash)
  File "/usr/local/miniconda/lib/python3.7/site-packages/nipype/pipeline/engine/nodes.py", line 516, in run
    result = self._run_interface(execute=True)
  File "/usr/local/miniconda/lib/python3.7/site-packages/nipype/pipeline/engine/nodes.py", line 635, in _run_interface
    return self._run_command(execute)
  File "/usr/local/miniconda/lib/python3.7/site-packages/nipype/pipeline/engine/nodes.py", line 741, in _run_command
    result = self._interface.run(cwd=outdir)
  File "/usr/local/miniconda/lib/python3.7/site-packages/nipype/interfaces/base/core.py", line 445, in run
    runtime.traceback_args = ("\n".join(["%s" % arg for arg in exc_args]),)
  File "/usr/local/miniconda/lib/python3.7/site-packages/nipype/interfaces/base/core.py", line 445, in <listcomp>
    runtime.traceback_args = ("\n".join(["%s" % arg for arg in exc_args]),)
TypeError: not all arguments converted during string formatting

221022-23:25:32,767 nipype.workflow WARNING:
	 Storing result file without outputs
221022-23:25:33,796 nipype.workflow WARNING:
	 [Node] Error on "qsiprep_wf.single_subject_170417_wf.anat_preproc_wf.skullstrip_wf.t1_skull_strip" (/out/tmp/qsiprep_wf/single_subject_170417_wf/anat_preproc_wf/skullstrip_wf/t1_skull_strip)
221022-23:25:49,572 nipype.workflow ERROR:
	 Node t1_skull_strip failed to run on host c473-041.stampede2.tacc.utexas.edu.
221022-23:25:51,730 nipype.workflow ERROR:
	 Saving crash info to /out/qsiprep/sub-170417/log/20221022-215253_2afde669-336e-4f40-8b8f-eafbdbda5910/crash-20221022-232551-tg881334-t1_skull_strip-3afc546e-f449-4e90-969a-3cd2a13ba9f1.txt
Traceback (most recent call last):
  File "/usr/local/miniconda/lib/python3.7/site-packages/nipype/pipeline/plugins/multiproc.py", line 67, in run_node
    result["result"] = node.run(updatehash=updatehash)
  File "/usr/local/miniconda/lib/python3.7/site-packages/nipype/pipeline/engine/nodes.py", line 516, in run
    result = self._run_interface(execute=True)
  File "/usr/local/miniconda/lib/python3.7/site-packages/nipype/pipeline/engine/nodes.py", line 635, in _run_interface
    return self._run_command(execute)
  File "/usr/local/miniconda/lib/python3.7/site-packages/nipype/pipeline/engine/nodes.py", line 741, in _run_command
    result = self._interface.run(cwd=outdir)
  File "/usr/local/miniconda/lib/python3.7/site-packages/nipype/interfaces/base/core.py", line 428, in run
    runtime = self._run_interface(runtime)
  File "/usr/local/miniconda/lib/python3.7/site-packages/nipype/interfaces/ants/segmentation.py", line 1009, in _run_interface
    runtime = super(BrainExtraction, self)._run_interface(runtime)
  File "/usr/local/miniconda/lib/python3.7/site-packages/nipype/interfaces/base/core.py", line 822, in _run_interface
    self.raise_exception(runtime)
  File "/usr/local/miniconda/lib/python3.7/site-packages/nipype/interfaces/base/core.py", line 753, in raise_exception
    ).format(**runtime.dictcopy())
RuntimeError: Command:
antsBrainExtraction.sh -a /out/tmp/qsiprep_wf/single_subject_170417_wf/anat_preproc_wf/anat_template_wf/t1_conform/mapflow/_t1_conform0/sub-170417_T1w_lps.nii.gz -m /out/tmp/qsiprep_wf/single_subject_170417_wf/anat_preproc_wf/skullstrip_wf/t1_skull_strip/tpl-OASIS30ANTs_res-01_class-brainmask_probtissue.nii.gz -e /niworkflows_data/tpl-OASIS30ANTs/tpl-OASIS30ANTs_res-01_T1w.nii.gz -d 3 -f /niworkflows_data/tpl-OASIS30ANTs/tpl-OASIS30ANTs_res-01_label-BrainCerebellumExtraction_roi.nii.gz -s nii.gz -k 1 -o highres001_ -q 1 -u 1
Standard output:
 
Will run Atropos segmentation with K=3. Classes labeled in order of mean intensity. Assuming CSF=1, GM=2, WM=3

The output directory "highres001_" does not exist. Making it.
---------------------  Running antsBrainExtraction.sh on c473-041.stampede2.tacc.utexas.edu  ---------------------

--------------------------------------------------------------------------------------
 Bias correction of anatomical images (pre brain extraction)
   1) pre-process by truncating the image intensities
   2) run N4
--------------------------------------------------------------------------------------

BEGIN >>>>>>>>>>>>>>>>>>>>
/opt/ants-latest/bin/ImageMath 3 highres001_N4Truncated0.nii.gz TruncateImageIntensity /out/tmp/qsiprep_wf/single_subject_170417_wf/anat_preproc_wf/anat_template_wf/t1_conform/mapflow/_t1_conform0/sub-170417_T1w_lps.nii.gz 0.01 0.999 256
END   <<<<<<<<<<<<<<<<<<<<


BEGIN >>>>>>>>>>>>>>>>>>>>
/opt/ants-latest/bin/N4BiasFieldCorrection -d 3 -i highres001_N4Truncated0.nii.gz -s 4 -c [ 50x50x50x50,0.0000001 ] -b [ 200 ] -o highres001_N4Corrected0.nii.gz --verbose 1

Running N4 for 3-dimensional images.

Mask not read.  Using the entire image as the mask.

Original intensity range:  [2.5181, 6127.85]
ERROR: command exited with nonzero status 134
Command: /opt/ants-latest/bin/N4BiasFieldCorrection -d 3 -i highres001_N4Truncated0.nii.gz -s 4 -c [ 50x50x50x50,0.0000001 ] -b [ 200 ] -o highres001_N4Corrected0.nii.gz --verbose 1

Standard error:

    Using antsBrainExtraction with the following arguments:
      image dimension         = 3
      anatomical image        = /out/tmp/qsiprep_wf/single_subject_170417_wf/anat_preproc_wf/anat_template_wf/t1_conform/mapflow/_t1_conform0/sub-170417_T1w_lps.nii.gz
      extraction template     = /niworkflows_data/tpl-OASIS30ANTs/tpl-OASIS30ANTs_res-01_T1w.nii.gz
      extraction reg. mask    = /niworkflows_data/tpl-OASIS30ANTs/tpl-OASIS30ANTs_res-01_label-BrainCerebellumExtraction_roi.nii.gz
      extraction prior        = /out/tmp/qsiprep_wf/single_subject_170417_wf/anat_preproc_wf/skullstrip_wf/t1_skull_strip/tpl-OASIS30ANTs_res-01_class-brainmask_probtissue.nii.gz
      output prefix           = highres001_
      output image suffix     = nii.gz

    N4 parameters (pre brain extraction):
      convergence             = [ 50x50x50x50,0.0000001 ]
      shrink factor           = 4
      B-spline parameters     = [ 200 ]

    Atropos parameters (extraction):
       convergence            = [ 3,0.0 ]
       likelihood             = Gaussian
       initialization         = kmeans[ 3 ]
       mrf                    = [ 0.1,1x1x1 ]
       use clock random seed  = 1

terminate called after throwing an instance of 'itk::MemoryAllocationError'
  what():  /tmp/ants/build/staging/include/ITK-5.1/itkImportImageContainer.hxx:192:
Failed to allocate memory for image.
/opt/ants-latest/bin/antsBrainExtraction.sh: line 117: 252974 Aborted                 ( "$@" )
Return code: 1

221022-23:25:55,667 nipype.workflow ERROR:
	 could not run node: qsiprep_wf.single_subject_170417_wf.dwi_preproc_wf.pre_hmc_wf.merge_and_denoise_wf.raw_merge
221022-23:25:57,543 nipype.workflow ERROR:
	 could not run node: qsiprep_wf.single_subject_170417_wf.dwi_preproc_wf.pre_hmc_wf.merge_and_denoise_wf.merge_dwis
221022-23:25:59,779 nipype.workflow ERROR:
	 could not run node: qsiprep_wf.single_subject_170417_wf.anat_preproc_wf.skullstrip_wf.t1_skull_strip
