221020-00:29:13,501 nipype.workflow INFO:
	 Running with omp_nthreads=8, nthreads=272
221020-00:29:13,522 nipype.workflow IMPORTANT:
	 
    Running qsiprep version 0.14.3:
      * BIDS dataset path: /data.
      * Participant list: ['200107'].
      * Run identifier: 20221020-002859_2beaddc6-a049-4af9-964d-91ef15107277.
    
221020-00:29:14,250 nipype.utils WARNING:
	 A newer version (1.8.4) of nipy/nipype is available. You are using 1.6.1
221020-00:29:30,704 nipype.workflow INFO:
	 Combining all 1 dwis within the single available session
221020-00:29:31,175 nipype.workflow INFO:
	 [{'dwi_series': ['/data/sub-200107/dwi/sub-200107_dwi.nii.gz'], 'fieldmap_info': {'suffix': None}, 'dwi_series_pedir': 'j', 'concatenated_bids_name': 'sub-200107'}]
221020-00:29:32,130 nipype.workflow IMPORTANT:
	 Creating dwi processing workflow "dwi_preproc_wf" to produce output sub-200107 (1.03 GB / 36 DWIs). Memory resampled/largemem=1.13/1.16 GB.
221020-00:29:32,207 nipype.workflow INFO:
	 Automatically using 5, 5, 5 window for dwidenoise
221020-00:29:33,181 nipype.workflow INFO:
	 Using 8 threads in eddy
221020-00:30:03,328 nipype.workflow IMPORTANT:
	 Works derived from this qsiprep execution should include the following boilerplate:


Preprocessing was performed using *QSIPrep* 0.14.3,
which is based on *Nipype* 1.6.1
(@nipype1; @nipype2; RRID:SCR_002502).

Anatomical data preprocessing

: The T1-weighted (T1w) image was corrected for intensity non-uniformity (INU)
using `N4BiasFieldCorrection` [@n4, ANTs 2.3.1],
and used as T1w-reference throughout the workflow.
The T1w-reference was then skull-stripped using `antsBrainExtraction.sh`
(ANTs 2.3.1), using OASIS as target template.
Brain surfaces were reconstructed using `recon-all` [FreeSurfer 6.0.1,
RRID:SCR_001847, @fs_reconall], and the brain mask estimated
previously was refined with a custom variation of the method to reconcile
ANTs-derived and FreeSurfer-derived segmentations of the cortical
gray-matter of Mindboggle [RRID:SCR_002438, @mindboggle].
Spatial normalization to the ICBM 152 Nonlinear Asymmetrical
template version 2009c [@mni, RRID:SCR_008796] was performed
through nonlinear registration with `antsRegistration`
[ANTs 2.3.1, RRID:SCR_004757, @ants], using
brain-extracted versions of both T1w volume and template.
Brain tissue segmentation of cerebrospinal fluid (CSF),
white-matter (WM) and gray-matter (GM) was performed on
the brain-extracted T1w using `FAST` [FSL 6.0.3:b862cdd5, RRID:SCR_002823,
@fsl_fast].


Diffusion data preprocessing

: Any images with a b-value less than 100 s/mm^2 were treated as a *b*=0 image. MP-PCA denoising as implemented in MRtrix3's `dwidenoise`[@dwidenoise1] was applied with a 5-voxel window. After MP-PCA, Gibbs unringing was performed using MRtrix3's `mrdegibbs` [@mrdegibbs]. Following unringing, B1 field inhomogeneity was corrected using `dwibiascorrect` from MRtrix3 with the N4 algorithm [@n4]. After B1 bias correction, the mean intensity of the DWI series was adjusted so all the mean intensity of the b=0 images matched across eachseparate DWI scanning sequence.

FSL (version 6.0.3:b862cdd5)'s eddy was used for head motion correction and Eddy current correction [@anderssoneddy]. Eddy was configured with a $q$-space smoothing factor of 10, a total of 5 iterations, and 1000 voxels used to estimate hyperparameters. A linear first level model and a linear second level model were used to characterize Eddy current-related spatial distortion. $q$-space coordinates were forcefully assigned to shells. Field offset was attempted to be separated from subject movement. Shells were aligned post-eddy. Eddy's outlier replacement was run [@eddyrepol]. Data were grouped by slice, only including values from slices determined to contain at least 250 intracerebral voxels. Groups deviating by more than 4 standard deviations from the prediction had their data replaced with imputed values. Final interpolation was performed using the `jac` method.

Several confounding time-series were calculated based on the
preprocessed DWI: framewise displacement (FD) using the
implementation in *Nipype* [following the definitions by @power_fd_dvars].
The head-motion estimates calculated in the correction step were also
placed within the corresponding confounds file. Slicewise cross correlation
was also calculated.
The DWI time-series were resampled to ACPC,
generating a *preprocessed DWI run in ACPC space* with 1.2mm isotropic voxels.


Many internal operations of *QSIPrep* use
*Nilearn* 0.8.1 [@nilearn, RRID:SCR_001362] and
*Dipy* [@dipy].
For more details of the pipeline, see [the section corresponding
to workflows in *QSIPrep*'s documentation](https://qsiprep.readthedocs.io/en/latest/workflows.html "QSIPrep's documentation").


### References


221020-00:30:13,743 nipype.workflow WARNING:
	 Could not generate CITATION.html file:
pandoc -s --bibliography /usr/local/miniconda/lib/python3.7/site-packages/qsiprep/data/boilerplate.bib --filter pandoc-citeproc /out/qsiprep/logs/CITATION.md -o /out/qsiprep/logs/CITATION.html
221020-00:32:45,522 nipype.workflow ERROR:
	 Node fsdir failed to run on host c473-051.stampede2.tacc.utexas.edu.
221020-00:32:45,832 nipype.workflow ERROR:
	 Saving crash info to /out/qsiprep/logs/crash-20221020-003245-tg881334-fsdir-fb860067-3ea1-48f7-9f70-02763b75775d.txt
Traceback (most recent call last):
  File "/usr/local/miniconda/lib/python3.7/shutil.py", line 557, in move
    os.rename(src, real_dst)
FileNotFoundError: [Errno 2] No such file or directory: '/out/tmp/qsiprep_wf/fsdir/_0x6d16861e0e5edba2d23a946bf51fab20_unfinished.json' -> '/out/tmp/qsiprep_wf/fsdir/_0x6d16861e0e5edba2d23a946bf51fab20.json'

During handling of the above exception, another exception occurred:

Traceback (most recent call last):
  File "/usr/local/miniconda/lib/python3.7/site-packages/nipype/pipeline/plugins/multiproc.py", line 344, in _send_procs_to_workers
    self.procs[jobid].run(updatehash=updatehash)
  File "/usr/local/miniconda/lib/python3.7/site-packages/nipype/pipeline/engine/nodes.py", line 531, in run
    shutil.move(hashfile_unfinished, hashfile_unfinished.replace("_unfinished", ""))
  File "/usr/local/miniconda/lib/python3.7/shutil.py", line 571, in move
    copy_function(src, real_dst)
  File "/usr/local/miniconda/lib/python3.7/shutil.py", line 257, in copy2
    copyfile(src, dst, follow_symlinks=follow_symlinks)
  File "/usr/local/miniconda/lib/python3.7/shutil.py", line 120, in copyfile
    with open(src, 'rb') as fsrc:
FileNotFoundError: [Errno 2] No such file or directory: '/out/tmp/qsiprep_wf/fsdir/_0x6d16861e0e5edba2d23a946bf51fab20_unfinished.json'

221020-00:33:35,229 nipype.workflow INFO:
	 [Node] Setting-up "qsiprep_wf.single_subject_200107_wf.dwi_preproc_wf.pre_hmc_wf.merge_and_denoise_wf.conformed_images" in "/out/tmp/qsiprep_wf/single_subject_200107_wf/dwi_preproc_wf/pre_hmc_wf/merge_and_denoise_wf/conformed_images".
2022-10-20 00:33:42,188 [WARNING] DueCredit internal failure while running <function _get_active_due at 0x2b8607092400>: MemoryError(). Please report to developers at https://github.com/duecredit/duecredit/issues (utils.py:194)
221020-00:34:58,968 nipype.workflow INFO:
	 Running with omp_nthreads=8, nthreads=272
221020-00:34:58,998 nipype.workflow IMPORTANT:
	 
    Running qsiprep version 0.14.3:
      * BIDS dataset path: /data.
      * Participant list: ['200079'].
      * Run identifier: 20221020-003430_5cdb4e0a-90a9-41f2-ac5d-0ea3c0a45e4d.
    
221020-00:34:59,983 nipype.utils WARNING:
	 A newer version (1.8.4) of nipy/nipype is available. You are using 1.6.1
221020-00:35:30,327 nipype.workflow INFO:
	 Combining all 1 dwis within the single available session
221020-00:35:31,566 nipype.workflow INFO:
	 [{'dwi_series': ['/data/sub-200079/dwi/sub-200079_dwi.nii.gz'], 'fieldmap_info': {'suffix': None}, 'dwi_series_pedir': 'j', 'concatenated_bids_name': 'sub-200079'}]
221020-00:35:33,61 nipype.workflow IMPORTANT:
	 Creating dwi processing workflow "dwi_preproc_wf" to produce output sub-200079 (1.03 GB / 36 DWIs). Memory resampled/largemem=1.12/1.15 GB.
221020-00:35:33,274 nipype.workflow INFO:
	 Automatically using 5, 5, 5 window for dwidenoise
221020-00:35:35,539 nipype.workflow INFO:
	 Using 8 threads in eddy
221020-00:36:29,969 nipype.workflow IMPORTANT:
	 Works derived from this qsiprep execution should include the following boilerplate:


Preprocessing was performed using *QSIPrep* 0.14.3,
which is based on *Nipype* 1.6.1
(@nipype1; @nipype2; RRID:SCR_002502).

Anatomical data preprocessing

: The T1-weighted (T1w) image was corrected for intensity non-uniformity (INU)
using `N4BiasFieldCorrection` [@n4, ANTs 2.3.1],
and used as T1w-reference throughout the workflow.
The T1w-reference was then skull-stripped using `antsBrainExtraction.sh`
(ANTs 2.3.1), using OASIS as target template.
Brain surfaces were reconstructed using `recon-all` [FreeSurfer 6.0.1,
RRID:SCR_001847, @fs_reconall], and the brain mask estimated
previously was refined with a custom variation of the method to reconcile
ANTs-derived and FreeSurfer-derived segmentations of the cortical
gray-matter of Mindboggle [RRID:SCR_002438, @mindboggle].
Spatial normalization to the ICBM 152 Nonlinear Asymmetrical
template version 2009c [@mni, RRID:SCR_008796] was performed
through nonlinear registration with `antsRegistration`
[ANTs 2.3.1, RRID:SCR_004757, @ants], using
brain-extracted versions of both T1w volume and template.
Brain tissue segmentation of cerebrospinal fluid (CSF),
white-matter (WM) and gray-matter (GM) was performed on
the brain-extracted T1w using `FAST` [FSL 6.0.3:b862cdd5, RRID:SCR_002823,
@fsl_fast].


Diffusion data preprocessing

: Any images with a b-value less than 100 s/mm^2 were treated as a *b*=0 image. MP-PCA denoising as implemented in MRtrix3's `dwidenoise`[@dwidenoise1] was applied with a 5-voxel window. After MP-PCA, Gibbs unringing was performed using MRtrix3's `mrdegibbs` [@mrdegibbs]. Following unringing, B1 field inhomogeneity was corrected using `dwibiascorrect` from MRtrix3 with the N4 algorithm [@n4]. After B1 bias correction, the mean intensity of the DWI series was adjusted so all the mean intensity of the b=0 images matched across eachseparate DWI scanning sequence.

FSL (version 6.0.3:b862cdd5)'s eddy was used for head motion correction and Eddy current correction [@anderssoneddy]. Eddy was configured with a $q$-space smoothing factor of 10, a total of 5 iterations, and 1000 voxels used to estimate hyperparameters. A linear first level model and a linear second level model were used to characterize Eddy current-related spatial distortion. $q$-space coordinates were forcefully assigned to shells. Field offset was attempted to be separated from subject movement. Shells were aligned post-eddy. Eddy's outlier replacement was run [@eddyrepol]. Data were grouped by slice, only including values from slices determined to contain at least 250 intracerebral voxels. Groups deviating by more than 4 standard deviations from the prediction had their data replaced with imputed values. Final interpolation was performed using the `jac` method.

Several confounding time-series were calculated based on the
preprocessed DWI: framewise displacement (FD) using the
implementation in *Nipype* [following the definitions by @power_fd_dvars].
The head-motion estimates calculated in the correction step were also
placed within the corresponding confounds file. Slicewise cross correlation
was also calculated.
The DWI time-series were resampled to ACPC,
generating a *preprocessed DWI run in ACPC space* with 1.2mm isotropic voxels.


Many internal operations of *QSIPrep* use
*Nilearn* 0.8.1 [@nilearn, RRID:SCR_001362] and
*Dipy* [@dipy].
For more details of the pipeline, see [the section corresponding
to workflows in *QSIPrep*'s documentation](https://qsiprep.readthedocs.io/en/latest/workflows.html "QSIPrep's documentation").


### References


221020-00:36:40,287 nipype.workflow WARNING:
	 Could not generate CITATION.html file:
pandoc -s --bibliography /usr/local/miniconda/lib/python3.7/site-packages/qsiprep/data/boilerplate.bib --filter pandoc-citeproc /out/qsiprep/logs/CITATION.md -o /out/qsiprep/logs/CITATION.html
221020-00:38:36,838 nipype.workflow INFO:
	 [Node] Setting-up "qsiprep_wf.single_subject_200079_wf.anat_preproc_wf.output_grid_wf.deoblique_autobox" in "/out/tmp/qsiprep_wf/single_subject_200079_wf/anat_preproc_wf/output_grid_wf/deoblique_autobox".
221020-00:38:36,977 nipype.workflow INFO:
	 [Node] Running "deoblique_autobox" ("nipype.interfaces.afni.preprocess.Warp"), a CommandLine Interface with command:
3dWarp -deoblique -prefix mni_1mm_t1w_lps_autobox_warp.nii.gz /out/tmp/qsiprep_wf/single_subject_200079_wf/anat_preproc_wf/output_grid_wf/deoblique_autobox/mni_1mm_t1w_lps_autobox.nii.gz
221020-00:38:49,769 nipype.workflow INFO:
	 [Node] Finished "qsiprep_wf.single_subject_200079_wf.anat_preproc_wf.output_grid_wf.deoblique_autobox".
221020-00:38:58,623 nipype.workflow INFO:
	 [Node] Setting-up "qsiprep_wf.single_subject_200079_wf.anat_preproc_wf.output_grid_wf.resample_to_voxel_size" in "/out/tmp/qsiprep_wf/single_subject_200079_wf/anat_preproc_wf/output_grid_wf/resample_to_voxel_size".
221020-00:38:58,720 nipype.workflow INFO:
	 [Node] Running "resample_to_voxel_size" ("nipype.interfaces.afni.utils.Resample"), a CommandLine Interface with command:
3dresample -prefix mni_1mm_t1w_lps_autobox_warp_resample.nii.gz -dxyz 1.200000 1.200000 1.200000 -inset /out/tmp/qsiprep_wf/single_subject_200079_wf/anat_preproc_wf/output_grid_wf/resample_to_voxel_size/mni_1mm_t1w_lps_autobox_warp.nii.gz
221020-00:39:03,471 nipype.workflow INFO:
	 [Node] Finished "qsiprep_wf.single_subject_200079_wf.anat_preproc_wf.output_grid_wf.resample_to_voxel_size".
221020-00:39:15,504 nipype.workflow INFO:
	 [Node] Setting-up "qsiprep_wf.single_subject_200079_wf.dwi_preproc_wf.pre_hmc_wf.merge_and_denoise_wf.conform_dwis01" in "/out/tmp/qsiprep_wf/single_subject_200079_wf/dwi_preproc_wf/pre_hmc_wf/merge_and_denoise_wf/conform_dwis01".
221020-00:39:16,15 nipype.workflow INFO:
	 [Node] Running "conform_dwis01" ("qsiprep.interfaces.images.ConformDwi")
221020-00:39:16,748 nipype.workflow INFO:
	 [Node] Setting-up "qsiprep_wf.single_subject_200079_wf.bidssrc" in "/out/tmp/qsiprep_wf/single_subject_200079_wf/bidssrc".
221020-00:39:17,161 nipype.workflow INFO:
	 [Node] Running "bidssrc" ("qsiprep.interfaces.bids.BIDSDataGrabber")
221020-00:39:17,273 nipype.interface WARNING:
	 No 't2w' images found for sub-<undefined>
221020-00:39:17,274 nipype.interface WARNING:
	 No 'flair' images found for sub-<undefined>
221020-00:39:17,275 nipype.interface WARNING:
	 No 'fmap' images found for sub-<undefined>
221020-00:39:17,275 nipype.interface WARNING:
	 No 'sbref' images found for sub-<undefined>
221020-00:39:17,359 nipype.interface WARNING:
	 No 'roi' images found for sub-<undefined>
221020-00:39:17,998 nipype.workflow INFO:
	 [Node] Finished "qsiprep_wf.single_subject_200079_wf.bidssrc".
221020-00:39:18,193 nipype.interface INFO:
	 Not applying reorientation to /data/sub-200079/dwi/sub-200079_dwi.nii.gz: already in LAS
221020-00:39:18,792 nipype.workflow INFO:
	 [Node] Finished "qsiprep_wf.single_subject_200079_wf.dwi_preproc_wf.pre_hmc_wf.merge_and_denoise_wf.conform_dwis01".
221020-00:39:34,730 nipype.workflow INFO:
	 [Node] Setting-up "qsiprep_wf.single_subject_200079_wf.dwi_preproc_wf.pre_hmc_wf.merge_and_denoise_wf.conformed_images" in "/out/tmp/qsiprep_wf/single_subject_200079_wf/dwi_preproc_wf/pre_hmc_wf/merge_and_denoise_wf/conformed_images".
221020-00:39:34,786 nipype.workflow INFO:
	 [Node] Setting-up "qsiprep_wf.single_subject_200079_wf.dwi_preproc_wf.pre_hmc_wf.merge_and_denoise_wf.conformed_raw_images" in "/out/tmp/qsiprep_wf/single_subject_200079_wf/dwi_preproc_wf/pre_hmc_wf/merge_and_denoise_wf/conformed_raw_images".
221020-00:39:34,817 nipype.workflow INFO:
	 [Node] Setting-up "qsiprep_wf.single_subject_200079_wf.dwi_preproc_wf.pre_hmc_wf.merge_and_denoise_wf.conformed_bvals" in "/out/tmp/qsiprep_wf/single_subject_200079_wf/dwi_preproc_wf/pre_hmc_wf/merge_and_denoise_wf/conformed_bvals".
221020-00:39:34,972 nipype.workflow INFO:
	 [Node] Setting-up "qsiprep_wf.single_subject_200079_wf.dwi_preproc_wf.pre_hmc_wf.merge_and_denoise_wf.conformed_bvecs" in "/out/tmp/qsiprep_wf/single_subject_200079_wf/dwi_preproc_wf/pre_hmc_wf/merge_and_denoise_wf/conformed_bvecs".
221020-00:39:35,106 nipype.workflow INFO:
	 [Node] Setting-up "qsiprep_wf.single_subject_200079_wf.dwi_preproc_wf.pre_hmc_wf.merge_and_denoise_wf.conformation_reports" in "/out/tmp/qsiprep_wf/single_subject_200079_wf/dwi_preproc_wf/pre_hmc_wf/merge_and_denoise_wf/conformation_reports".
221020-00:39:37,760 nipype.workflow INFO:
	 [Node] Setting-up "qsiprep_wf.single_subject_200079_wf.anat_preproc_wf.anat_template_wf.t1_template_dimensions" in "/out/tmp/qsiprep_wf/single_subject_200079_wf/anat_preproc_wf/anat_template_wf/t1_template_dimensions".
221020-00:39:40,188 nipype.utils WARNING:
	 A newer version (1.8.4) of nipy/nipype is available. You are using 1.6.1
221020-00:40:14,442 nipype.workflow INFO:
	 [Node] Running "t1_template_dimensions" ("qsiprep.niworkflows.interfaces.images.TemplateDimensions")
221020-00:40:18,231 nipype.workflow INFO:
	 [Node] Finished "qsiprep_wf.single_subject_200079_wf.anat_preproc_wf.anat_template_wf.t1_template_dimensions".
221020-00:40:22,384 nipype.workflow INFO:
	 [Node] Running "conformed_images" ("nipype.interfaces.utility.base.Merge")
221020-00:40:22,441 nipype.workflow INFO:
	 [Node] Running "conformed_bvals" ("nipype.interfaces.utility.base.Merge")
221020-00:40:22,602 nipype.workflow INFO:
	 [Node] Running "conformed_raw_images" ("nipype.interfaces.utility.base.Merge")
221020-00:40:22,835 nipype.workflow INFO:
	 [Node] Running "conformed_bvecs" ("nipype.interfaces.utility.base.Merge")
221020-00:40:22,935 nipype.workflow INFO:
	 [Node] Running "conformation_reports" ("nipype.interfaces.utility.base.Merge")
221020-00:40:23,303 nipype.workflow INFO:
	 [Node] Finished "qsiprep_wf.single_subject_200079_wf.dwi_preproc_wf.pre_hmc_wf.merge_and_denoise_wf.conformed_images".
221020-00:40:23,346 nipype.workflow INFO:
	 [Node] Finished "qsiprep_wf.single_subject_200079_wf.dwi_preproc_wf.pre_hmc_wf.merge_and_denoise_wf.conformed_bvals".
221020-00:40:23,450 nipype.workflow INFO:
	 [Node] Finished "qsiprep_wf.single_subject_200079_wf.dwi_preproc_wf.pre_hmc_wf.merge_and_denoise_wf.conformed_raw_images".
221020-00:40:23,705 nipype.workflow INFO:
	 [Node] Finished "qsiprep_wf.single_subject_200079_wf.dwi_preproc_wf.pre_hmc_wf.merge_and_denoise_wf.conformed_bvecs".
221020-00:40:23,778 nipype.workflow INFO:
	 [Node] Finished "qsiprep_wf.single_subject_200079_wf.dwi_preproc_wf.pre_hmc_wf.merge_and_denoise_wf.conformation_reports".
221020-00:40:24,788 nipype.workflow INFO:
	 [Node] Setting-up "qsiprep_wf.single_subject_200079_wf.anat_preproc_wf.anat_derivatives_wf.t1_name" in "/out/tmp/qsiprep_wf/single_subject_200079_wf/anat_preproc_wf/anat_derivatives_wf/t1_name".
221020-00:40:34,197 nipype.workflow INFO:
	 [Node] Running "t1_name" ("nipype.interfaces.utility.wrappers.Function")
221020-00:40:34,254 nipype.workflow INFO:
	 [Node] Finished "qsiprep_wf.single_subject_200079_wf.anat_preproc_wf.anat_derivatives_wf.t1_name".
221020-00:41:02,532 nipype.workflow INFO:
	 [Node] Setting-up "qsiprep_wf.single_subject_200079_wf.anat_preproc_wf.anat_template_wf.t1_conform" in "/out/tmp/qsiprep_wf/single_subject_200079_wf/anat_preproc_wf/anat_template_wf/t1_conform".
221020-00:41:03,172 nipype.workflow INFO:
	 [Node] Setting-up "_t1_conform0" in "/out/tmp/qsiprep_wf/single_subject_200079_wf/anat_preproc_wf/anat_template_wf/t1_conform/mapflow/_t1_conform0".
221020-00:41:03,503 nipype.workflow INFO:
	 [Node] Running "_t1_conform0" ("qsiprep.interfaces.images.Conform")
221020-00:41:22,765 nipype.workflow INFO:
	 [Node] Setting-up "qsiprep_wf.single_subject_200079_wf.dwi_preproc_wf.pre_hmc_wf.merge_and_denoise_wf.raw_merge" in "/out/tmp/qsiprep_wf/single_subject_200079_wf/dwi_preproc_wf/pre_hmc_wf/merge_and_denoise_wf/raw_merge".
221020-00:41:23,495 nipype.workflow INFO:
	 [Node] Setting-up "qsiprep_wf.single_subject_200079_wf.dwi_preproc_wf.pre_hmc_wf.merge_and_denoise_wf.merge_dwis" in "/out/tmp/qsiprep_wf/single_subject_200079_wf/dwi_preproc_wf/pre_hmc_wf/merge_and_denoise_wf/merge_dwis".
221020-00:41:25,882 nipype.workflow INFO:
	 [Node] Running "raw_merge" ("qsiprep.interfaces.nilearn.Merge")
221020-00:41:25,884 nipype.workflow INFO:
	 [Node] Running "merge_dwis" ("qsiprep.interfaces.dwi_merge.MergeDWIs")
221020-00:41:39,966 nipype.workflow WARNING:
	 Storing result file without outputs
221020-00:41:40,46 nipype.workflow WARNING:
	 [Node] Error on "qsiprep_wf.single_subject_200079_wf.dwi_preproc_wf.pre_hmc_wf.merge_and_denoise_wf.raw_merge" (/out/tmp/qsiprep_wf/single_subject_200079_wf/dwi_preproc_wf/pre_hmc_wf/merge_and_denoise_wf/raw_merge)
221020-00:41:42,161 nipype.workflow ERROR:
	 Node raw_merge failed to run on host c473-051.stampede2.tacc.utexas.edu.
221020-00:41:42,446 nipype.workflow ERROR:
	 Saving crash info to /out/qsiprep/sub-200079/log/20221020-003430_5cdb4e0a-90a9-41f2-ac5d-0ea3c0a45e4d/crash-20221020-004142-tg881334-raw_merge-9e25d2ce-a16c-42ef-ba14-b3aeb1d2d294.txt
Traceback (most recent call last):
  File "/usr/local/miniconda/lib/python3.7/site-packages/nipype/interfaces/base/core.py", line 428, in run
    runtime = self._run_interface(runtime)
  File "/usr/local/miniconda/lib/python3.7/site-packages/qsiprep/interfaces/nilearn.py", line 133, in _run_interface
    new_nii = concat_imgs(self.inputs.in_files, dtype=self.inputs.dtype)
  File "/usr/local/miniconda/lib/python3.7/site-packages/nilearn/_utils/niimg_conversions.py", line 482, in concat_niimgs
    order="F", dtype=dtype)
MemoryError: Unable to allocate 122. MiB for an array with shape (128, 128, 75, 26) and data type float32

During handling of the above exception, another exception occurred:

Traceback (most recent call last):
  File "/usr/local/miniconda/lib/python3.7/site-packages/nipype/pipeline/plugins/multiproc.py", line 67, in run_node
    result["result"] = node.run(updatehash=updatehash)
  File "/usr/local/miniconda/lib/python3.7/site-packages/nipype/pipeline/engine/nodes.py", line 516, in run
    result = self._run_interface(execute=True)
  File "/usr/local/miniconda/lib/python3.7/site-packages/nipype/pipeline/engine/nodes.py", line 635, in _run_interface
    return self._run_command(execute)
  File "/usr/local/miniconda/lib/python3.7/site-packages/nipype/pipeline/engine/nodes.py", line 741, in _run_command
    result = self._interface.run(cwd=outdir)
  File "/usr/local/miniconda/lib/python3.7/site-packages/nipype/interfaces/base/core.py", line 445, in run
    runtime.traceback_args = ("\n".join(["%s" % arg for arg in exc_args]),)
  File "/usr/local/miniconda/lib/python3.7/site-packages/nipype/interfaces/base/core.py", line 445, in <listcomp>
    runtime.traceback_args = ("\n".join(["%s" % arg for arg in exc_args]),)
TypeError: not all arguments converted during string formatting

221020-00:41:43,213 nipype.workflow WARNING:
	 Storing result file without outputs
221020-00:41:43,330 nipype.workflow WARNING:
	 [Node] Error on "qsiprep_wf.single_subject_200079_wf.dwi_preproc_wf.pre_hmc_wf.merge_and_denoise_wf.merge_dwis" (/out/tmp/qsiprep_wf/single_subject_200079_wf/dwi_preproc_wf/pre_hmc_wf/merge_and_denoise_wf/merge_dwis)
221020-00:41:45,823 nipype.workflow ERROR:
	 Node merge_dwis failed to run on host c473-051.stampede2.tacc.utexas.edu.
221020-00:41:46,37 nipype.workflow ERROR:
	 Saving crash info to /out/qsiprep/sub-200079/log/20221020-003430_5cdb4e0a-90a9-41f2-ac5d-0ea3c0a45e4d/crash-20221020-004145-tg881334-merge_dwis-70bc362a-63bf-4fc2-87a7-64df9ae31534.txt
Traceback (most recent call last):
  File "/usr/local/miniconda/lib/python3.7/site-packages/nipype/interfaces/base/core.py", line 428, in run
    runtime = self._run_interface(runtime)
  File "/usr/local/miniconda/lib/python3.7/site-packages/qsiprep/interfaces/dwi_merge.py", line 64, in _run_interface
    self.inputs.harmonize_b0_intensities)
  File "/usr/local/miniconda/lib/python3.7/site-packages/qsiprep/interfaces/dwi_merge.py", line 501, in harmonize_b0s
    harmonized_niis.append(math_img('img*%.32f' % correction, img=nii_img))
  File "/usr/local/miniconda/lib/python3.7/site-packages/nilearn/image/image.py", line 925, in math_img
    result = eval(formula, data_dict)
  File "<string>", line 1, in <module>
MemoryError: Unable to allocate 244. MiB for an array with shape (128, 128, 75, 26) and data type float64

During handling of the above exception, another exception occurred:

Traceback (most recent call last):
  File "/usr/local/miniconda/lib/python3.7/site-packages/nipype/pipeline/plugins/multiproc.py", line 67, in run_node
    result["result"] = node.run(updatehash=updatehash)
  File "/usr/local/miniconda/lib/python3.7/site-packages/nipype/pipeline/engine/nodes.py", line 516, in run
    result = self._run_interface(execute=True)
  File "/usr/local/miniconda/lib/python3.7/site-packages/nipype/pipeline/engine/nodes.py", line 635, in _run_interface
    return self._run_command(execute)
  File "/usr/local/miniconda/lib/python3.7/site-packages/nipype/pipeline/engine/nodes.py", line 741, in _run_command
    result = self._interface.run(cwd=outdir)
  File "/usr/local/miniconda/lib/python3.7/site-packages/nipype/interfaces/base/core.py", line 445, in run
    runtime.traceback_args = ("\n".join(["%s" % arg for arg in exc_args]),)
  File "/usr/local/miniconda/lib/python3.7/site-packages/nipype/interfaces/base/core.py", line 445, in <listcomp>
    runtime.traceback_args = ("\n".join(["%s" % arg for arg in exc_args]),)
TypeError: not all arguments converted during string formatting

221020-00:43:14,832 nipype.workflow INFO:
	 [Node] Finished "_t1_conform0".
221020-00:43:15,171 nipype.workflow INFO:
	 [Node] Finished "qsiprep_wf.single_subject_200079_wf.anat_preproc_wf.anat_template_wf.t1_conform".
221020-00:43:20,83 nipype.workflow INFO:
	 [Node] Setting-up "qsiprep_wf.single_subject_200079_wf.anat_preproc_wf.skullstrip_wf.t1_skull_strip" in "/out/tmp/qsiprep_wf/single_subject_200079_wf/anat_preproc_wf/skullstrip_wf/t1_skull_strip".
221020-00:43:48,737 nipype.workflow INFO:
	 [Node] Running "t1_skull_strip" ("nipype.interfaces.ants.segmentation.BrainExtraction"), a CommandLine Interface with command:
antsBrainExtraction.sh -a /out/tmp/qsiprep_wf/single_subject_200079_wf/anat_preproc_wf/anat_template_wf/t1_conform/mapflow/_t1_conform0/sub-200079_T1w_lps.nii.gz -m /out/tmp/qsiprep_wf/single_subject_200079_wf/anat_preproc_wf/skullstrip_wf/t1_skull_strip/tpl-OASIS30ANTs_res-01_class-brainmask_probtissue.nii.gz -e /niworkflows_data/tpl-OASIS30ANTs/tpl-OASIS30ANTs_res-01_T1w.nii.gz -d 3 -f /niworkflows_data/tpl-OASIS30ANTs/tpl-OASIS30ANTs_res-01_label-BrainCerebellumExtraction_roi.nii.gz -s nii.gz -k 1 -o highres001_ -q 1 -u 1
221020-00:43:48,989 nipype.utils WARNING:
	 Could not get dependencies of /opt/ants-latest/bin/antsRegistrations. Error:
[Errno 12] Cannot allocate memory
221020-00:43:49,483 nipype.workflow WARNING:
	 Storing result file without outputs
221020-00:43:49,676 nipype.workflow WARNING:
	 [Node] Error on "qsiprep_wf.single_subject_200079_wf.anat_preproc_wf.skullstrip_wf.t1_skull_strip" (/out/tmp/qsiprep_wf/single_subject_200079_wf/anat_preproc_wf/skullstrip_wf/t1_skull_strip)
221020-00:43:51,381 nipype.workflow ERROR:
	 Node t1_skull_strip failed to run on host c473-051.stampede2.tacc.utexas.edu.
221020-00:43:51,551 nipype.workflow ERROR:
	 Saving crash info to /out/qsiprep/sub-200079/log/20221020-003430_5cdb4e0a-90a9-41f2-ac5d-0ea3c0a45e4d/crash-20221020-004351-tg881334-t1_skull_strip-ed810640-c4a0-4feb-90bf-a70f3fcf6662.txt
Traceback (most recent call last):
  File "/usr/local/miniconda/lib/python3.7/site-packages/nipype/pipeline/plugins/multiproc.py", line 67, in run_node
    result["result"] = node.run(updatehash=updatehash)
  File "/usr/local/miniconda/lib/python3.7/site-packages/nipype/pipeline/engine/nodes.py", line 516, in run
    result = self._run_interface(execute=True)
  File "/usr/local/miniconda/lib/python3.7/site-packages/nipype/pipeline/engine/nodes.py", line 635, in _run_interface
    return self._run_command(execute)
  File "/usr/local/miniconda/lib/python3.7/site-packages/nipype/pipeline/engine/nodes.py", line 741, in _run_command
    result = self._interface.run(cwd=outdir)
  File "/usr/local/miniconda/lib/python3.7/site-packages/nipype/interfaces/base/core.py", line 428, in run
    runtime = self._run_interface(runtime)
  File "/usr/local/miniconda/lib/python3.7/site-packages/nipype/interfaces/ants/segmentation.py", line 1009, in _run_interface
    runtime = super(BrainExtraction, self)._run_interface(runtime)
  File "/usr/local/miniconda/lib/python3.7/site-packages/nipype/interfaces/base/core.py", line 820, in _run_interface
    runtime = run_command(runtime, output=self.terminal_output)
  File "/usr/local/miniconda/lib/python3.7/site-packages/nipype/utils/subprocess.py", line 110, in run_command
    close_fds=(not sys.platform.startswith("win")),
  File "/usr/local/miniconda/lib/python3.7/subprocess.py", line 769, in __init__
    restore_signals, start_new_session)
  File "/usr/local/miniconda/lib/python3.7/subprocess.py", line 1447, in _execute_child
    restore_signals, start_new_session, preexec_fn)
OSError: [Errno 12] Cannot allocate memory

221020-00:43:53,280 nipype.workflow ERROR:
	 could not run node: qsiprep_wf.single_subject_200079_wf.dwi_preproc_wf.pre_hmc_wf.merge_and_denoise_wf.raw_merge
221020-00:43:53,353 nipype.workflow ERROR:
	 could not run node: qsiprep_wf.single_subject_200079_wf.dwi_preproc_wf.pre_hmc_wf.merge_and_denoise_wf.merge_dwis
221020-00:43:53,527 nipype.workflow ERROR:
	 could not run node: qsiprep_wf.single_subject_200079_wf.anat_preproc_wf.skullstrip_wf.t1_skull_strip
