221020-03:13:08,939 nipype.workflow INFO:
	 Running with omp_nthreads=8, nthreads=96
221020-03:13:08,941 nipype.workflow IMPORTANT:
	 
    Running qsiprep version 0.14.3:
      * BIDS dataset path: /data.
      * Participant list: ['160572'].
      * Run identifier: 20221020-031301_3e641a90-9834-4554-b08f-1fb619705ef9.
    
221020-03:13:09,239 nipype.utils WARNING:
	 A newer version (1.8.4) of nipy/nipype is available. You are using 1.6.1
221020-03:13:09,902 nipype.workflow INFO:
	 Combining all 1 dwis within the single available session
221020-03:13:09,912 nipype.workflow INFO:
	 [{'dwi_series': ['/data/sub-160572/dwi/sub-160572_dwi.nii.gz'], 'fieldmap_info': {'suffix': None}, 'dwi_series_pedir': 'j', 'concatenated_bids_name': 'sub-160572'}]
221020-03:13:09,975 nipype.workflow IMPORTANT:
	 Creating dwi processing workflow "dwi_preproc_wf" to produce output sub-160572 (1.12 GB / 36 DWIs). Memory resampled/largemem=1.46/1.58 GB.
221020-03:13:09,976 nipype.workflow INFO:
	 Automatically using 5, 5, 5 window for dwidenoise
221020-03:13:09,995 nipype.workflow INFO:
	 Using 8 threads in eddy
221020-03:13:14,397 nipype.workflow IMPORTANT:
	 Works derived from this qsiprep execution should include the following boilerplate:


Preprocessing was performed using *QSIPrep* 0.14.3,
which is based on *Nipype* 1.6.1
(@nipype1; @nipype2; RRID:SCR_002502).

Anatomical data preprocessing

: The T1-weighted (T1w) image was corrected for intensity non-uniformity (INU)
using `N4BiasFieldCorrection` [@n4, ANTs 2.3.1],
and used as T1w-reference throughout the workflow.
The T1w-reference was then skull-stripped using `antsBrainExtraction.sh`
(ANTs 2.3.1), using OASIS as target template.
Brain surfaces were reconstructed using `recon-all` [FreeSurfer 6.0.1,
RRID:SCR_001847, @fs_reconall], and the brain mask estimated
previously was refined with a custom variation of the method to reconcile
ANTs-derived and FreeSurfer-derived segmentations of the cortical
gray-matter of Mindboggle [RRID:SCR_002438, @mindboggle].
Spatial normalization to the ICBM 152 Nonlinear Asymmetrical
template version 2009c [@mni, RRID:SCR_008796] was performed
through nonlinear registration with `antsRegistration`
[ANTs 2.3.1, RRID:SCR_004757, @ants], using
brain-extracted versions of both T1w volume and template.
Brain tissue segmentation of cerebrospinal fluid (CSF),
white-matter (WM) and gray-matter (GM) was performed on
the brain-extracted T1w using `FAST` [FSL 6.0.3:b862cdd5, RRID:SCR_002823,
@fsl_fast].


Diffusion data preprocessing

: Any images with a b-value less than 100 s/mm^2 were treated as a *b*=0 image. MP-PCA denoising as implemented in MRtrix3's `dwidenoise`[@dwidenoise1] was applied with a 5-voxel window. After MP-PCA, Gibbs unringing was performed using MRtrix3's `mrdegibbs` [@mrdegibbs]. Following unringing, B1 field inhomogeneity was corrected using `dwibiascorrect` from MRtrix3 with the N4 algorithm [@n4]. After B1 bias correction, the mean intensity of the DWI series was adjusted so all the mean intensity of the b=0 images matched across eachseparate DWI scanning sequence.

FSL (version 6.0.3:b862cdd5)'s eddy was used for head motion correction and Eddy current correction [@anderssoneddy]. Eddy was configured with a $q$-space smoothing factor of 10, a total of 5 iterations, and 1000 voxels used to estimate hyperparameters. A linear first level model and a linear second level model were used to characterize Eddy current-related spatial distortion. $q$-space coordinates were forcefully assigned to shells. Field offset was attempted to be separated from subject movement. Shells were aligned post-eddy. Eddy's outlier replacement was run [@eddyrepol]. Data were grouped by slice, only including values from slices determined to contain at least 250 intracerebral voxels. Groups deviating by more than 4 standard deviations from the prediction had their data replaced with imputed values. Final interpolation was performed using the `jac` method.

Several confounding time-series were calculated based on the
preprocessed DWI: framewise displacement (FD) using the
implementation in *Nipype* [following the definitions by @power_fd_dvars].
The head-motion estimates calculated in the correction step were also
placed within the corresponding confounds file. Slicewise cross correlation
was also calculated.
The DWI time-series were resampled to ACPC,
generating a *preprocessed DWI run in ACPC space* with 1.2mm isotropic voxels.


Many internal operations of *QSIPrep* use
*Nilearn* 0.8.1 [@nilearn, RRID:SCR_001362] and
*Dipy* [@dipy].
For more details of the pipeline, see [the section corresponding
to workflows in *QSIPrep*'s documentation](https://qsiprep.readthedocs.io/en/latest/workflows.html "QSIPrep's documentation").


### References


221020-03:13:25,315 nipype.workflow WARNING:
	 Could not generate CITATION.html file:
pandoc -s --bibliography /usr/local/miniconda/lib/python3.7/site-packages/qsiprep/data/boilerplate.bib --filter pandoc-citeproc /out/qsiprep/logs/CITATION.md -o /out/qsiprep/logs/CITATION.html
221020-03:13:53,921 nipype.workflow INFO:
	 [Node] Setting-up "qsiprep_wf.single_subject_160572_wf.anat_preproc_wf.output_grid_wf.autobox_template" in "/out/tmp/qsiprep_wf/single_subject_160572_wf/anat_preproc_wf/output_grid_wf/autobox_template".
221020-03:13:53,977 nipype.workflow INFO:
	 [Node] Running "autobox_template" ("nipype.interfaces.afni.utils.Autobox"), a CommandLine Interface with command:
3dAutobox -input /out/tmp/qsiprep_wf/single_subject_160572_wf/anat_preproc_wf/output_grid_wf/autobox_template/mni_1mm_t1w_lps.nii.gz -prefix mni_1mm_t1w_lps_autobox.nii.gz -npad 8
221020-03:14:11,153 nipype.workflow INFO:
	 [Node] Finished "qsiprep_wf.single_subject_160572_wf.anat_preproc_wf.output_grid_wf.autobox_template".
221020-03:14:12,290 nipype.workflow INFO:
	 [Node] Setting-up "qsiprep_wf.single_subject_160572_wf.anat_preproc_wf.output_grid_wf.deoblique_autobox" in "/out/tmp/qsiprep_wf/single_subject_160572_wf/anat_preproc_wf/output_grid_wf/deoblique_autobox".
221020-03:14:12,458 nipype.workflow INFO:
	 [Node] Running "deoblique_autobox" ("nipype.interfaces.afni.preprocess.Warp"), a CommandLine Interface with command:
3dWarp -deoblique -prefix mni_1mm_t1w_lps_autobox_warp.nii.gz /out/tmp/qsiprep_wf/single_subject_160572_wf/anat_preproc_wf/output_grid_wf/deoblique_autobox/mni_1mm_t1w_lps_autobox.nii.gz
221020-03:14:14,999 nipype.workflow INFO:
	 [Node] Finished "qsiprep_wf.single_subject_160572_wf.anat_preproc_wf.output_grid_wf.deoblique_autobox".
221020-03:14:16,268 nipype.workflow INFO:
	 [Node] Setting-up "qsiprep_wf.single_subject_160572_wf.anat_preproc_wf.output_grid_wf.resample_to_voxel_size" in "/out/tmp/qsiprep_wf/single_subject_160572_wf/anat_preproc_wf/output_grid_wf/resample_to_voxel_size".
221020-03:14:16,291 nipype.workflow INFO:
	 [Node] Running "resample_to_voxel_size" ("nipype.interfaces.afni.utils.Resample"), a CommandLine Interface with command:
3dresample -prefix mni_1mm_t1w_lps_autobox_warp_resample.nii.gz -dxyz 1.200000 1.200000 1.200000 -inset /out/tmp/qsiprep_wf/single_subject_160572_wf/anat_preproc_wf/output_grid_wf/resample_to_voxel_size/mni_1mm_t1w_lps_autobox_warp.nii.gz
221020-03:14:17,936 nipype.workflow INFO:
	 [Node] Finished "qsiprep_wf.single_subject_160572_wf.anat_preproc_wf.output_grid_wf.resample_to_voxel_size".
221020-03:14:43,549 nipype.workflow INFO:
	 [Node] Setting-up "qsiprep_wf.single_subject_160572_wf.dwi_preproc_wf.pre_hmc_wf.merge_and_denoise_wf.conform_dwis01" in "/out/tmp/qsiprep_wf/single_subject_160572_wf/dwi_preproc_wf/pre_hmc_wf/merge_and_denoise_wf/conform_dwis01".
221020-03:14:44,98 nipype.workflow INFO:
	 [Node] Setting-up "qsiprep_wf.single_subject_160572_wf.bidssrc" in "/out/tmp/qsiprep_wf/single_subject_160572_wf/bidssrc".
221020-03:14:55,520 nipype.workflow INFO:
	 [Node] Running "bidssrc" ("qsiprep.interfaces.bids.BIDSDataGrabber")
221020-03:14:55,522 nipype.workflow INFO:
	 [Node] Running "conform_dwis01" ("qsiprep.interfaces.images.ConformDwi")
221020-03:14:55,523 nipype.interface WARNING:
	 No 't2w' images found for sub-<undefined>
221020-03:14:55,523 nipype.interface WARNING:
	 No 'flair' images found for sub-<undefined>
221020-03:14:55,523 nipype.interface WARNING:
	 No 'fmap' images found for sub-<undefined>
221020-03:14:55,523 nipype.interface WARNING:
	 No 'sbref' images found for sub-<undefined>
221020-03:14:55,523 nipype.interface WARNING:
	 No 'roi' images found for sub-<undefined>
221020-03:14:55,539 nipype.workflow INFO:
	 [Node] Finished "qsiprep_wf.single_subject_160572_wf.bidssrc".
221020-03:14:57,689 nipype.workflow INFO:
	 [Node] Setting-up "qsiprep_wf.single_subject_160572_wf.anat_preproc_wf.anat_template_wf.t1_template_dimensions" in "/out/tmp/qsiprep_wf/single_subject_160572_wf/anat_preproc_wf/anat_template_wf/t1_template_dimensions".
221020-03:14:58,435 nipype.workflow INFO:
	 [Node] Running "t1_template_dimensions" ("qsiprep.niworkflows.interfaces.images.TemplateDimensions")
221020-03:14:58,565 nipype.utils WARNING:
	 A newer version (1.8.4) of nipy/nipype is available. You are using 1.6.1
221020-03:14:58,679 nipype.workflow INFO:
	 [Node] Finished "qsiprep_wf.single_subject_160572_wf.anat_preproc_wf.anat_template_wf.t1_template_dimensions".
221020-03:15:00,263 nipype.workflow INFO:
	 [Node] Setting-up "qsiprep_wf.single_subject_160572_wf.anat_preproc_wf.anat_derivatives_wf.t1_name" in "/out/tmp/qsiprep_wf/single_subject_160572_wf/anat_preproc_wf/anat_derivatives_wf/t1_name".
221020-03:15:01,573 nipype.workflow INFO:
	 [Node] Running "t1_name" ("nipype.interfaces.utility.wrappers.Function")
221020-03:15:01,584 nipype.workflow INFO:
	 [Node] Finished "qsiprep_wf.single_subject_160572_wf.anat_preproc_wf.anat_derivatives_wf.t1_name".
221020-03:15:02,252 nipype.workflow INFO:
	 [Node] Setting-up "qsiprep_wf.single_subject_160572_wf.anat_preproc_wf.anat_template_wf.t1_conform" in "/out/tmp/qsiprep_wf/single_subject_160572_wf/anat_preproc_wf/anat_template_wf/t1_conform".
221020-03:15:02,263 nipype.workflow INFO:
	 [Node] Setting-up "_t1_conform0" in "/out/tmp/qsiprep_wf/single_subject_160572_wf/anat_preproc_wf/anat_template_wf/t1_conform/mapflow/_t1_conform0".
221020-03:15:02,272 nipype.workflow INFO:
	 [Node] Running "_t1_conform0" ("qsiprep.interfaces.images.Conform")
221020-03:15:02,766 nipype.interface WARNING:
	 Removing obliquity from image affine
221020-03:15:03,571 nipype.interface INFO:
	 Not applying reorientation to /data/sub-160572/dwi/sub-160572_dwi.nii.gz: already in LAS
221020-03:15:03,674 nipype.workflow INFO:
	 [Node] Finished "qsiprep_wf.single_subject_160572_wf.dwi_preproc_wf.pre_hmc_wf.merge_and_denoise_wf.conform_dwis01".
221020-03:15:04,252 nipype.workflow INFO:
	 [Node] Setting-up "qsiprep_wf.single_subject_160572_wf.dwi_preproc_wf.pre_hmc_wf.merge_and_denoise_wf.conformed_images" in "/out/tmp/qsiprep_wf/single_subject_160572_wf/dwi_preproc_wf/pre_hmc_wf/merge_and_denoise_wf/conformed_images".
221020-03:15:04,253 nipype.workflow INFO:
	 [Node] Setting-up "qsiprep_wf.single_subject_160572_wf.dwi_preproc_wf.pre_hmc_wf.merge_and_denoise_wf.conformed_raw_images" in "/out/tmp/qsiprep_wf/single_subject_160572_wf/dwi_preproc_wf/pre_hmc_wf/merge_and_denoise_wf/conformed_raw_images".
221020-03:15:04,254 nipype.workflow INFO:
	 [Node] Setting-up "qsiprep_wf.single_subject_160572_wf.dwi_preproc_wf.pre_hmc_wf.merge_and_denoise_wf.conformed_bvals" in "/out/tmp/qsiprep_wf/single_subject_160572_wf/dwi_preproc_wf/pre_hmc_wf/merge_and_denoise_wf/conformed_bvals".
221020-03:15:04,254 nipype.workflow INFO:
	 [Node] Setting-up "qsiprep_wf.single_subject_160572_wf.dwi_preproc_wf.pre_hmc_wf.merge_and_denoise_wf.conformed_bvecs" in "/out/tmp/qsiprep_wf/single_subject_160572_wf/dwi_preproc_wf/pre_hmc_wf/merge_and_denoise_wf/conformed_bvecs".
221020-03:15:04,255 nipype.workflow INFO:
	 [Node] Setting-up "qsiprep_wf.single_subject_160572_wf.dwi_preproc_wf.pre_hmc_wf.merge_and_denoise_wf.conformation_reports" in "/out/tmp/qsiprep_wf/single_subject_160572_wf/dwi_preproc_wf/pre_hmc_wf/merge_and_denoise_wf/conformation_reports".
221020-03:15:05,574 nipype.workflow INFO:
	 [Node] Finished "_t1_conform0".
221020-03:15:05,582 nipype.workflow INFO:
	 [Node] Finished "qsiprep_wf.single_subject_160572_wf.anat_preproc_wf.anat_template_wf.t1_conform".
221020-03:15:06,254 nipype.workflow INFO:
	 [Node] Running "conformed_bvals" ("nipype.interfaces.utility.base.Merge")
221020-03:15:06,257 nipype.workflow INFO:
	 [Node] Running "conformed_raw_images" ("nipype.interfaces.utility.base.Merge")
221020-03:15:06,260 nipype.workflow INFO:
	 [Node] Running "conformed_bvecs" ("nipype.interfaces.utility.base.Merge")
221020-03:15:06,264 nipype.workflow INFO:
	 [Node] Finished "qsiprep_wf.single_subject_160572_wf.dwi_preproc_wf.pre_hmc_wf.merge_and_denoise_wf.conformed_bvals".
221020-03:15:06,291 nipype.workflow INFO:
	 [Node] Finished "qsiprep_wf.single_subject_160572_wf.dwi_preproc_wf.pre_hmc_wf.merge_and_denoise_wf.conformed_raw_images".
221020-03:15:06,295 nipype.workflow INFO:
	 [Node] Finished "qsiprep_wf.single_subject_160572_wf.dwi_preproc_wf.pre_hmc_wf.merge_and_denoise_wf.conformed_bvecs".
221020-03:15:06,312 nipype.workflow INFO:
	 [Node] Setting-up "qsiprep_wf.single_subject_160572_wf.anat_preproc_wf.skullstrip_wf.t1_skull_strip" in "/out/tmp/qsiprep_wf/single_subject_160572_wf/anat_preproc_wf/skullstrip_wf/t1_skull_strip".
221020-03:15:06,341 nipype.workflow INFO:
	 [Node] Running "conformation_reports" ("nipype.interfaces.utility.base.Merge")
221020-03:15:06,352 nipype.workflow INFO:
	 [Node] Finished "qsiprep_wf.single_subject_160572_wf.dwi_preproc_wf.pre_hmc_wf.merge_and_denoise_wf.conformation_reports".
221020-03:15:06,409 nipype.workflow INFO:
	 [Node] Running "conformed_images" ("nipype.interfaces.utility.base.Merge")
221020-03:15:06,419 nipype.workflow INFO:
	 [Node] Finished "qsiprep_wf.single_subject_160572_wf.dwi_preproc_wf.pre_hmc_wf.merge_and_denoise_wf.conformed_images".
221020-03:15:08,269 nipype.workflow INFO:
	 [Node] Running "t1_skull_strip" ("nipype.interfaces.ants.segmentation.BrainExtraction"), a CommandLine Interface with command:
antsBrainExtraction.sh -a /out/tmp/qsiprep_wf/single_subject_160572_wf/anat_preproc_wf/anat_template_wf/t1_conform/mapflow/_t1_conform0/sub-160572_T1w_lps.nii.gz -m /out/tmp/qsiprep_wf/single_subject_160572_wf/anat_preproc_wf/skullstrip_wf/t1_skull_strip/tpl-OASIS30ANTs_res-01_class-brainmask_probtissue.nii.gz -e /niworkflows_data/tpl-OASIS30ANTs/tpl-OASIS30ANTs_res-01_T1w.nii.gz -d 3 -f /niworkflows_data/tpl-OASIS30ANTs/tpl-OASIS30ANTs_res-01_label-BrainCerebellumExtraction_roi.nii.gz -s nii.gz -k 1 -o highres001_ -q 1 -u 1
221020-03:15:10,324 nipype.workflow INFO:
	 [Node] Setting-up "qsiprep_wf.single_subject_160572_wf.dwi_preproc_wf.pre_hmc_wf.merge_and_denoise_wf.raw_merge" in "/out/tmp/qsiprep_wf/single_subject_160572_wf/dwi_preproc_wf/pre_hmc_wf/merge_and_denoise_wf/raw_merge".
221020-03:15:10,334 nipype.workflow INFO:
	 [Node] Running "raw_merge" ("qsiprep.interfaces.nilearn.Merge")
221020-03:15:10,405 nipype.workflow INFO:
	 [Node] Setting-up "qsiprep_wf.single_subject_160572_wf.dwi_preproc_wf.pre_hmc_wf.merge_and_denoise_wf.merge_dwis" in "/out/tmp/qsiprep_wf/single_subject_160572_wf/dwi_preproc_wf/pre_hmc_wf/merge_and_denoise_wf/merge_dwis".
221020-03:15:10,419 nipype.workflow INFO:
	 [Node] Running "merge_dwis" ("qsiprep.interfaces.dwi_merge.MergeDWIs")
221020-03:15:12,749 nipype.workflow INFO:
	 [Node] Finished "qsiprep_wf.single_subject_160572_wf.dwi_preproc_wf.pre_hmc_wf.merge_and_denoise_wf.merge_dwis".
221020-03:15:16,576 nipype.workflow INFO:
	 [Node] Setting-up "qsiprep_wf.single_subject_160572_wf.dwi_preproc_wf.pre_hmc_wf.merge_and_denoise_wf.merged_denoise.denoiser" in "/out/tmp/qsiprep_wf/single_subject_160572_wf/dwi_preproc_wf/pre_hmc_wf/merge_and_denoise_wf/merged_denoise/denoiser".
221020-03:15:16,637 nipype.workflow INFO:
	 [Node] Running "denoiser" ("qsiprep.interfaces.mrtrix.DWIDenoise"), a CommandLine Interface with command:
dwidenoise -extent 5,5,5 -noise sub-160572_dwi_noise.nii.gz /data/sub-160572/dwi/sub-160572_dwi.nii.gz sub-160572_dwi_denoised.nii.gz
221020-03:15:17,233 nipype.workflow WARNING:
	 Storing result file without outputs
221020-03:15:17,237 nipype.workflow WARNING:
	 [Node] Error on "qsiprep_wf.single_subject_160572_wf.dwi_preproc_wf.pre_hmc_wf.merge_and_denoise_wf.raw_merge" (/out/tmp/qsiprep_wf/single_subject_160572_wf/dwi_preproc_wf/pre_hmc_wf/merge_and_denoise_wf/raw_merge)
221020-03:15:17,415 nipype.workflow WARNING:
	 Storing result file without outputs
221020-03:15:17,423 nipype.workflow WARNING:
	 [Node] Error on "qsiprep_wf.single_subject_160572_wf.anat_preproc_wf.skullstrip_wf.t1_skull_strip" (/out/tmp/qsiprep_wf/single_subject_160572_wf/anat_preproc_wf/skullstrip_wf/t1_skull_strip)
221020-03:15:18,177 nipype.workflow ERROR:
	 Node t1_skull_strip failed to run on host c506-053.stampede2.tacc.utexas.edu.
221020-03:15:18,183 nipype.workflow ERROR:
	 Saving crash info to /out/qsiprep/sub-160572/log/20221020-031301_3e641a90-9834-4554-b08f-1fb619705ef9/crash-20221020-031518-tg881334-t1_skull_strip-5ce852e0-83ac-4062-997d-a20f6895491b.txt
Traceback (most recent call last):
  File "/usr/local/miniconda/lib/python3.7/site-packages/nipype/pipeline/plugins/multiproc.py", line 67, in run_node
    result["result"] = node.run(updatehash=updatehash)
  File "/usr/local/miniconda/lib/python3.7/site-packages/nipype/pipeline/engine/nodes.py", line 516, in run
    result = self._run_interface(execute=True)
  File "/usr/local/miniconda/lib/python3.7/site-packages/nipype/pipeline/engine/nodes.py", line 635, in _run_interface
    return self._run_command(execute)
  File "/usr/local/miniconda/lib/python3.7/site-packages/nipype/pipeline/engine/nodes.py", line 741, in _run_command
    result = self._interface.run(cwd=outdir)
  File "/usr/local/miniconda/lib/python3.7/site-packages/nipype/interfaces/base/core.py", line 428, in run
    runtime = self._run_interface(runtime)
  File "/usr/local/miniconda/lib/python3.7/site-packages/nipype/interfaces/ants/segmentation.py", line 1009, in _run_interface
    runtime = super(BrainExtraction, self)._run_interface(runtime)
  File "/usr/local/miniconda/lib/python3.7/site-packages/nipype/interfaces/base/core.py", line 822, in _run_interface
    self.raise_exception(runtime)
  File "/usr/local/miniconda/lib/python3.7/site-packages/nipype/interfaces/base/core.py", line 753, in raise_exception
    ).format(**runtime.dictcopy())
RuntimeError: Command:
antsBrainExtraction.sh -a /out/tmp/qsiprep_wf/single_subject_160572_wf/anat_preproc_wf/anat_template_wf/t1_conform/mapflow/_t1_conform0/sub-160572_T1w_lps.nii.gz -m /out/tmp/qsiprep_wf/single_subject_160572_wf/anat_preproc_wf/skullstrip_wf/t1_skull_strip/tpl-OASIS30ANTs_res-01_class-brainmask_probtissue.nii.gz -e /niworkflows_data/tpl-OASIS30ANTs/tpl-OASIS30ANTs_res-01_T1w.nii.gz -d 3 -f /niworkflows_data/tpl-OASIS30ANTs/tpl-OASIS30ANTs_res-01_label-BrainCerebellumExtraction_roi.nii.gz -s nii.gz -k 1 -o highres001_ -q 1 -u 1
Standard output:
 
Will run Atropos segmentation with K=3. Classes labeled in order of mean intensity. Assuming CSF=1, GM=2, WM=3

The output directory "highres001_" does not exist. Making it.
---------------------  Running antsBrainExtraction.sh on c506-053.stampede2.tacc.utexas.edu  ---------------------

--------------------------------------------------------------------------------------
 Bias correction of anatomical images (pre brain extraction)
   1) pre-process by truncating the image intensities
   2) run N4
--------------------------------------------------------------------------------------

BEGIN >>>>>>>>>>>>>>>>>>>>
/opt/ants-latest/bin/ImageMath 3 highres001_N4Truncated0.nii.gz TruncateImageIntensity /out/tmp/qsiprep_wf/single_subject_160572_wf/anat_preproc_wf/anat_template_wf/t1_conform/mapflow/_t1_conform0/sub-160572_T1w_lps.nii.gz 0.01 0.999 256
END   <<<<<<<<<<<<<<<<<<<<


BEGIN >>>>>>>>>>>>>>>>>>>>
/opt/ants-latest/bin/N4BiasFieldCorrection -d 3 -i highres001_N4Truncated0.nii.gz -s 4 -c [ 50x50x50x50,0.0000001 ] -b [ 200 ] -o highres001_N4Corrected0.nii.gz --verbose 1

Running N4 for 3-dimensional images.

Mask not read.  Using the entire image as the mask.

ERROR: command exited with nonzero status 134
Command: /opt/ants-latest/bin/N4BiasFieldCorrection -d 3 -i highres001_N4Truncated0.nii.gz -s 4 -c [ 50x50x50x50,0.0000001 ] -b [ 200 ] -o highres001_N4Corrected0.nii.gz --verbose 1

Standard error:

    Using antsBrainExtraction with the following arguments:
      image dimension         = 3
      anatomical image        = /out/tmp/qsiprep_wf/single_subject_160572_wf/anat_preproc_wf/anat_template_wf/t1_conform/mapflow/_t1_conform0/sub-160572_T1w_lps.nii.gz
      extraction template     = /niworkflows_data/tpl-OASIS30ANTs/tpl-OASIS30ANTs_res-01_T1w.nii.gz
      extraction reg. mask    = /niworkflows_data/tpl-OASIS30ANTs/tpl-OASIS30ANTs_res-01_label-BrainCerebellumExtraction_roi.nii.gz
      extraction prior        = /out/tmp/qsiprep_wf/single_subject_160572_wf/anat_preproc_wf/skullstrip_wf/t1_skull_strip/tpl-OASIS30ANTs_res-01_class-brainmask_probtissue.nii.gz
      output prefix           = highres001_
      output image suffix     = nii.gz

    N4 parameters (pre brain extraction):
      convergence             = [ 50x50x50x50,0.0000001 ]
      shrink factor           = 4
      B-spline parameters     = [ 200 ]

    Atropos parameters (extraction):
       convergence            = [ 3,0.0 ]
       likelihood             = Gaussian
       initialization         = kmeans[ 3 ]
       mrf                    = [ 0.1,1x1x1 ]
       use clock random seed  = 1

terminate called after throwing an instance of 'itk::MemoryAllocationError'
  what():  /tmp/ants/build/staging/include/ITK-5.1/itkImportImageContainer.hxx:192:
Failed to allocate memory for image.
/opt/ants-latest/bin/antsBrainExtraction.sh: line 117: 177043 Aborted                 ( "$@" )
Return code: 1

221020-03:15:18,210 nipype.workflow ERROR:
	 Node raw_merge failed to run on host c506-053.stampede2.tacc.utexas.edu.
221020-03:15:18,215 nipype.workflow ERROR:
	 Saving crash info to /out/qsiprep/sub-160572/log/20221020-031301_3e641a90-9834-4554-b08f-1fb619705ef9/crash-20221020-031518-tg881334-raw_merge-c9d5a2f9-0fc2-4345-a3fa-59dfa38a46b9.txt
Traceback (most recent call last):
  File "/usr/local/miniconda/lib/python3.7/site-packages/nipype/interfaces/base/core.py", line 428, in run
    runtime = self._run_interface(runtime)
  File "/usr/local/miniconda/lib/python3.7/site-packages/qsiprep/interfaces/nilearn.py", line 143, in _run_interface
    new_nii.to_filename(self._results['out_file'])
  File "/usr/local/miniconda/lib/python3.7/site-packages/nibabel/filebasedimages.py", line 333, in to_filename
    self.to_file_map()
  File "/usr/local/miniconda/lib/python3.7/site-packages/nibabel/analyze.py", line 1044, in to_file_map
    arr_writer.to_fileobj(imgf)
  File "/usr/local/miniconda/lib/python3.7/site-packages/nibabel/arraywriters.py", line 561, in to_fileobj
    nan2zero=self._needs_nan2zero())
  File "/usr/local/miniconda/lib/python3.7/site-packages/nibabel/volumeutils.py", line 760, in array_to_file
    nan_fill=nan_fill if nan2zero else None)
  File "/usr/local/miniconda/lib/python3.7/site-packages/nibabel/volumeutils.py", line 816, in _write_data
    dslice = dslice / slope
MemoryError: Unable to allocate 18.8 MiB for an array with shape (75, 256, 256) and data type float32

During handling of the above exception, another exception occurred:

Traceback (most recent call last):
  File "/usr/local/miniconda/lib/python3.7/site-packages/nipype/pipeline/plugins/multiproc.py", line 67, in run_node
    result["result"] = node.run(updatehash=updatehash)
  File "/usr/local/miniconda/lib/python3.7/site-packages/nipype/pipeline/engine/nodes.py", line 516, in run
    result = self._run_interface(execute=True)
  File "/usr/local/miniconda/lib/python3.7/site-packages/nipype/pipeline/engine/nodes.py", line 635, in _run_interface
    return self._run_command(execute)
  File "/usr/local/miniconda/lib/python3.7/site-packages/nipype/pipeline/engine/nodes.py", line 741, in _run_command
    result = self._interface.run(cwd=outdir)
  File "/usr/local/miniconda/lib/python3.7/site-packages/nipype/interfaces/base/core.py", line 445, in run
    runtime.traceback_args = ("\n".join(["%s" % arg for arg in exc_args]),)
  File "/usr/local/miniconda/lib/python3.7/site-packages/nipype/interfaces/base/core.py", line 445, in <listcomp>
    runtime.traceback_args = ("\n".join(["%s" % arg for arg in exc_args]),)
TypeError: not all arguments converted during string formatting

221020-03:20:13,432 nipype.interface INFO:
	 Generating denoising visual report
221020-03:22:33,91 nipype.workflow INFO:
	 [Node] Finished "qsiprep_wf.single_subject_160572_wf.dwi_preproc_wf.pre_hmc_wf.merge_and_denoise_wf.merged_denoise.denoiser".
221020-03:22:37,252 nipype.workflow INFO:
	 [Node] Setting-up "qsiprep_wf.single_subject_160572_wf.dwi_preproc_wf.pre_hmc_wf.merge_and_denoise_wf.merged_denoise.degibbser" in "/out/tmp/qsiprep_wf/single_subject_160572_wf/dwi_preproc_wf/pre_hmc_wf/merge_and_denoise_wf/merged_denoise/degibbser".
221020-03:22:37,265 nipype.workflow INFO:
	 [Node] Running "degibbser" ("qsiprep.interfaces.mrtrix.MRDeGibbs"), a CommandLine Interface with command:
mrdegibbs /out/tmp/qsiprep_wf/single_subject_160572_wf/dwi_preproc_wf/pre_hmc_wf/merge_and_denoise_wf/merged_denoise/denoiser/sub-160572_dwi_denoised.nii.gz sub-160572_dwi_denoised_mrdegibbs.nii.gz
