221020-03:13:05,187 nipype.workflow INFO:
	 Running with omp_nthreads=8, nthreads=96
221020-03:13:05,218 nipype.workflow IMPORTANT:
	 
    Running qsiprep version 0.14.3:
      * BIDS dataset path: /data.
      * Participant list: ['121186'].
      * Run identifier: 20221020-031259_b22a5733-262f-444f-99ff-a6323c4bd7fc.
    
221020-03:13:05,630 nipype.utils WARNING:
	 A newer version (1.8.4) of nipy/nipype is available. You are using 1.6.1
221020-03:13:06,196 nipype.workflow INFO:
	 Combining all 1 dwis within the single available session
221020-03:13:06,205 nipype.workflow INFO:
	 [{'dwi_series': ['/data/sub-121186/dwi/sub-121186_dwi.nii.gz'], 'fieldmap_info': {'suffix': None}, 'dwi_series_pedir': 'j', 'concatenated_bids_name': 'sub-121186'}]
221020-03:13:06,298 nipype.workflow IMPORTANT:
	 Creating dwi processing workflow "dwi_preproc_wf" to produce output sub-121186 (1.11 GB / 36 DWIs). Memory resampled/largemem=1.44/1.55 GB.
221020-03:13:06,299 nipype.workflow INFO:
	 Automatically using 5, 5, 5 window for dwidenoise
221020-03:13:06,316 nipype.workflow INFO:
	 Using 8 threads in eddy
221020-03:13:08,782 nipype.workflow IMPORTANT:
	 Works derived from this qsiprep execution should include the following boilerplate:


Preprocessing was performed using *QSIPrep* 0.14.3,
which is based on *Nipype* 1.6.1
(@nipype1; @nipype2; RRID:SCR_002502).

Anatomical data preprocessing

: The T1-weighted (T1w) image was corrected for intensity non-uniformity (INU)
using `N4BiasFieldCorrection` [@n4, ANTs 2.3.1],
and used as T1w-reference throughout the workflow.
The T1w-reference was then skull-stripped using `antsBrainExtraction.sh`
(ANTs 2.3.1), using OASIS as target template.
Brain surfaces were reconstructed using `recon-all` [FreeSurfer 6.0.1,
RRID:SCR_001847, @fs_reconall], and the brain mask estimated
previously was refined with a custom variation of the method to reconcile
ANTs-derived and FreeSurfer-derived segmentations of the cortical
gray-matter of Mindboggle [RRID:SCR_002438, @mindboggle].
Spatial normalization to the ICBM 152 Nonlinear Asymmetrical
template version 2009c [@mni, RRID:SCR_008796] was performed
through nonlinear registration with `antsRegistration`
[ANTs 2.3.1, RRID:SCR_004757, @ants], using
brain-extracted versions of both T1w volume and template.
Brain tissue segmentation of cerebrospinal fluid (CSF),
white-matter (WM) and gray-matter (GM) was performed on
the brain-extracted T1w using `FAST` [FSL 6.0.3:b862cdd5, RRID:SCR_002823,
@fsl_fast].


Diffusion data preprocessing

: Any images with a b-value less than 100 s/mm^2 were treated as a *b*=0 image. MP-PCA denoising as implemented in MRtrix3's `dwidenoise`[@dwidenoise1] was applied with a 5-voxel window. After MP-PCA, Gibbs unringing was performed using MRtrix3's `mrdegibbs` [@mrdegibbs]. Following unringing, B1 field inhomogeneity was corrected using `dwibiascorrect` from MRtrix3 with the N4 algorithm [@n4]. After B1 bias correction, the mean intensity of the DWI series was adjusted so all the mean intensity of the b=0 images matched across eachseparate DWI scanning sequence.

FSL (version 6.0.3:b862cdd5)'s eddy was used for head motion correction and Eddy current correction [@anderssoneddy]. Eddy was configured with a $q$-space smoothing factor of 10, a total of 5 iterations, and 1000 voxels used to estimate hyperparameters. A linear first level model and a linear second level model were used to characterize Eddy current-related spatial distortion. $q$-space coordinates were forcefully assigned to shells. Field offset was attempted to be separated from subject movement. Shells were aligned post-eddy. Eddy's outlier replacement was run [@eddyrepol]. Data were grouped by slice, only including values from slices determined to contain at least 250 intracerebral voxels. Groups deviating by more than 4 standard deviations from the prediction had their data replaced with imputed values. Final interpolation was performed using the `jac` method.

Several confounding time-series were calculated based on the
preprocessed DWI: framewise displacement (FD) using the
implementation in *Nipype* [following the definitions by @power_fd_dvars].
The head-motion estimates calculated in the correction step were also
placed within the corresponding confounds file. Slicewise cross correlation
was also calculated.
The DWI time-series were resampled to ACPC,
generating a *preprocessed DWI run in ACPC space* with 1.2mm isotropic voxels.


Many internal operations of *QSIPrep* use
*Nilearn* 0.8.1 [@nilearn, RRID:SCR_001362] and
*Dipy* [@dipy].
For more details of the pipeline, see [the section corresponding
to workflows in *QSIPrep*'s documentation](https://qsiprep.readthedocs.io/en/latest/workflows.html "QSIPrep's documentation").


### References


221020-03:13:54,246 nipype.workflow ERROR:
	 Node fsdir failed to run on host c506-054.stampede2.tacc.utexas.edu.
221020-03:13:54,252 nipype.workflow ERROR:
	 Saving crash info to /out/qsiprep/logs/crash-20221020-031354-tg881334-fsdir-da5f4873-4d5d-421d-b398-0ffe244a165c.txt
Traceback (most recent call last):
  File "/usr/local/miniconda/lib/python3.7/shutil.py", line 557, in move
    os.rename(src, real_dst)
FileNotFoundError: [Errno 2] No such file or directory: '/out/tmp/qsiprep_wf/fsdir/_0x6d16861e0e5edba2d23a946bf51fab20_unfinished.json' -> '/out/tmp/qsiprep_wf/fsdir/_0x6d16861e0e5edba2d23a946bf51fab20.json'

During handling of the above exception, another exception occurred:

Traceback (most recent call last):
  File "/usr/local/miniconda/lib/python3.7/site-packages/nipype/pipeline/plugins/multiproc.py", line 344, in _send_procs_to_workers
    self.procs[jobid].run(updatehash=updatehash)
  File "/usr/local/miniconda/lib/python3.7/site-packages/nipype/pipeline/engine/nodes.py", line 531, in run
    shutil.move(hashfile_unfinished, hashfile_unfinished.replace("_unfinished", ""))
  File "/usr/local/miniconda/lib/python3.7/shutil.py", line 571, in move
    copy_function(src, real_dst)
  File "/usr/local/miniconda/lib/python3.7/shutil.py", line 257, in copy2
    copyfile(src, dst, follow_symlinks=follow_symlinks)
  File "/usr/local/miniconda/lib/python3.7/shutil.py", line 120, in copyfile
    with open(src, 'rb') as fsrc:
FileNotFoundError: [Errno 2] No such file or directory: '/out/tmp/qsiprep_wf/fsdir/_0x6d16861e0e5edba2d23a946bf51fab20_unfinished.json'

221020-03:14:24,304 nipype.workflow INFO:
	 [Node] Setting-up "qsiprep_wf.single_subject_121186_wf.anat_preproc_wf.output_grid_wf.resample_to_voxel_size" in "/out/tmp/qsiprep_wf/single_subject_121186_wf/anat_preproc_wf/output_grid_wf/resample_to_voxel_size".
221020-03:14:24,329 nipype.workflow INFO:
	 [Node] Cached "qsiprep_wf.single_subject_121186_wf.anat_preproc_wf.output_grid_wf.resample_to_voxel_size" - collecting precomputed outputs
221020-03:14:24,329 nipype.workflow INFO:
	 [Node] "qsiprep_wf.single_subject_121186_wf.anat_preproc_wf.output_grid_wf.resample_to_voxel_size" found cached.
221020-03:14:56,965 nipype.workflow INFO:
	 [Node] Setting-up "qsiprep_wf.single_subject_121186_wf.bidssrc" in "/out/tmp/qsiprep_wf/single_subject_121186_wf/bidssrc".
221020-03:14:56,987 nipype.workflow INFO:
	 [Node] Cached "qsiprep_wf.single_subject_121186_wf.bidssrc" - collecting precomputed outputs
221020-03:14:56,988 nipype.workflow INFO:
	 [Node] "qsiprep_wf.single_subject_121186_wf.bidssrc" found cached.
221020-03:14:57,247 nipype.workflow INFO:
	 [Node] Setting-up "qsiprep_wf.single_subject_121186_wf.dwi_preproc_wf.pre_hmc_wf.merge_and_denoise_wf.conform_dwis01" in "/out/tmp/qsiprep_wf/single_subject_121186_wf/dwi_preproc_wf/pre_hmc_wf/merge_and_denoise_wf/conform_dwis01".
221020-03:14:57,253 nipype.workflow INFO:
	 [Node] Cached "qsiprep_wf.single_subject_121186_wf.dwi_preproc_wf.pre_hmc_wf.merge_and_denoise_wf.conform_dwis01" - collecting precomputed outputs
221020-03:14:57,254 nipype.workflow INFO:
	 [Node] "qsiprep_wf.single_subject_121186_wf.dwi_preproc_wf.pre_hmc_wf.merge_and_denoise_wf.conform_dwis01" found cached.
221020-03:15:00,771 nipype.workflow INFO:
	 [Node] Setting-up "qsiprep_wf.single_subject_121186_wf.anat_preproc_wf.anat_derivatives_wf.t1_name" in "/out/tmp/qsiprep_wf/single_subject_121186_wf/anat_preproc_wf/anat_derivatives_wf/t1_name".
221020-03:15:01,920 nipype.workflow INFO:
	 [Node] Running "t1_name" ("nipype.interfaces.utility.wrappers.Function")
221020-03:15:01,929 nipype.workflow INFO:
	 [Node] Finished "qsiprep_wf.single_subject_121186_wf.anat_preproc_wf.anat_derivatives_wf.t1_name".
221020-03:15:02,671 nipype.workflow INFO:
	 [Node] Setting-up "qsiprep_wf.single_subject_121186_wf.anat_preproc_wf.anat_template_wf.t1_conform" in "/out/tmp/qsiprep_wf/single_subject_121186_wf/anat_preproc_wf/anat_template_wf/t1_conform".
221020-03:15:02,687 nipype.workflow INFO:
	 [Node] Setting-up "_t1_conform0" in "/out/tmp/qsiprep_wf/single_subject_121186_wf/anat_preproc_wf/anat_template_wf/t1_conform/mapflow/_t1_conform0".
221020-03:15:02,696 nipype.workflow INFO:
	 [Node] Running "_t1_conform0" ("qsiprep.interfaces.images.Conform")
221020-03:15:03,32 nipype.workflow INFO:
	 [Node] Setting-up "qsiprep_wf.single_subject_121186_wf.dwi_preproc_wf.pre_hmc_wf.merge_and_denoise_wf.raw_merge" in "/out/tmp/qsiprep_wf/single_subject_121186_wf/dwi_preproc_wf/pre_hmc_wf/merge_and_denoise_wf/raw_merge".
221020-03:15:03,117 nipype.workflow INFO:
	 [Node] Setting-up "qsiprep_wf.single_subject_121186_wf.dwi_preproc_wf.pre_hmc_wf.merge_and_denoise_wf.merge_dwis" in "/out/tmp/qsiprep_wf/single_subject_121186_wf/dwi_preproc_wf/pre_hmc_wf/merge_and_denoise_wf/merge_dwis".
221020-03:15:03,199 nipype.workflow INFO:
	 [Node] Running "raw_merge" ("qsiprep.interfaces.nilearn.Merge")
221020-03:15:03,247 nipype.workflow INFO:
	 [Node] Running "merge_dwis" ("qsiprep.interfaces.dwi_merge.MergeDWIs")
221020-03:15:03,283 nipype.interface WARNING:
	 Removing obliquity from image affine
221020-03:15:05,836 nipype.workflow INFO:
	 [Node] Finished "qsiprep_wf.single_subject_121186_wf.dwi_preproc_wf.pre_hmc_wf.merge_and_denoise_wf.merge_dwis".
221020-03:15:05,922 nipype.workflow INFO:
	 [Node] Finished "_t1_conform0".
221020-03:15:05,944 nipype.workflow INFO:
	 [Node] Finished "qsiprep_wf.single_subject_121186_wf.anat_preproc_wf.anat_template_wf.t1_conform".
221020-03:15:06,807 nipype.workflow INFO:
	 [Node] Setting-up "qsiprep_wf.single_subject_121186_wf.anat_preproc_wf.skullstrip_wf.t1_skull_strip" in "/out/tmp/qsiprep_wf/single_subject_121186_wf/anat_preproc_wf/skullstrip_wf/t1_skull_strip".
221020-03:15:08,564 nipype.workflow INFO:
	 [Node] Setting-up "qsiprep_wf.single_subject_121186_wf.dwi_preproc_wf.pre_hmc_wf.merge_and_denoise_wf.merged_denoise.denoiser" in "/out/tmp/qsiprep_wf/single_subject_121186_wf/dwi_preproc_wf/pre_hmc_wf/merge_and_denoise_wf/merged_denoise/denoiser".
221020-03:15:08,583 nipype.workflow INFO:
	 [Node] Running "denoiser" ("qsiprep.interfaces.mrtrix.DWIDenoise"), a CommandLine Interface with command:
dwidenoise -extent 5,5,5 -noise sub-121186_dwi_noise.nii.gz /data/sub-121186/dwi/sub-121186_dwi.nii.gz sub-121186_dwi_denoised.nii.gz
221020-03:15:08,623 nipype.workflow INFO:
	 [Node] Running "t1_skull_strip" ("nipype.interfaces.ants.segmentation.BrainExtraction"), a CommandLine Interface with command:
antsBrainExtraction.sh -a /out/tmp/qsiprep_wf/single_subject_121186_wf/anat_preproc_wf/anat_template_wf/t1_conform/mapflow/_t1_conform0/sub-121186_T1w_lps.nii.gz -m /out/tmp/qsiprep_wf/single_subject_121186_wf/anat_preproc_wf/skullstrip_wf/t1_skull_strip/tpl-OASIS30ANTs_res-01_class-brainmask_probtissue.nii.gz -e /niworkflows_data/tpl-OASIS30ANTs/tpl-OASIS30ANTs_res-01_T1w.nii.gz -d 3 -f /niworkflows_data/tpl-OASIS30ANTs/tpl-OASIS30ANTs_res-01_label-BrainCerebellumExtraction_roi.nii.gz -s nii.gz -k 1 -o highres001_ -q 1 -u 1
221020-03:15:12,536 nipype.workflow INFO:
	 [Node] Finished "qsiprep_wf.single_subject_121186_wf.dwi_preproc_wf.pre_hmc_wf.merge_and_denoise_wf.raw_merge".
221020-03:15:14,518 nipype.workflow INFO:
	 [Node] Setting-up "qsiprep_wf.single_subject_121186_wf.dwi_preproc_wf.pre_hmc_wf.merge_and_denoise_wf.dwi_qc_wf.raw_src" in "/out/tmp/qsiprep_wf/single_subject_121186_wf/dwi_preproc_wf/pre_hmc_wf/merge_and_denoise_wf/dwi_qc_wf/raw_src".
221020-03:15:14,587 nipype.workflow INFO:
	 [Node] Running "raw_src" ("qsiprep.interfaces.dsi_studio.DSIStudioCreateSrc"), a CommandLine Interface with command:
dsi_studio --action=src  --bval=/data/sub-121186/dwi/sub-121186_dwi.bval --bvec=/data/sub-121186/dwi/sub-121186_dwi.bvec --source=/out/tmp/qsiprep_wf/single_subject_121186_wf/dwi_preproc_wf/pre_hmc_wf/merge_and_denoise_wf/raw_merge/sub-121186_dwi_merged.nii.gz --threads=1 --output=/out/tmp/qsiprep_wf/single_subject_121186_wf/dwi_preproc_wf/pre_hmc_wf/merge_and_denoise_wf/dwi_qc_wf/raw_src/sub-121186_dwi_merged.src.gz
221020-03:15:14,622 nipype.workflow INFO:
	 [Node] Setting-up "qsiprep_wf.single_subject_121186_wf.dwi_preproc_wf.pre_hmc_wf.dwi_qc_wf.raw_src" in "/out/tmp/qsiprep_wf/single_subject_121186_wf/dwi_preproc_wf/pre_hmc_wf/dwi_qc_wf/raw_src".
221020-03:15:14,629 nipype.workflow INFO:
	 [Node] Setting-up "qsiprep_wf.single_subject_121186_wf.dwi_preproc_wf.test_pre_hmc_connect" in "/out/tmp/qsiprep_wf/single_subject_121186_wf/dwi_preproc_wf/test_pre_hmc_connect".
221020-03:15:14,642 nipype.workflow INFO:
	 [Node] Running "test_pre_hmc_connect" ("qsiprep.interfaces.utils.TestInput")
221020-03:15:14,644 nipype.workflow INFO:
	 [Node] Running "raw_src" ("qsiprep.interfaces.dsi_studio.DSIStudioCreateSrc"), a CommandLine Interface with command:
dsi_studio --action=src  --bval=/data/sub-121186/dwi/sub-121186_dwi.bval --bvec=/data/sub-121186/dwi/sub-121186_dwi.bvec --source=/out/tmp/qsiprep_wf/single_subject_121186_wf/dwi_preproc_wf/pre_hmc_wf/merge_and_denoise_wf/raw_merge/sub-121186_dwi_merged.nii.gz --threads=1 --output=/out/tmp/qsiprep_wf/single_subject_121186_wf/dwi_preproc_wf/pre_hmc_wf/dwi_qc_wf/raw_src/sub-121186_dwi_merged.src.gz
221020-03:15:14,644 nipype.workflow WARNING:
	 Storing result file without outputs
221020-03:15:14,648 nipype.workflow INFO:
	 [Node] Finished "qsiprep_wf.single_subject_121186_wf.dwi_preproc_wf.test_pre_hmc_connect".
221020-03:15:42,718 nipype.workflow ERROR:
	 Node raw_src failed to run on host c506-054.stampede2.tacc.utexas.edu.
221020-03:15:42,751 nipype.workflow ERROR:
	 Saving crash info to /out/qsiprep/sub-121186/log/20221020-031259_b22a5733-262f-444f-99ff-a6323c4bd7fc/crash-20221020-031542-tg881334-raw_src-ab54154b-a69b-4dce-8b6c-0a934ead422c.txt
Traceback (most recent call last):
  File "/usr/local/miniconda/lib/python3.7/shutil.py", line 557, in move
    os.rename(src, real_dst)
FileNotFoundError: [Errno 2] No such file or directory: '/out/tmp/qsiprep_wf/single_subject_121186_wf/dwi_preproc_wf/pre_hmc_wf/merge_and_denoise_wf/dwi_qc_wf/raw_src/_0xc3416d3311b1ef8b12d2a4bc497b747a_unfinished.json' -> '/out/tmp/qsiprep_wf/single_subject_121186_wf/dwi_preproc_wf/pre_hmc_wf/merge_and_denoise_wf/dwi_qc_wf/raw_src/_0xc3416d3311b1ef8b12d2a4bc497b747a.json'

During handling of the above exception, another exception occurred:

Traceback (most recent call last):
  File "/usr/local/miniconda/lib/python3.7/site-packages/nipype/pipeline/plugins/multiproc.py", line 67, in run_node
    result["result"] = node.run(updatehash=updatehash)
  File "/usr/local/miniconda/lib/python3.7/site-packages/nipype/pipeline/engine/nodes.py", line 531, in run
    shutil.move(hashfile_unfinished, hashfile_unfinished.replace("_unfinished", ""))
  File "/usr/local/miniconda/lib/python3.7/shutil.py", line 571, in move
    copy_function(src, real_dst)
  File "/usr/local/miniconda/lib/python3.7/shutil.py", line 257, in copy2
    copyfile(src, dst, follow_symlinks=follow_symlinks)
  File "/usr/local/miniconda/lib/python3.7/shutil.py", line 120, in copyfile
    with open(src, 'rb') as fsrc:
FileNotFoundError: [Errno 2] No such file or directory: '/out/tmp/qsiprep_wf/single_subject_121186_wf/dwi_preproc_wf/pre_hmc_wf/merge_and_denoise_wf/dwi_qc_wf/raw_src/_0xc3416d3311b1ef8b12d2a4bc497b747a_unfinished.json'

221020-03:15:42,800 nipype.workflow ERROR:
	 Node raw_src failed to run on host c506-054.stampede2.tacc.utexas.edu.
221020-03:15:42,804 nipype.workflow ERROR:
	 Saving crash info to /out/qsiprep/sub-121186/log/20221020-031259_b22a5733-262f-444f-99ff-a6323c4bd7fc/crash-20221020-031542-tg881334-raw_src-84a2301f-00bd-4953-9cd8-1603c28c7a0a.txt
Traceback (most recent call last):
  File "/usr/local/miniconda/lib/python3.7/shutil.py", line 557, in move
    os.rename(src, real_dst)
FileNotFoundError: [Errno 2] No such file or directory: '/out/tmp/qsiprep_wf/single_subject_121186_wf/dwi_preproc_wf/pre_hmc_wf/dwi_qc_wf/raw_src/_0xc3416d3311b1ef8b12d2a4bc497b747a_unfinished.json' -> '/out/tmp/qsiprep_wf/single_subject_121186_wf/dwi_preproc_wf/pre_hmc_wf/dwi_qc_wf/raw_src/_0xc3416d3311b1ef8b12d2a4bc497b747a.json'

During handling of the above exception, another exception occurred:

Traceback (most recent call last):
  File "/usr/local/miniconda/lib/python3.7/site-packages/nipype/pipeline/plugins/multiproc.py", line 67, in run_node
    result["result"] = node.run(updatehash=updatehash)
  File "/usr/local/miniconda/lib/python3.7/site-packages/nipype/pipeline/engine/nodes.py", line 531, in run
    shutil.move(hashfile_unfinished, hashfile_unfinished.replace("_unfinished", ""))
  File "/usr/local/miniconda/lib/python3.7/shutil.py", line 571, in move
    copy_function(src, real_dst)
  File "/usr/local/miniconda/lib/python3.7/shutil.py", line 257, in copy2
    copyfile(src, dst, follow_symlinks=follow_symlinks)
  File "/usr/local/miniconda/lib/python3.7/shutil.py", line 120, in copyfile
    with open(src, 'rb') as fsrc:
FileNotFoundError: [Errno 2] No such file or directory: '/out/tmp/qsiprep_wf/single_subject_121186_wf/dwi_preproc_wf/pre_hmc_wf/dwi_qc_wf/raw_src/_0xc3416d3311b1ef8b12d2a4bc497b747a_unfinished.json'

221020-03:16:30,196 nipype.workflow WARNING:
	 Storing result file without outputs
221020-03:16:30,201 nipype.workflow WARNING:
	 [Node] Error on "qsiprep_wf.single_subject_121186_wf.anat_preproc_wf.skullstrip_wf.t1_skull_strip" (/out/tmp/qsiprep_wf/single_subject_121186_wf/anat_preproc_wf/skullstrip_wf/t1_skull_strip)
221020-03:16:30,761 nipype.workflow ERROR:
	 Node t1_skull_strip failed to run on host c506-054.stampede2.tacc.utexas.edu.
221020-03:16:30,763 nipype.workflow ERROR:
	 Saving crash info to /out/qsiprep/sub-121186/log/20221020-031259_b22a5733-262f-444f-99ff-a6323c4bd7fc/crash-20221020-031630-tg881334-t1_skull_strip-b69c15c6-929c-4408-bd3d-537a700b5a62.txt
Traceback (most recent call last):
  File "/usr/local/miniconda/lib/python3.7/site-packages/nipype/pipeline/plugins/multiproc.py", line 67, in run_node
    result["result"] = node.run(updatehash=updatehash)
  File "/usr/local/miniconda/lib/python3.7/site-packages/nipype/pipeline/engine/nodes.py", line 516, in run
    result = self._run_interface(execute=True)
  File "/usr/local/miniconda/lib/python3.7/site-packages/nipype/pipeline/engine/nodes.py", line 635, in _run_interface
    return self._run_command(execute)
  File "/usr/local/miniconda/lib/python3.7/site-packages/nipype/pipeline/engine/nodes.py", line 741, in _run_command
    result = self._interface.run(cwd=outdir)
  File "/usr/local/miniconda/lib/python3.7/site-packages/nipype/interfaces/base/core.py", line 428, in run
    runtime = self._run_interface(runtime)
  File "/usr/local/miniconda/lib/python3.7/site-packages/nipype/interfaces/ants/segmentation.py", line 1009, in _run_interface
    runtime = super(BrainExtraction, self)._run_interface(runtime)
  File "/usr/local/miniconda/lib/python3.7/site-packages/nipype/interfaces/base/core.py", line 822, in _run_interface
    self.raise_exception(runtime)
  File "/usr/local/miniconda/lib/python3.7/site-packages/nipype/interfaces/base/core.py", line 753, in raise_exception
    ).format(**runtime.dictcopy())
RuntimeError: Command:
antsBrainExtraction.sh -a /out/tmp/qsiprep_wf/single_subject_121186_wf/anat_preproc_wf/anat_template_wf/t1_conform/mapflow/_t1_conform0/sub-121186_T1w_lps.nii.gz -m /out/tmp/qsiprep_wf/single_subject_121186_wf/anat_preproc_wf/skullstrip_wf/t1_skull_strip/tpl-OASIS30ANTs_res-01_class-brainmask_probtissue.nii.gz -e /niworkflows_data/tpl-OASIS30ANTs/tpl-OASIS30ANTs_res-01_T1w.nii.gz -d 3 -f /niworkflows_data/tpl-OASIS30ANTs/tpl-OASIS30ANTs_res-01_label-BrainCerebellumExtraction_roi.nii.gz -s nii.gz -k 1 -o highres001_ -q 1 -u 1
Standard output:
 
Will run Atropos segmentation with K=3. Classes labeled in order of mean intensity. Assuming CSF=1, GM=2, WM=3

The output directory "highres001_" does not exist. Making it.
---------------------  Running antsBrainExtraction.sh on c506-054.stampede2.tacc.utexas.edu  ---------------------

--------------------------------------------------------------------------------------
 Bias correction of anatomical images (pre brain extraction)
   1) pre-process by truncating the image intensities
   2) run N4
--------------------------------------------------------------------------------------

BEGIN >>>>>>>>>>>>>>>>>>>>
/opt/ants-latest/bin/ImageMath 3 highres001_N4Truncated0.nii.gz TruncateImageIntensity /out/tmp/qsiprep_wf/single_subject_121186_wf/anat_preproc_wf/anat_template_wf/t1_conform/mapflow/_t1_conform0/sub-121186_T1w_lps.nii.gz 0.01 0.999 256
END   <<<<<<<<<<<<<<<<<<<<


BEGIN >>>>>>>>>>>>>>>>>>>>
/opt/ants-latest/bin/N4BiasFieldCorrection -d 3 -i highres001_N4Truncated0.nii.gz -s 4 -c [ 50x50x50x50,0.0000001 ] -b [ 200 ] -o highres001_N4Corrected0.nii.gz --verbose 1

Running N4 for 3-dimensional images.

Mask not read.  Using the entire image as the mask.

Original intensity range:  [25.8223, 5638.17]
Specified spline distance: 200mm
  original image size:  [512, 512, 124]
  padded image size:  [513, 513, 201]
  number of control points:  [4, 4, 4]

Current level = 1
  Iteration 1 (of 50).   Current convergence value = 0.000195382 (threshold = 1e-07)
  Iteration 2 (of 50).   Current convergence value = 0.000190905 (threshold = 1e-07)
  Iteration 3 (of 50).   Current convergence value = 0.000187188 (threshold = 1e-07)
  Iteration 4 (of 50).   Current convergence value = 0.000184174 (threshold = 1e-07)
  Iteration 5 (of 50).   Current convergence value = 0.000182148 (threshold = 1e-07)
  Iteration 6 (of 50).   Current convergence value = 0.000181175 (threshold = 1e-07)
  Iteration 7 (of 50).   Current convergence value = 0.000181227 (threshold = 1e-07)
  Iteration 8 (of 50).   Current convergence value = 0.00018251 (threshold = 1e-07)
  Iteration 9 (of 50).   Current convergence value = 0.000184804 (threshold = 1e-07)
  Iteration 10 (of 50).   Current convergence value = 0.000187753 (threshold = 1e-07)
  Iteration 11 (of 50).   Current convergence value = 0.000191253 (threshold = 1e-07)
  Iteration 12 (of 50).   Current convergence value = 0.000195005 (threshold = 1e-07)
  Iteration 13 (of 50).   Current convergence value = 0.000199018 (threshold = 1e-07)
  Iteration 14 (of 50).   Current convergence value = 0.000202551 (threshold = 1e-07)
  Iteration 15 (of 50).   Current convergence value = 0.00019625 (threshold = 1e-07)
  Iteration 16 (of 50).   Current convergence value = 0.000189887 (threshold = 1e-07)
  Iteration 17 (of 50).   Current convergence value = 0.000183617 (threshold = 1e-07)
  Iteration 18 (of 50).   Current convergence value = 0.000177425 (threshold = 1e-07)
  Iteration 19 (of 50).   Current convergence value = 0.000171538 (threshold = 1e-07)
  Iteration 20 (of 50).   Current convergence value = 0.00016579 (threshold = 1e-07)
  Iteration 21 (of 50).   Current convergence value = 0.00015991 (threshold = 1e-07)
  Iteration 22 (of 50).   Current convergence value = 0.000154414 (threshold = 1e-07)
  Iteration 23 (of 50).   Current convergence value = 0.000148931 (threshold = 1e-07)
  Iteration 24 (of 50).   Current convergence value = 0.000143748 (threshold = 1e-07)
  Iteration 25 (of 50).   Current convergence value = 0.000138915 (threshold = 1e-07)
  Iteration 26 (of 50).   Current convergence value = 0.000134059 (threshold = 1e-07)
  Iteration 27 (of 50).   Current convergence value = 0.000129242 (threshold = 1e-07)
  Iteration 28 (of 50).   Current convergence value = 0.000124627 (threshold = 1e-07)
  Iteration 29 (of 50).   Current convergence value = 0.000120335 (threshold = 1e-07)
  Iteration 30 (of 50).   Current convergence value = 0.000116203 (threshold = 1e-07)
  Iteration 31 (of 50).   Current convergence value = 0.000112087 (threshold = 1e-07)
  Iteration 32 (of 50).   Current convergence value = 0.000108084 (threshold = 1e-07)
  Iteration 33 (of 50).   Current convergence value = 0.000104323 (threshold = 1e-07)
  Iteration 34 (of 50).   Current convergence value = 0.000100761 (threshold = 1e-07)
  Iteration 35 (of 50).   Current convergence value = 9.72333e-05 (threshold = 1e-07)
  Iteration 36 (of 50).   Current convergence value = 9.39171e-05 (threshold = 1e-07)
  Iteration 37 (of 50).   Current convergence value = 9.07643e-05 (threshold = 1e-07)
  Iteration 38 (of 50).   Current convergence value = 8.76965e-05 (threshold = 1e-07)
  Iteration 39 (of 50).   Current convergence value = 8.48028e-05 (threshold = 1e-07)
  Iteration 40 (of 50).   Current convergence value = 8.19979e-05 (threshold = 1e-07)
  Iteration 41 (of 50).   Current convergence value = 7.93371e-05 (threshold = 1e-07)
  Iteration 42 (of 50).   Current convergence value = 7.68574e-05 (threshold = 1e-07)
  Iteration 43 (of 50).   Current convergence value = 7.44756e-05 (threshold = 1e-07)
  Iteration 44 (of 50).   Current convergence value = 7.20964e-05 (threshold = 1e-07)
  Iteration 45 (of 50).   Current convergence value = 6.99993e-05 (threshold = 1e-07)
  Iteration 46 (of 50).   Current convergence value = 6.78435e-05 (threshold = 1e-07)
  Iteration 47 (of 50).   Current convergence value = 6.58046e-05 (threshold = 1e-07)
  Iteration 48 (of 50).   Current convergence value = 6.38318e-05 (threshold = 1e-07)
  Iteration 49 (of 50).   Current convergence value = 6.19949e-05 (threshold = 1e-07)
  Iteration 50 (of 50).   Current convergence value = 6.02336e-05 (threshold = 1e-07)
Current level = 2
  Iteration 1 (of 50).   Current convergence value = 0.000594363 (threshold = 1e-07)
  Iteration 2 (of 50).   Current convergence value = 0.000571149 (threshold = 1e-07)
  Iteration 3 (of 50).   Current convergence value = 0.000547984 (threshold = 1e-07)
  Iteration 4 (of 50).   Current convergence value = 0.000524602 (threshold = 1e-07)
  Iteration 5 (of 50).   Current convergence value = 0.000501603 (threshold = 1e-07)
  Iteration 6 (of 50).   Current convergence value = 0.000479302 (threshold = 1e-07)
  Iteration 7 (of 50).   Current convergence value = 0.000458179 (threshold = 1e-07)
  Iteration 8 (of 50).   Current convergence value = 0.000437408 (threshold = 1e-07)
  Iteration 9 (of 50).   Current convergence value = 0.000417195 (threshold = 1e-07)
  Iteration 10 (of 50).   Current convergence value = 0.000396929 (threshold = 1e-07)
  Iteration 11 (of 50).   Current convergence value = 0.000377513 (threshold = 1e-07)
  Iteration 12 (of 50).   Current convergence value = 0.00035859 (threshold = 1e-07)
  Iteration 13 (of 50).   Current convergence value = 0.000340686 (threshold = 1e-07)
  Iteration 14 (of 50).   Current convergence value = 0.000331736 (threshold = 1e-07)
  Iteration 15 (of 50).   Current convergence value = 0.000323786 (threshold = 1e-07)
  Iteration 16 (of 50).   Current convergence value = 0.000316243 (threshold = 1e-07)
  Iteration 17 (of 50).   Current convergence value = 0.000309253 (threshold = 1e-07)
  Iteration 18 (of 50).   Current convergence value = 0.000302748 (threshold = 1e-07)
  Iteration 19 (of 50).   Current convergence value = 0.000296405 (threshold = 1e-07)
  Iteration 20 (of 50).   Current convergence value = 0.000290586 (threshold = 1e-07)
  Iteration 21 (of 50).   Current convergence value = 0.00028497 (threshold = 1e-07)
  Iteration 22 (of 50).   Current convergence value = 0.000279549 (threshold = 1e-07)
  Iteration 23 (of 50).   Current convergence value = 0.00027454 (threshold = 1e-07)
  Iteration 24 (of 50).   Current convergence value = 0.000269759 (threshold = 1e-07)
  Iteration 25 (of 50).   Current convergence value = 0.000265137 (threshold = 1e-07)
  Iteration 26 (of 50).   Current convergence value = 0.000260788 (threshold = 1e-07)
  Iteration 27 (of 50).   Current convergence value = 0.000256426 (threshold = 1e-07)
  Iteration 28 (of 50).   Current convergence value = 0.0002525 (threshold = 1e-07)
  Iteration 29 (of 50).   Current convergence value = 0.000248589 (threshold = 1e-07)
  Iteration 30 (of 50).   Current convergence value = 0.000244636 (threshold = 1e-07)
  Iteration 31 (of 50).   Current convergence value = 0.000240991 (threshold = 1e-07)
  Iteration 32 (of 50).   Current convergence value = 0.000237954 (threshold = 1e-07)
  Iteration 33 (of 50).   Current convergence value = 0.000235961 (threshold = 1e-07)
  Iteration 34 (of 50).   Current convergence value = 0.000234468 (threshold = 1e-07)
  Iteration 35 (of 50).   Current convergence value = 0.000231586 (threshold = 1e-07)
  Iteration 36 (of 50).   Current convergence value = 0.000228385 (threshold = 1e-07)
  Iteration 37 (of 50).   Current convergence value = 0.000225214 (threshold = 1e-07)
  Iteration 38 (of 50).   Current convergence value = 0.000222633 (threshold = 1e-07)
  Iteration 39 (of 50).   Current convergence value = 0.000219663 (threshold = 1e-07)
  Iteration 40 (of 50).   Current convergence value = 0.000216729 (threshold = 1e-07)
  Iteration 41 (of 50).   Current convergence value = 0.000213598 (threshold = 1e-07)
  Iteration 42 (of 50).   Current convergence value = 0.000210555 (threshold = 1e-07)
  Iteration 43 (of 50).   Current convergence value = 0.00020773 (threshold = 1e-07)
  Iteration 44 (of 50).   Current convergence value = 0.000204848 (threshold = 1e-07)
  Iteration 45 (of 50).   Current convergence value = 0.000201735 (threshold = 1e-07)
  Iteration 46 (of 50).   Current convergence value = 0.000198716 (threshold = 1e-07)
  Iteration 47 (of 50).   Current convergence value = 0.000195597 (threshold = 1e-07)
  Iteration 48 (of 50).   Current convergence value = 0.000192524 (threshold = 1e-07)
  Iteration 49 (of 50).   Current convergence value = 0.000189448 (threshold = 1e-07)
  Iteration 50 (of 50).   Current convergence value = 0.000186466 (threshold = 1e-07)
Current level = 3
  Iteration 1 (of 50).   Current convergence value = 0.00137164 (threshold = 1e-07)
  Iteration 2 (of 50).   Current convergence value = 0.00132669 (threshold = 1e-07)
  Iteration 3 (of 50).   Current convergence value = 0.00128547 (threshold = 1e-07)
  Iteration 4 (of 50).   Current convergence value = 0.00124889 (threshold = 1e-07)
  Iteration 5 (of 50).   Current convergence value = 0.00121115 (threshold = 1e-07)
  Iteration 6 (of 50).   Current convergence value = 0.00116871 (threshold = 1e-07)
  Iteration 7 (of 50).   Current convergence value = 0.00113215 (threshold = 1e-07)
  Iteration 8 (of 50).   Current convergence value = 0.00110062 (threshold = 1e-07)
  Iteration 9 (of 50).   Current convergence value = 0.00107259 (threshold = 1e-07)
  Iteration 10 (of 50).   Current convergence value = 0.00104791 (threshold = 1e-07)
  Iteration 11 (of 50).   Current convergence value = 0.00102226 (threshold = 1e-07)
  Iteration 12 (of 50).   Current convergence value = 0.000988141 (threshold = 1e-07)
  Iteration 13 (of 50).   Current convergence value = 0.000951622 (threshold = 1e-07)
  Iteration 14 (of 50).   Current convergence value = 0.000918838 (threshold = 1e-07)
  Iteration 15 (of 50).   Current convergence value = 0.000889088 (threshold = 1e-07)
  Iteration 16 (of 50).   Current convergence value = 0.000862908 (threshold = 1e-07)
  Iteration 17 (of 50).   Current convergence value = 0.000844662 (threshold = 1e-07)
  Iteration 18 (of 50).   Current convergence value = 0.000828902 (threshold = 1e-07)
  Iteration 19 (of 50).   Current convergence value = 0.000814861 (threshold = 1e-07)
  Iteration 20 (of 50).   Current convergence value = 0.000802637 (threshold = 1e-07)
  Iteration 21 (of 50).   Current convergence value = 0.000784078 (threshold = 1e-07)
  Iteration 22 (of 50).   Current convergence value = 0.000763568 (threshold = 1e-07)
  Iteration 23 (of 50).   Current convergence value = 0.000744558 (threshold = 1e-07)
  Iteration 24 (of 50).   Current convergence value = 0.000726517 (threshold = 1e-07)
  Iteration 25 (of 50).   Current convergence value = 0.000710302 (threshold = 1e-07)
  Iteration 26 (of 50).   Current convergence value = 0.000697029 (threshold = 1e-07)
  Iteration 27 (of 50).   Current convergence value = 0.000688006 (threshold = 1e-07)
  Iteration 28 (of 50).   Current convergence value = 0.000681143 (threshold = 1e-07)
  Iteration 29 (of 50).   Current convergence value = 0.000675814 (threshold = 1e-07)
  Iteration 30 (of 50).   Current convergence value = 0.000670772 (threshold = 1e-07)
  Iteration 31 (of 50).   Current convergence value = 0.000665952 (threshold = 1e-07)
  Iteration 32 (of 50).   Current convergence value = 0.000655622 (threshold = 1e-07)
  Iteration 33 (of 50).   Current convergence value = 0.000643216 (threshold = 1e-07)
  Iteration 34 (of 50).   Current convergence value = 0.000632966 (threshold = 1e-07)
  Iteration 35 (of 50).   Current convergence value = 0.000622484 (threshold = 1e-07)
  Iteration 36 (of 50).   Current convergence value = 0.000612193 (threshold = 1e-07)
  Iteration 37 (of 50).   Current convergence value = 0.000602701 (threshold = 1e-07)
  Iteration 38 (of 50).   Current convergence value = 0.000594475 (threshold = 1e-07)
  Iteration 39 (of 50).   Current convergence value = 0.000587114 (threshold = 1e-07)
  Iteration 40 (of 50).   Current convergence value = 0.000580708 (threshold = 1e-07)
  Iteration 41 (of 50).   Current convergence value = 0.000573658 (threshold = 1e-07)
  Iteration 42 (of 50).   Current convergence value = 0.000566368 (threshold = 1e-07)
  Iteration 43 (of 50).   Current convergence value = 0.000560498 (threshold = 1e-07)
  Iteration 44 (of 50).   Current convergence value = 0.000554947 (threshold = 1e-07)
  Iteration 45 (of 50).   Current convergence value = 0.000543701 (threshold = 1e-07)
  Iteration 46 (of 50).   Current convergence value = 0.000531387 (threshold = 1e-07)
  Iteration 47 (of 50).   Current convergence value = 0.00052012 (threshold = 1e-07)
  Iteration 48 (of 50).   Current convergence value = 0.000510169 (threshold = 1e-07)
  Iteration 49 (of 50).   Current convergence value = 0.000498719 (threshold = 1e-07)
  Iteration 50 (of 50).   Current convergence value = 0.00048882 (threshold = 1e-07)
Current level = 4
  Iteration 1 (of 50).   Current convergence value = 0.00207074 (threshold = 1e-07)
  Iteration 2 (of 50).   Current convergence value = 0.00194812 (threshold = 1e-07)
  Iteration 3 (of 50).   Current convergence value = 0.00183754 (threshold = 1e-07)
  Iteration 4 (of 50).   Current convergence value = 0.00171391 (threshold = 1e-07)
  Iteration 5 (of 50).   Current convergence value = 0.00160637 (threshold = 1e-07)
  Iteration 6 (of 50).   Current convergence value = 0.00152331 (threshold = 1e-07)
  Iteration 7 (of 50).   Current convergence value = 0.00146414 (threshold = 1e-07)
  Iteration 8 (of 50).   Current convergence value = 0.00138664 (threshold = 1e-07)
  Iteration 9 (of 50).   Current convergence value = 0.00131125 (threshold = 1e-07)
  Iteration 10 (of 50).   Current convergence value = 0.00124514 (threshold = 1e-07)
  Iteration 11 (of 50).   Current convergence value = 0.0011971 (threshold = 1e-07)
  Iteration 12 (of 50).   Current convergence value = 0.0011579 (threshold = 1e-07)
  Iteration 13 (of 50).   Current convergence value = 0.00112856 (threshold = 1e-07)
  Iteration 14 (of 50).   Current convergence value = 0.00110112 (threshold = 1e-07)
  Iteration 15 (of 50).   Current convergence value = 0.0010594 (threshold = 1e-07)
  Iteration 16 (of 50).   Current convergence value = 0.001024 (threshold = 1e-07)
  Iteration 17 (of 50).   Current convergence value = 0.000990533 (threshold = 1e-07)
  Iteration 18 (of 50).   Current convergence value = 0.000965665 (threshold = 1e-07)
  Iteration 19 (of 50).   Current convergence value = 0.000943926 (threshold = 1e-07)
  Iteration 20 (of 50).   Current convergence value = 0.00092597 (threshold = 1e-07)
  Iteration 21 (of 50).   Current convergence value = 0.000914161 (threshold = 1e-07)
  Iteration 22 (of 50).   Current convergence value = 0.000905473 (threshold = 1e-07)
  Iteration 23 (of 50).   Current convergence value = 0.000901613 (threshold = 1e-07)
  Iteration 24 (of 50).   Current convergence value = 0.000900848 (threshold = 1e-07)
  Iteration 25 (of 50).   Current convergence value = 0.000899118 (threshold = 1e-07)
  Iteration 26 (of 50).   Current convergence value = 0.000885195 (threshold = 1e-07)
  Iteration 27 (of 50).   Current convergence value = 0.000864428 (threshold = 1e-07)
  Iteration 28 (of 50).   Current convergence value = 0.000846998 (threshold = 1e-07)
  Iteration 29 (of 50).   Current convergence value = 0.000832676 (threshold = 1e-07)
  Iteration 30 (of 50).   Current convergence value = 0.000822675 (threshold = 1e-07)
  Iteration 31 (of 50).   Current convergence value = 0.000812582 (threshold = 1e-07)
  Iteration 32 (of 50).   Current convergence value = 0.000804437 (threshold = 1e-07)
  Iteration 33 (of 50).   Current convergence value = 0.000797005 (threshold = 1e-07)
  Iteration 34 (of 50).   Current convergence value = 0.000791395 (threshold = 1e-07)
  Iteration 35 (of 50).   Current convergence value = 0.000788321 (threshold = 1e-07)
  Iteration 36 (of 50).   Current convergence value = 0.000786813 (threshold = 1e-07)
  Iteration 37 (of 50).   Current convergence value = 0.000786002 (threshold = 1e-07)
  Iteration 38 (of 50).   Current convergence value = 0.000786069 (threshold = 1e-07)
  Iteration 39 (of 50).   Current convergence value = 0.000782828 (threshold = 1e-07)
  Iteration 40 (of 50).   Current convergence value = 0.000779187 (threshold = 1e-07)
  Iteration 41 (of 50).   Current convergence value = 0.000776367 (threshold = 1e-07)
  Iteration 42 (of 50).   Current convergence value = 0.000773871 (threshold = 1e-07)
  Iteration 43 (of 50).   Current convergence value = 0.000763867 (threshold = 1e-07)
  Iteration 44 (of 50).   Current convergence value = 0.000754045 (threshold = 1e-07)
  Iteration 45 (of 50).   Current convergence value = 0.000745107 (threshold = 1e-07)
  Iteration 46 (of 50).   Current convergence value = 0.000738085 (threshold = 1e-07)
  Iteration 47 (of 50).   Current convergence value = 0.000731241 (threshold = 1e-07)
  Iteration 48 (of 50).   Current convergence value = 0.000725339 (threshold = 1e-07)
  Iteration 49 (of 50).   Current convergence value = 0.000720412 (threshold = 1e-07)
  Iteration 50 (of 50).   Current convergence value = 0.000717709 (threshold = 1e-07)
   N4BiasFieldCorrectionImageFilter (0x1518040)
     RTTI typeinfo:   itk::N4BiasFieldCorrectionImageFilter<itk::Image<float, 3u>, itk::Image<float, 3u>, itk::Image<float, 3u> >
     Reference Count: 1
     Modified Time: 576
     Debug: Off
     Object Name: 
     Observers: 
       IterationEvent(Command)
     Inputs: 
       ConfidenceImage: (0)
       MaskImage: (0x15259b0)
       Primary: (0x1527f60) *
     Indexed Inputs: 
       0: Primary (0x1527f60)
       1: MaskImage (0x15259b0)
       2: ConfidenceImage (0)
     Required Input Names: Primary
     NumberOfRequiredInputs: 1
     Outputs: 
       Primary: (0x151e430)
     Indexed Outputs: 
       0: Primary (0x151e430)
     NumberOfRequiredOutputs: 1
     Number Of Work Units: 32
     ReleaseDataFlag: Off
     ReleaseDataBeforeUpdateFlag: Off
     AbortGenerateData: Off
     Progress: 0
     Multithreader: 
       RTTI typeinfo:   itk::PoolMultiThreader
       Reference Count: 1
       Modified Time: 149
       Debug: Off
       Object Name: 
       Observers: 
         none
       Number of Work Units: 32
       Number of Threads: 8
       Global Maximum Number Of Threads: 128
       Global Default Number Of Threads: 8
       Global Default Threader Type: PoolMultiThreader
       SingleMethod: 0
       SingleData: 0
     DynamicMultiThreading: On
     CoordinateTolerance: 1e-06
     DirectionTolerance: 1e-06
     Use Mask Label: 0
     Mask label: 1
     Number of histogram bins: 200
     Wiener filter noise: 0.01
     Bias field FWHM: 0.15
     Maximum number of iterations: [50, 50, 50, 50]
     Convergence threshold: 1e-07
     Spline order: 3
     Number of fitting levels: [4, 4, 4]
     Number of control points: [4, 4, 4]
     CurrentConvergenceMeasurement: 0.000717709
     CurrentLevel: 4
     ElapsedIterations: 51
     LogBiasFieldControlPointLattice: 
       Image (0x1b6f3e0)
         RTTI typeinfo:   itk::Image<itk::Vector<float, 1u>, 3u>
         Reference Count: 1
         Modified Time: 347286
         Debug: Off
         Object Name: 
         Observers: 
           none
         Source: (none)
         Source output name: (none)
         Release Data: Off
         Data Released: False
         Global Release Data: Off
         PipelineMTime: 0
         UpdateMTime: 0
         RealTimeStamp: 0 seconds 
         LargestPossibleRegion: 
           Dimension: 3
           Index: [0, 0, 0]
           Size: [11, 11, 11]
         BufferedRegion: 
           Dimension: 3
           Index: [0, 0, 0]
           Size: [11, 11, 11]
         RequestedRegion: 
           Dimension: 3
           Index: [0, 0, 0]
           Size: [11, 11, 11]
         Spacing: [24.8031, 24.8031, 24.5]
         Origin: [-24.8031, -24.8031, -24.5]
         Direction: 
1 0 0
0 1 0
0 0 1

         IndexToPointMatrix: 
24.8031 0 0
0 24.8031 0
0 0 24.5

         PointToIndexMatrix: 
0.0403175 0 0
0 0.0403175 0
0 0 0.0408163

         Inverse Direction: 
1 0 0
0 1 0
0 0 1

         PixelContainer: 
           ImportImageContainer (0x1523ce0)
             RTTI typeinfo:   itk::ImportImageContainer<unsigned long, itk::Vector<float, 1u> >
             Reference Count: 1
             Modified Time: 347287
             Debug: Off
             Object Name: 
             Observers: 
               none
             Pointer: 0x1b6f6a0
             Container manages memory: true
             Size: 1331
             Capacity: 1331
Elapsed time: 69.6987
END   <<<<<<<<<<<<<<<<<<<<


Expected output was not produce.  The N4 corrected image doesn't exist:
   highres001_N4Corrected0.nii.gz
Standard error:

    Using antsBrainExtraction with the following arguments:
      image dimension         = 3
      anatomical image        = /out/tmp/qsiprep_wf/single_subject_121186_wf/anat_preproc_wf/anat_template_wf/t1_conform/mapflow/_t1_conform0/sub-121186_T1w_lps.nii.gz
      extraction template     = /niworkflows_data/tpl-OASIS30ANTs/tpl-OASIS30ANTs_res-01_T1w.nii.gz
      extraction reg. mask    = /niworkflows_data/tpl-OASIS30ANTs/tpl-OASIS30ANTs_res-01_label-BrainCerebellumExtraction_roi.nii.gz
      extraction prior        = /out/tmp/qsiprep_wf/single_subject_121186_wf/anat_preproc_wf/skullstrip_wf/t1_skull_strip/tpl-OASIS30ANTs_res-01_class-brainmask_probtissue.nii.gz
      output prefix           = highres001_
      output image suffix     = nii.gz

    N4 parameters (pre brain extraction):
      convergence             = [ 50x50x50x50,0.0000001 ]
      shrink factor           = 4
      B-spline parameters     = [ 200 ]

    Atropos parameters (extraction):
       convergence            = [ 3,0.0 ]
       likelihood             = Gaussian
       initialization         = kmeans[ 3 ]
       mrf                    = [ 0.1,1x1x1 ]
       use clock random seed  = 1

** ERROR (nifti_image_write_hdr_img2): cannot open output file 'highres001_N4Corrected0.nii.gz'
Return code: 1

221020-03:19:25,732 nipype.interface INFO:
	 Generating denoising visual report
221020-03:19:30,765 nipype.workflow WARNING:
	 Storing result file without outputs
221020-03:19:30,769 nipype.workflow WARNING:
	 [Node] Error on "qsiprep_wf.single_subject_121186_wf.dwi_preproc_wf.pre_hmc_wf.merge_and_denoise_wf.merged_denoise.denoiser" (/out/tmp/qsiprep_wf/single_subject_121186_wf/dwi_preproc_wf/pre_hmc_wf/merge_and_denoise_wf/merged_denoise/denoiser)
221020-03:19:30,930 nipype.workflow ERROR:
	 Node denoiser failed to run on host c506-054.stampede2.tacc.utexas.edu.
221020-03:19:30,933 nipype.workflow ERROR:
	 Saving crash info to /out/qsiprep/sub-121186/log/20221020-031259_b22a5733-262f-444f-99ff-a6323c4bd7fc/crash-20221020-031930-tg881334-denoiser-e504e20a-3bf8-41f0-9966-7fffafa9a307.txt
Traceback (most recent call last):
  File "/usr/local/miniconda/lib/python3.7/site-packages/nipype/pipeline/plugins/multiproc.py", line 67, in run_node
    result["result"] = node.run(updatehash=updatehash)
  File "/usr/local/miniconda/lib/python3.7/site-packages/nipype/pipeline/engine/nodes.py", line 516, in run
    result = self._run_interface(execute=True)
  File "/usr/local/miniconda/lib/python3.7/site-packages/nipype/pipeline/engine/nodes.py", line 635, in _run_interface
    return self._run_command(execute)
  File "/usr/local/miniconda/lib/python3.7/site-packages/nipype/pipeline/engine/nodes.py", line 741, in _run_command
    result = self._interface.run(cwd=outdir)
  File "/usr/local/miniconda/lib/python3.7/site-packages/nipype/interfaces/base/core.py", line 429, in run
    runtime = self._post_run_hook(runtime)
  File "/usr/local/miniconda/lib/python3.7/site-packages/nipype/interfaces/mixins/reporting.py", line 50, in _post_run_hook
    self._generate_report()
  File "/usr/local/miniconda/lib/python3.7/site-packages/qsiprep/interfaces/denoise.py", line 68, in _generate_report
    input_dwi, denoised_nii, field_nii = self._get_plotting_images()
  File "/usr/local/miniconda/lib/python3.7/site-packages/qsiprep/interfaces/mrtrix.py", line 193, in _get_plotting_images
    denoised_nii = load_img(ref_name)
  File "/usr/local/miniconda/lib/python3.7/site-packages/nilearn/image/image.py", line 1157, in load_img
    return check_niimg(img, wildcards=wildcards, dtype=dtype)
  File "/usr/local/miniconda/lib/python3.7/site-packages/nilearn/_utils/niimg_conversions.py", line 283, in check_niimg
    niimg = load_niimg(niimg, dtype=dtype)
  File "/usr/local/miniconda/lib/python3.7/site-packages/nilearn/_utils/niimg.py", line 128, in load_niimg
    niimg = nibabel.load(niimg)
  File "/usr/local/miniconda/lib/python3.7/site-packages/nibabel/loadsave.py", line 46, in load
    raise ImageFileError(f"Empty file: '{filename}'")
nibabel.filebasedimages.ImageFileError: Empty file: '/out/tmp/qsiprep_wf/single_subject_121186_wf/dwi_preproc_wf/pre_hmc_wf/merge_and_denoise_wf/merged_denoise/denoiser/sub-121186_dwi_denoised.nii.gz'

221020-03:19:32,930 nipype.workflow ERROR:
	 could not run node: qsiprep_wf.single_subject_121186_wf.dwi_preproc_wf.pre_hmc_wf.merge_and_denoise_wf.dwi_qc_wf.raw_src
221020-03:19:32,932 nipype.workflow ERROR:
	 could not run node: qsiprep_wf.single_subject_121186_wf.dwi_preproc_wf.pre_hmc_wf.dwi_qc_wf.raw_src
221020-03:19:32,934 nipype.workflow ERROR:
	 could not run node: qsiprep_wf.single_subject_121186_wf.anat_preproc_wf.skullstrip_wf.t1_skull_strip
221020-03:19:32,936 nipype.workflow ERROR:
	 could not run node: qsiprep_wf.single_subject_121186_wf.dwi_preproc_wf.pre_hmc_wf.merge_and_denoise_wf.merged_denoise.denoiser
221020-03:19:42,895 nipype.workflow INFO:
	 Running with omp_nthreads=8, nthreads=96
221020-03:19:42,897 nipype.workflow IMPORTANT:
	 
    Running qsiprep version 0.14.3:
      * BIDS dataset path: /data.
      * Participant list: ['131637'].
      * Run identifier: 20221020-031938_627ce901-cae5-4624-b53a-8770de319174.
    
221020-03:19:43,297 nipype.utils WARNING:
	 A newer version (1.8.4) of nipy/nipype is available. You are using 1.6.1
221020-03:19:43,929 nipype.workflow INFO:
	 Combining all 1 dwis within the single available session
221020-03:19:43,943 nipype.workflow INFO:
	 [{'dwi_series': ['/data/sub-131637/dwi/sub-131637_dwi.nii.gz'], 'fieldmap_info': {'suffix': None}, 'dwi_series_pedir': 'j', 'concatenated_bids_name': 'sub-131637'}]
221020-03:19:44,27 nipype.workflow IMPORTANT:
	 Creating dwi processing workflow "dwi_preproc_wf" to produce output sub-131637 (1.12 GB / 36 DWIs). Memory resampled/largemem=1.49/1.61 GB.
221020-03:19:44,30 nipype.workflow INFO:
	 Automatically using 5, 5, 5 window for dwidenoise
221020-03:19:44,54 nipype.workflow INFO:
	 Using 8 threads in eddy
221020-03:19:47,104 nipype.workflow IMPORTANT:
	 Works derived from this qsiprep execution should include the following boilerplate:


Preprocessing was performed using *QSIPrep* 0.14.3,
which is based on *Nipype* 1.6.1
(@nipype1; @nipype2; RRID:SCR_002502).

Anatomical data preprocessing

: The T1-weighted (T1w) image was corrected for intensity non-uniformity (INU)
using `N4BiasFieldCorrection` [@n4, ANTs 2.3.1],
and used as T1w-reference throughout the workflow.
The T1w-reference was then skull-stripped using `antsBrainExtraction.sh`
(ANTs 2.3.1), using OASIS as target template.
Brain surfaces were reconstructed using `recon-all` [FreeSurfer 6.0.1,
RRID:SCR_001847, @fs_reconall], and the brain mask estimated
previously was refined with a custom variation of the method to reconcile
ANTs-derived and FreeSurfer-derived segmentations of the cortical
gray-matter of Mindboggle [RRID:SCR_002438, @mindboggle].
Spatial normalization to the ICBM 152 Nonlinear Asymmetrical
template version 2009c [@mni, RRID:SCR_008796] was performed
through nonlinear registration with `antsRegistration`
[ANTs 2.3.1, RRID:SCR_004757, @ants], using
brain-extracted versions of both T1w volume and template.
Brain tissue segmentation of cerebrospinal fluid (CSF),
white-matter (WM) and gray-matter (GM) was performed on
the brain-extracted T1w using `FAST` [FSL 6.0.3:b862cdd5, RRID:SCR_002823,
@fsl_fast].


Diffusion data preprocessing

: Any images with a b-value less than 100 s/mm^2 were treated as a *b*=0 image. MP-PCA denoising as implemented in MRtrix3's `dwidenoise`[@dwidenoise1] was applied with a 5-voxel window. After MP-PCA, Gibbs unringing was performed using MRtrix3's `mrdegibbs` [@mrdegibbs]. Following unringing, B1 field inhomogeneity was corrected using `dwibiascorrect` from MRtrix3 with the N4 algorithm [@n4]. After B1 bias correction, the mean intensity of the DWI series was adjusted so all the mean intensity of the b=0 images matched across eachseparate DWI scanning sequence.

FSL (version 6.0.3:b862cdd5)'s eddy was used for head motion correction and Eddy current correction [@anderssoneddy]. Eddy was configured with a $q$-space smoothing factor of 10, a total of 5 iterations, and 1000 voxels used to estimate hyperparameters. A linear first level model and a linear second level model were used to characterize Eddy current-related spatial distortion. $q$-space coordinates were forcefully assigned to shells. Field offset was attempted to be separated from subject movement. Shells were aligned post-eddy. Eddy's outlier replacement was run [@eddyrepol]. Data were grouped by slice, only including values from slices determined to contain at least 250 intracerebral voxels. Groups deviating by more than 4 standard deviations from the prediction had their data replaced with imputed values. Final interpolation was performed using the `jac` method.

Several confounding time-series were calculated based on the
preprocessed DWI: framewise displacement (FD) using the
implementation in *Nipype* [following the definitions by @power_fd_dvars].
The head-motion estimates calculated in the correction step were also
placed within the corresponding confounds file. Slicewise cross correlation
was also calculated.
The DWI time-series were resampled to ACPC,
generating a *preprocessed DWI run in ACPC space* with 1.2mm isotropic voxels.


Many internal operations of *QSIPrep* use
*Nilearn* 0.8.1 [@nilearn, RRID:SCR_001362] and
*Dipy* [@dipy].
For more details of the pipeline, see [the section corresponding
to workflows in *QSIPrep*'s documentation](https://qsiprep.readthedocs.io/en/latest/workflows.html "QSIPrep's documentation").


### References


221020-03:20:02,377 nipype.workflow INFO:
	 [Node] Setting-up "qsiprep_wf.single_subject_131637_wf.bidssrc" in "/out/tmp/qsiprep_wf/single_subject_131637_wf/bidssrc".
221020-03:20:04,633 nipype.workflow INFO:
	 [Node] Setting-up "qsiprep_wf.single_subject_131637_wf.anat_preproc_wf.output_grid_wf.autobox_template" in "/out/tmp/qsiprep_wf/single_subject_131637_wf/anat_preproc_wf/output_grid_wf/autobox_template".
221020-03:20:07,462 nipype.workflow INFO:
	 [Node] Setting-up "qsiprep_wf.single_subject_131637_wf.dwi_preproc_wf.pre_hmc_wf.merge_and_denoise_wf.conform_dwis01" in "/out/tmp/qsiprep_wf/single_subject_131637_wf/dwi_preproc_wf/pre_hmc_wf/merge_and_denoise_wf/conform_dwis01".
221020-03:20:12,742 nipype.workflow INFO:
	 [Node] Running "bidssrc" ("qsiprep.interfaces.bids.BIDSDataGrabber")
221020-03:20:12,745 nipype.interface WARNING:
	 No 't2w' images found for sub-<undefined>
221020-03:20:12,745 nipype.interface WARNING:
	 No 'flair' images found for sub-<undefined>
221020-03:20:12,745 nipype.interface WARNING:
	 No 'fmap' images found for sub-<undefined>
221020-03:20:12,745 nipype.interface WARNING:
	 No 'sbref' images found for sub-<undefined>
221020-03:20:12,745 nipype.interface WARNING:
	 No 'roi' images found for sub-<undefined>
221020-03:20:13,77 nipype.workflow INFO:
	 [Node] Finished "qsiprep_wf.single_subject_131637_wf.bidssrc".
221020-03:20:13,79 nipype.workflow INFO:
	 [Node] Running "conform_dwis01" ("qsiprep.interfaces.images.ConformDwi")
221020-03:20:13,83 nipype.workflow INFO:
	 [Node] Running "autobox_template" ("nipype.interfaces.afni.utils.Autobox"), a CommandLine Interface with command:
3dAutobox -input /out/tmp/qsiprep_wf/single_subject_131637_wf/anat_preproc_wf/output_grid_wf/autobox_template/mni_1mm_t1w_lps.nii.gz -prefix mni_1mm_t1w_lps_autobox.nii.gz -npad 8
221020-03:20:15,893 nipype.workflow INFO:
	 [Node] Finished "qsiprep_wf.single_subject_131637_wf.anat_preproc_wf.output_grid_wf.autobox_template".
221020-03:20:16,640 nipype.workflow INFO:
	 [Node] Setting-up "qsiprep_wf.single_subject_131637_wf.anat_preproc_wf.anat_template_wf.t1_template_dimensions" in "/out/tmp/qsiprep_wf/single_subject_131637_wf/anat_preproc_wf/anat_template_wf/t1_template_dimensions".
221020-03:20:16,784 nipype.workflow INFO:
	 [Node] Setting-up "qsiprep_wf.single_subject_131637_wf.anat_preproc_wf.output_grid_wf.deoblique_autobox" in "/out/tmp/qsiprep_wf/single_subject_131637_wf/anat_preproc_wf/output_grid_wf/deoblique_autobox".
221020-03:20:16,800 nipype.workflow INFO:
	 [Node] Running "deoblique_autobox" ("nipype.interfaces.afni.preprocess.Warp"), a CommandLine Interface with command:
3dWarp -deoblique -prefix mni_1mm_t1w_lps_autobox_warp.nii.gz /out/tmp/qsiprep_wf/single_subject_131637_wf/anat_preproc_wf/output_grid_wf/deoblique_autobox/mni_1mm_t1w_lps_autobox.nii.gz
221020-03:20:17,123 nipype.utils WARNING:
	 A newer version (1.8.4) of nipy/nipype is available. You are using 1.6.1
221020-03:20:17,754 nipype.workflow INFO:
	 [Node] Running "t1_template_dimensions" ("qsiprep.niworkflows.interfaces.images.TemplateDimensions")
221020-03:20:17,899 nipype.workflow INFO:
	 [Node] Finished "qsiprep_wf.single_subject_131637_wf.anat_preproc_wf.anat_template_wf.t1_template_dimensions".
221020-03:20:18,717 nipype.workflow INFO:
	 [Node] Setting-up "qsiprep_wf.single_subject_131637_wf.anat_preproc_wf.anat_derivatives_wf.t1_name" in "/out/tmp/qsiprep_wf/single_subject_131637_wf/anat_preproc_wf/anat_derivatives_wf/t1_name".
221020-03:20:19,885 nipype.workflow INFO:
	 [Node] Finished "qsiprep_wf.single_subject_131637_wf.anat_preproc_wf.output_grid_wf.deoblique_autobox".
221020-03:20:20,485 nipype.workflow INFO:
	 [Node] Running "t1_name" ("nipype.interfaces.utility.wrappers.Function")
221020-03:20:20,524 nipype.workflow INFO:
	 [Node] Finished "qsiprep_wf.single_subject_131637_wf.anat_preproc_wf.anat_derivatives_wf.t1_name".
221020-03:20:20,784 nipype.workflow INFO:
	 [Node] Setting-up "qsiprep_wf.single_subject_131637_wf.anat_preproc_wf.output_grid_wf.resample_to_voxel_size" in "/out/tmp/qsiprep_wf/single_subject_131637_wf/anat_preproc_wf/output_grid_wf/resample_to_voxel_size".
221020-03:20:20,799 nipype.workflow INFO:
	 [Node] Running "resample_to_voxel_size" ("nipype.interfaces.afni.utils.Resample"), a CommandLine Interface with command:
3dresample -prefix mni_1mm_t1w_lps_autobox_warp_resample.nii.gz -dxyz 1.200000 1.200000 1.200000 -inset /out/tmp/qsiprep_wf/single_subject_131637_wf/anat_preproc_wf/output_grid_wf/resample_to_voxel_size/mni_1mm_t1w_lps_autobox_warp.nii.gz
221020-03:20:21,360 nipype.workflow INFO:
	 [Node] Setting-up "qsiprep_wf.single_subject_131637_wf.anat_preproc_wf.anat_template_wf.t1_conform" in "/out/tmp/qsiprep_wf/single_subject_131637_wf/anat_preproc_wf/anat_template_wf/t1_conform".
221020-03:20:21,386 nipype.workflow INFO:
	 [Node] Setting-up "_t1_conform0" in "/out/tmp/qsiprep_wf/single_subject_131637_wf/anat_preproc_wf/anat_template_wf/t1_conform/mapflow/_t1_conform0".
221020-03:20:21,394 nipype.workflow INFO:
	 [Node] Running "_t1_conform0" ("qsiprep.interfaces.images.Conform")
221020-03:20:22,577 nipype.workflow INFO:
	 [Node] Finished "qsiprep_wf.single_subject_131637_wf.anat_preproc_wf.output_grid_wf.resample_to_voxel_size".
221020-03:20:23,399 nipype.interface INFO:
	 Not applying reorientation to /data/sub-131637/dwi/sub-131637_dwi.nii.gz: already in LAS
221020-03:20:23,443 nipype.workflow INFO:
	 [Node] Finished "qsiprep_wf.single_subject_131637_wf.dwi_preproc_wf.pre_hmc_wf.merge_and_denoise_wf.conform_dwis01".
221020-03:20:24,692 nipype.workflow INFO:
	 [Node] Setting-up "qsiprep_wf.single_subject_131637_wf.dwi_preproc_wf.pre_hmc_wf.merge_and_denoise_wf.conformed_images" in "/out/tmp/qsiprep_wf/single_subject_131637_wf/dwi_preproc_wf/pre_hmc_wf/merge_and_denoise_wf/conformed_images".
221020-03:20:24,694 nipype.workflow INFO:
	 [Node] Setting-up "qsiprep_wf.single_subject_131637_wf.dwi_preproc_wf.pre_hmc_wf.merge_and_denoise_wf.conformed_raw_images" in "/out/tmp/qsiprep_wf/single_subject_131637_wf/dwi_preproc_wf/pre_hmc_wf/merge_and_denoise_wf/conformed_raw_images".
221020-03:20:24,695 nipype.workflow INFO:
	 [Node] Setting-up "qsiprep_wf.single_subject_131637_wf.dwi_preproc_wf.pre_hmc_wf.merge_and_denoise_wf.conformed_bvals" in "/out/tmp/qsiprep_wf/single_subject_131637_wf/dwi_preproc_wf/pre_hmc_wf/merge_and_denoise_wf/conformed_bvals".
221020-03:20:24,696 nipype.workflow INFO:
	 [Node] Setting-up "qsiprep_wf.single_subject_131637_wf.dwi_preproc_wf.pre_hmc_wf.merge_and_denoise_wf.conformed_bvecs" in "/out/tmp/qsiprep_wf/single_subject_131637_wf/dwi_preproc_wf/pre_hmc_wf/merge_and_denoise_wf/conformed_bvecs".
221020-03:20:24,697 nipype.workflow INFO:
	 [Node] Setting-up "qsiprep_wf.single_subject_131637_wf.dwi_preproc_wf.pre_hmc_wf.merge_and_denoise_wf.conformation_reports" in "/out/tmp/qsiprep_wf/single_subject_131637_wf/dwi_preproc_wf/pre_hmc_wf/merge_and_denoise_wf/conformation_reports".
221020-03:20:25,744 nipype.workflow INFO:
	 [Node] Finished "_t1_conform0".
221020-03:20:25,753 nipype.workflow INFO:
	 [Node] Finished "qsiprep_wf.single_subject_131637_wf.anat_preproc_wf.anat_template_wf.t1_conform".
221020-03:20:26,751 nipype.workflow INFO:
	 [Node] Setting-up "qsiprep_wf.single_subject_131637_wf.anat_preproc_wf.skullstrip_wf.t1_skull_strip" in "/out/tmp/qsiprep_wf/single_subject_131637_wf/anat_preproc_wf/skullstrip_wf/t1_skull_strip".
221020-03:20:27,585 nipype.workflow INFO:
	 [Node] Running "conformed_images" ("nipype.interfaces.utility.base.Merge")
221020-03:20:27,599 nipype.workflow INFO:
	 [Node] Finished "qsiprep_wf.single_subject_131637_wf.dwi_preproc_wf.pre_hmc_wf.merge_and_denoise_wf.conformed_images".
221020-03:20:27,609 nipype.workflow INFO:
	 [Node] Running "conformed_bvals" ("nipype.interfaces.utility.base.Merge")
221020-03:20:27,612 nipype.workflow INFO:
	 [Node] Running "conformed_raw_images" ("nipype.interfaces.utility.base.Merge")
221020-03:20:27,623 nipype.workflow INFO:
	 [Node] Finished "qsiprep_wf.single_subject_131637_wf.dwi_preproc_wf.pre_hmc_wf.merge_and_denoise_wf.conformed_bvals".
221020-03:20:27,626 nipype.workflow INFO:
	 [Node] Finished "qsiprep_wf.single_subject_131637_wf.dwi_preproc_wf.pre_hmc_wf.merge_and_denoise_wf.conformed_raw_images".
221020-03:20:27,641 nipype.workflow INFO:
	 [Node] Running "conformation_reports" ("nipype.interfaces.utility.base.Merge")
221020-03:20:27,655 nipype.workflow INFO:
	 [Node] Finished "qsiprep_wf.single_subject_131637_wf.dwi_preproc_wf.pre_hmc_wf.merge_and_denoise_wf.conformation_reports".
221020-03:20:27,862 nipype.workflow INFO:
	 [Node] Running "conformed_bvecs" ("nipype.interfaces.utility.base.Merge")
221020-03:20:27,874 nipype.workflow INFO:
	 [Node] Finished "qsiprep_wf.single_subject_131637_wf.dwi_preproc_wf.pre_hmc_wf.merge_and_denoise_wf.conformed_bvecs".
221020-03:20:29,422 nipype.workflow INFO:
	 [Node] Running "t1_skull_strip" ("nipype.interfaces.ants.segmentation.BrainExtraction"), a CommandLine Interface with command:
antsBrainExtraction.sh -a /out/tmp/qsiprep_wf/single_subject_131637_wf/anat_preproc_wf/anat_template_wf/t1_conform/mapflow/_t1_conform0/sub-131637_T1w_lps.nii.gz -m /out/tmp/qsiprep_wf/single_subject_131637_wf/anat_preproc_wf/skullstrip_wf/t1_skull_strip/tpl-OASIS30ANTs_res-01_class-brainmask_probtissue.nii.gz -e /niworkflows_data/tpl-OASIS30ANTs/tpl-OASIS30ANTs_res-01_T1w.nii.gz -d 3 -f /niworkflows_data/tpl-OASIS30ANTs/tpl-OASIS30ANTs_res-01_label-BrainCerebellumExtraction_roi.nii.gz -s nii.gz -k 1 -o highres001_ -q 1 -u 1
221020-03:20:31,206 nipype.workflow INFO:
	 [Node] Setting-up "qsiprep_wf.single_subject_131637_wf.dwi_preproc_wf.pre_hmc_wf.merge_and_denoise_wf.merge_dwis" in "/out/tmp/qsiprep_wf/single_subject_131637_wf/dwi_preproc_wf/pre_hmc_wf/merge_and_denoise_wf/merge_dwis".
221020-03:20:31,219 nipype.workflow INFO:
	 [Node] Running "merge_dwis" ("qsiprep.interfaces.dwi_merge.MergeDWIs")
221020-03:20:31,433 nipype.workflow INFO:
	 [Node] Setting-up "qsiprep_wf.single_subject_131637_wf.dwi_preproc_wf.pre_hmc_wf.merge_and_denoise_wf.raw_merge" in "/out/tmp/qsiprep_wf/single_subject_131637_wf/dwi_preproc_wf/pre_hmc_wf/merge_and_denoise_wf/raw_merge".
221020-03:20:31,446 nipype.workflow INFO:
	 [Node] Running "raw_merge" ("qsiprep.interfaces.nilearn.Merge")
221020-03:20:33,818 nipype.workflow INFO:
	 [Node] Finished "qsiprep_wf.single_subject_131637_wf.dwi_preproc_wf.pre_hmc_wf.merge_and_denoise_wf.merge_dwis".
221020-03:20:37,143 nipype.workflow INFO:
	 [Node] Setting-up "qsiprep_wf.single_subject_131637_wf.dwi_preproc_wf.pre_hmc_wf.merge_and_denoise_wf.merged_denoise.denoiser" in "/out/tmp/qsiprep_wf/single_subject_131637_wf/dwi_preproc_wf/pre_hmc_wf/merge_and_denoise_wf/merged_denoise/denoiser".
221020-03:20:37,167 nipype.workflow INFO:
	 [Node] Running "denoiser" ("qsiprep.interfaces.mrtrix.DWIDenoise"), a CommandLine Interface with command:
dwidenoise -extent 5,5,5 -noise sub-131637_dwi_noise.nii.gz /data/sub-131637/dwi/sub-131637_dwi.nii.gz sub-131637_dwi_denoised.nii.gz
221020-03:20:58,414 nipype.workflow INFO:
	 [Node] Finished "qsiprep_wf.single_subject_131637_wf.dwi_preproc_wf.pre_hmc_wf.merge_and_denoise_wf.raw_merge".
221020-03:21:01,304 nipype.workflow INFO:
	 [Node] Setting-up "qsiprep_wf.single_subject_131637_wf.dwi_preproc_wf.pre_hmc_wf.merge_and_denoise_wf.dwi_qc_wf.raw_src" in "/out/tmp/qsiprep_wf/single_subject_131637_wf/dwi_preproc_wf/pre_hmc_wf/merge_and_denoise_wf/dwi_qc_wf/raw_src".
221020-03:21:01,330 nipype.workflow INFO:
	 [Node] Running "raw_src" ("qsiprep.interfaces.dsi_studio.DSIStudioCreateSrc"), a CommandLine Interface with command:
dsi_studio --action=src  --bval=/data/sub-131637/dwi/sub-131637_dwi.bval --bvec=/data/sub-131637/dwi/sub-131637_dwi.bvec --source=/out/tmp/qsiprep_wf/single_subject_131637_wf/dwi_preproc_wf/pre_hmc_wf/merge_and_denoise_wf/raw_merge/sub-131637_dwi_merged.nii.gz --threads=1 --output=/out/tmp/qsiprep_wf/single_subject_131637_wf/dwi_preproc_wf/pre_hmc_wf/merge_and_denoise_wf/dwi_qc_wf/raw_src/sub-131637_dwi_merged.src.gz
221020-03:21:01,581 nipype.workflow INFO:
	 [Node] Setting-up "qsiprep_wf.single_subject_131637_wf.dwi_preproc_wf.pre_hmc_wf.dwi_qc_wf.raw_src" in "/out/tmp/qsiprep_wf/single_subject_131637_wf/dwi_preproc_wf/pre_hmc_wf/dwi_qc_wf/raw_src".
221020-03:21:01,589 nipype.workflow INFO:
	 [Node] Setting-up "qsiprep_wf.single_subject_131637_wf.dwi_preproc_wf.test_pre_hmc_connect" in "/out/tmp/qsiprep_wf/single_subject_131637_wf/dwi_preproc_wf/test_pre_hmc_connect".
221020-03:21:01,602 nipype.workflow INFO:
	 [Node] Running "raw_src" ("qsiprep.interfaces.dsi_studio.DSIStudioCreateSrc"), a CommandLine Interface with command:
dsi_studio --action=src  --bval=/data/sub-131637/dwi/sub-131637_dwi.bval --bvec=/data/sub-131637/dwi/sub-131637_dwi.bvec --source=/out/tmp/qsiprep_wf/single_subject_131637_wf/dwi_preproc_wf/pre_hmc_wf/merge_and_denoise_wf/raw_merge/sub-131637_dwi_merged.nii.gz --threads=1 --output=/out/tmp/qsiprep_wf/single_subject_131637_wf/dwi_preproc_wf/pre_hmc_wf/dwi_qc_wf/raw_src/sub-131637_dwi_merged.src.gz
221020-03:21:01,603 nipype.workflow INFO:
	 [Node] Running "test_pre_hmc_connect" ("qsiprep.interfaces.utils.TestInput")
221020-03:21:01,605 nipype.workflow WARNING:
	 Storing result file without outputs
221020-03:21:01,609 nipype.workflow INFO:
	 [Node] Finished "qsiprep_wf.single_subject_131637_wf.dwi_preproc_wf.test_pre_hmc_connect".
221020-03:21:40,535 nipype.workflow INFO:
	 [Node] Finished "qsiprep_wf.single_subject_131637_wf.dwi_preproc_wf.pre_hmc_wf.dwi_qc_wf.raw_src".
221020-03:21:40,535 nipype.workflow INFO:
	 [Node] Finished "qsiprep_wf.single_subject_131637_wf.dwi_preproc_wf.pre_hmc_wf.merge_and_denoise_wf.dwi_qc_wf.raw_src".
221020-03:21:43,433 nipype.workflow INFO:
	 [Node] Setting-up "qsiprep_wf.single_subject_131637_wf.dwi_preproc_wf.pre_hmc_wf.merge_and_denoise_wf.dwi_qc_wf.raw_src_qc" in "/out/tmp/qsiprep_wf/single_subject_131637_wf/dwi_preproc_wf/pre_hmc_wf/merge_and_denoise_wf/dwi_qc_wf/raw_src_qc".
221020-03:21:43,448 nipype.workflow INFO:
	 [Node] Running "raw_src_qc" ("qsiprep.interfaces.dsi_studio.DSIStudioSrcQC")
221020-03:21:43,567 nipype.workflow INFO:
	 [Node] Setting-up "qsiprep_wf.single_subject_131637_wf.dwi_preproc_wf.pre_hmc_wf.merge_and_denoise_wf.dwi_qc_wf.raw_gqi" in "/out/tmp/qsiprep_wf/single_subject_131637_wf/dwi_preproc_wf/pre_hmc_wf/merge_and_denoise_wf/dwi_qc_wf/raw_gqi".
221020-03:21:43,582 nipype.workflow INFO:
	 [Node] Running "raw_gqi" ("qsiprep.interfaces.dsi_studio.DSIStudioGQIReconstruction"), a CommandLine Interface with command:
dsi_studio --action=rec --method=4 --check_btable=0 --source=/out/tmp/qsiprep_wf/single_subject_131637_wf/dwi_preproc_wf/pre_hmc_wf/merge_and_denoise_wf/dwi_qc_wf/raw_gqi/sub-131637_dwi_merged.src.gz --threads=1 --num_fiber=3 --record_odf=1 --param0=1.2500 --thread_count=1
221020-03:21:43,698 nipype.workflow INFO:
	 [Node] Setting-up "qsiprep_wf.single_subject_131637_wf.dwi_preproc_wf.pre_hmc_wf.dwi_qc_wf.raw_gqi" in "/out/tmp/qsiprep_wf/single_subject_131637_wf/dwi_preproc_wf/pre_hmc_wf/dwi_qc_wf/raw_gqi".
221020-03:21:43,708 nipype.workflow INFO:
	 [Node] Setting-up "qsiprep_wf.single_subject_131637_wf.dwi_preproc_wf.pre_hmc_wf.dwi_qc_wf.raw_src_qc" in "/out/tmp/qsiprep_wf/single_subject_131637_wf/dwi_preproc_wf/pre_hmc_wf/dwi_qc_wf/raw_src_qc".
221020-03:21:43,714 nipype.workflow INFO:
	 [Node] Running "raw_gqi" ("qsiprep.interfaces.dsi_studio.DSIStudioGQIReconstruction"), a CommandLine Interface with command:
dsi_studio --action=rec --method=4 --check_btable=0 --source=/out/tmp/qsiprep_wf/single_subject_131637_wf/dwi_preproc_wf/pre_hmc_wf/dwi_qc_wf/raw_gqi/sub-131637_dwi_merged.src.gz --threads=1 --num_fiber=3 --record_odf=1 --param0=1.2500 --thread_count=1
221020-03:21:43,723 nipype.workflow INFO:
	 [Node] Running "raw_src_qc" ("qsiprep.interfaces.dsi_studio.DSIStudioSrcQC")
221020-03:21:48,265 nipype.interface INFO:
	 DSI Studio Sep 16 2021, Fang-Cheng Yeh
source=/out/tmp/qsiprep_wf/single_subject_131637_wf/dwi_preproc_wf/pre_hmc_wf/merge_and_denoise_wf/dwi_qc_wf/raw_src_qc/sub-131637_dwi_merged.src.gz
action=qc
checking /out/tmp/qsiprep_wf/single_subject_131637_wf/dwi_preproc_wf/pre_hmc_wf/merge_and_denoise_wf/dwi_qc_wf/raw_src_qc/sub-131637_dwi_merged.src.gz

221020-03:21:48,281 nipype.workflow INFO:
	 [Node] Finished "qsiprep_wf.single_subject_131637_wf.dwi_preproc_wf.pre_hmc_wf.merge_and_denoise_wf.dwi_qc_wf.raw_src_qc".
221020-03:21:48,434 nipype.interface INFO:
	 DSI Studio Sep 16 2021, Fang-Cheng Yeh
source=/out/tmp/qsiprep_wf/single_subject_131637_wf/dwi_preproc_wf/pre_hmc_wf/dwi_qc_wf/raw_src_qc/sub-131637_dwi_merged.src.gz
action=qc
checking /out/tmp/qsiprep_wf/single_subject_131637_wf/dwi_preproc_wf/pre_hmc_wf/dwi_qc_wf/raw_src_qc/sub-131637_dwi_merged.src.gz

221020-03:21:48,446 nipype.workflow INFO:
	 [Node] Finished "qsiprep_wf.single_subject_131637_wf.dwi_preproc_wf.pre_hmc_wf.dwi_qc_wf.raw_src_qc".
