221020-03:13:04,544 nipype.workflow INFO:
	 Running with omp_nthreads=8, nthreads=96
221020-03:13:04,566 nipype.workflow IMPORTANT:
	 
    Running qsiprep version 0.14.3:
      * BIDS dataset path: /data.
      * Participant list: ['200119'].
      * Run identifier: 20221020-031259_343b945e-3e1f-44f8-96a9-ee2b86e705f7.
    
221020-03:13:05,32 nipype.utils WARNING:
	 A newer version (1.8.4) of nipy/nipype is available. You are using 1.6.1
221020-03:13:05,541 nipype.workflow INFO:
	 Combining all 1 dwis within the single available session
221020-03:13:05,552 nipype.workflow INFO:
	 [{'dwi_series': ['/data/sub-200119/dwi/sub-200119_dwi.nii.gz'], 'fieldmap_info': {'suffix': None}, 'dwi_series_pedir': 'j', 'concatenated_bids_name': 'sub-200119'}]
221020-03:13:05,645 nipype.workflow IMPORTANT:
	 Creating dwi processing workflow "dwi_preproc_wf" to produce output sub-200119 (1.03 GB / 36 DWIs). Memory resampled/largemem=1.11/1.14 GB.
221020-03:13:05,647 nipype.workflow INFO:
	 Automatically using 5, 5, 5 window for dwidenoise
221020-03:13:05,666 nipype.workflow INFO:
	 Using 8 threads in eddy
221020-03:13:08,174 nipype.workflow IMPORTANT:
	 Works derived from this qsiprep execution should include the following boilerplate:


Preprocessing was performed using *QSIPrep* 0.14.3,
which is based on *Nipype* 1.6.1
(@nipype1; @nipype2; RRID:SCR_002502).

Anatomical data preprocessing

: The T1-weighted (T1w) image was corrected for intensity non-uniformity (INU)
using `N4BiasFieldCorrection` [@n4, ANTs 2.3.1],
and used as T1w-reference throughout the workflow.
The T1w-reference was then skull-stripped using `antsBrainExtraction.sh`
(ANTs 2.3.1), using OASIS as target template.
Brain surfaces were reconstructed using `recon-all` [FreeSurfer 6.0.1,
RRID:SCR_001847, @fs_reconall], and the brain mask estimated
previously was refined with a custom variation of the method to reconcile
ANTs-derived and FreeSurfer-derived segmentations of the cortical
gray-matter of Mindboggle [RRID:SCR_002438, @mindboggle].
Spatial normalization to the ICBM 152 Nonlinear Asymmetrical
template version 2009c [@mni, RRID:SCR_008796] was performed
through nonlinear registration with `antsRegistration`
[ANTs 2.3.1, RRID:SCR_004757, @ants], using
brain-extracted versions of both T1w volume and template.
Brain tissue segmentation of cerebrospinal fluid (CSF),
white-matter (WM) and gray-matter (GM) was performed on
the brain-extracted T1w using `FAST` [FSL 6.0.3:b862cdd5, RRID:SCR_002823,
@fsl_fast].


Diffusion data preprocessing

: Any images with a b-value less than 100 s/mm^2 were treated as a *b*=0 image. MP-PCA denoising as implemented in MRtrix3's `dwidenoise`[@dwidenoise1] was applied with a 5-voxel window. After MP-PCA, Gibbs unringing was performed using MRtrix3's `mrdegibbs` [@mrdegibbs]. Following unringing, B1 field inhomogeneity was corrected using `dwibiascorrect` from MRtrix3 with the N4 algorithm [@n4]. After B1 bias correction, the mean intensity of the DWI series was adjusted so all the mean intensity of the b=0 images matched across eachseparate DWI scanning sequence.

FSL (version 6.0.3:b862cdd5)'s eddy was used for head motion correction and Eddy current correction [@anderssoneddy]. Eddy was configured with a $q$-space smoothing factor of 10, a total of 5 iterations, and 1000 voxels used to estimate hyperparameters. A linear first level model and a linear second level model were used to characterize Eddy current-related spatial distortion. $q$-space coordinates were forcefully assigned to shells. Field offset was attempted to be separated from subject movement. Shells were aligned post-eddy. Eddy's outlier replacement was run [@eddyrepol]. Data were grouped by slice, only including values from slices determined to contain at least 250 intracerebral voxels. Groups deviating by more than 4 standard deviations from the prediction had their data replaced with imputed values. Final interpolation was performed using the `jac` method.

Several confounding time-series were calculated based on the
preprocessed DWI: framewise displacement (FD) using the
implementation in *Nipype* [following the definitions by @power_fd_dvars].
The head-motion estimates calculated in the correction step were also
placed within the corresponding confounds file. Slicewise cross correlation
was also calculated.
The DWI time-series were resampled to ACPC,
generating a *preprocessed DWI run in ACPC space* with 1.2mm isotropic voxels.


Many internal operations of *QSIPrep* use
*Nilearn* 0.8.1 [@nilearn, RRID:SCR_001362] and
*Dipy* [@dipy].
For more details of the pipeline, see [the section corresponding
to workflows in *QSIPrep*'s documentation](https://qsiprep.readthedocs.io/en/latest/workflows.html "QSIPrep's documentation").


### References


221020-03:13:54,245 nipype.workflow ERROR:
	 Node fsdir failed to run on host c506-054.stampede2.tacc.utexas.edu.
221020-03:13:54,251 nipype.workflow ERROR:
	 Saving crash info to /out/qsiprep/logs/crash-20221020-031354-tg881334-fsdir-495354df-420f-4a05-89be-48190f85635e.txt
Traceback (most recent call last):
  File "/usr/local/miniconda/lib/python3.7/shutil.py", line 557, in move
    os.rename(src, real_dst)
FileNotFoundError: [Errno 2] No such file or directory: '/out/tmp/qsiprep_wf/fsdir/_0x6d16861e0e5edba2d23a946bf51fab20_unfinished.json' -> '/out/tmp/qsiprep_wf/fsdir/_0x6d16861e0e5edba2d23a946bf51fab20.json'

During handling of the above exception, another exception occurred:

Traceback (most recent call last):
  File "/usr/local/miniconda/lib/python3.7/site-packages/nipype/pipeline/plugins/multiproc.py", line 344, in _send_procs_to_workers
    self.procs[jobid].run(updatehash=updatehash)
  File "/usr/local/miniconda/lib/python3.7/site-packages/nipype/pipeline/engine/nodes.py", line 531, in run
    shutil.move(hashfile_unfinished, hashfile_unfinished.replace("_unfinished", ""))
  File "/usr/local/miniconda/lib/python3.7/shutil.py", line 571, in move
    copy_function(src, real_dst)
  File "/usr/local/miniconda/lib/python3.7/shutil.py", line 257, in copy2
    copyfile(src, dst, follow_symlinks=follow_symlinks)
  File "/usr/local/miniconda/lib/python3.7/shutil.py", line 120, in copyfile
    with open(src, 'rb') as fsrc:
FileNotFoundError: [Errno 2] No such file or directory: '/out/tmp/qsiprep_wf/fsdir/_0x6d16861e0e5edba2d23a946bf51fab20_unfinished.json'

221020-03:14:29,303 nipype.workflow INFO:
	 [Node] Setting-up "qsiprep_wf.single_subject_200119_wf.anat_preproc_wf.output_grid_wf.autobox_template" in "/out/tmp/qsiprep_wf/single_subject_200119_wf/anat_preproc_wf/output_grid_wf/autobox_template".
221020-03:14:29,306 nipype.workflow INFO:
	 [Node] Cached "qsiprep_wf.single_subject_200119_wf.anat_preproc_wf.output_grid_wf.autobox_template" - collecting precomputed outputs
221020-03:14:29,306 nipype.workflow INFO:
	 [Node] "qsiprep_wf.single_subject_200119_wf.anat_preproc_wf.output_grid_wf.autobox_template" found cached.
221020-03:14:52,461 nipype.workflow INFO:
	 [Node] Setting-up "qsiprep_wf.single_subject_200119_wf.dwi_preproc_wf.pre_hmc_wf.merge_and_denoise_wf.conform_dwis01" in "/out/tmp/qsiprep_wf/single_subject_200119_wf/dwi_preproc_wf/pre_hmc_wf/merge_and_denoise_wf/conform_dwis01".
221020-03:14:55,505 nipype.workflow INFO:
	 [Node] Running "conform_dwis01" ("qsiprep.interfaces.images.ConformDwi")
221020-03:14:55,586 nipype.interface INFO:
	 Not applying reorientation to /data/sub-200119/dwi/sub-200119_dwi.nii.gz: already in LAS
221020-03:14:55,648 nipype.workflow INFO:
	 [Node] Finished "qsiprep_wf.single_subject_200119_wf.dwi_preproc_wf.pre_hmc_wf.merge_and_denoise_wf.conform_dwis01".
221020-03:14:57,57 nipype.workflow INFO:
	 [Node] Setting-up "qsiprep_wf.single_subject_200119_wf.dwi_preproc_wf.pre_hmc_wf.merge_and_denoise_wf.conformed_images" in "/out/tmp/qsiprep_wf/single_subject_200119_wf/dwi_preproc_wf/pre_hmc_wf/merge_and_denoise_wf/conformed_images".
221020-03:14:57,57 nipype.workflow INFO:
	 [Node] Setting-up "qsiprep_wf.single_subject_200119_wf.dwi_preproc_wf.pre_hmc_wf.merge_and_denoise_wf.conformed_raw_images" in "/out/tmp/qsiprep_wf/single_subject_200119_wf/dwi_preproc_wf/pre_hmc_wf/merge_and_denoise_wf/conformed_raw_images".
221020-03:14:57,57 nipype.workflow INFO:
	 [Node] Setting-up "qsiprep_wf.single_subject_200119_wf.dwi_preproc_wf.pre_hmc_wf.merge_and_denoise_wf.conformed_bvals" in "/out/tmp/qsiprep_wf/single_subject_200119_wf/dwi_preproc_wf/pre_hmc_wf/merge_and_denoise_wf/conformed_bvals".
221020-03:14:57,58 nipype.workflow INFO:
	 [Node] Setting-up "qsiprep_wf.single_subject_200119_wf.dwi_preproc_wf.pre_hmc_wf.merge_and_denoise_wf.conformed_bvecs" in "/out/tmp/qsiprep_wf/single_subject_200119_wf/dwi_preproc_wf/pre_hmc_wf/merge_and_denoise_wf/conformed_bvecs".
221020-03:14:57,59 nipype.workflow INFO:
	 [Node] Setting-up "qsiprep_wf.single_subject_200119_wf.dwi_preproc_wf.pre_hmc_wf.merge_and_denoise_wf.conformation_reports" in "/out/tmp/qsiprep_wf/single_subject_200119_wf/dwi_preproc_wf/pre_hmc_wf/merge_and_denoise_wf/conformation_reports".
221020-03:14:57,355 nipype.workflow INFO:
	 [Node] Setting-up "qsiprep_wf.single_subject_200119_wf.bidssrc" in "/out/tmp/qsiprep_wf/single_subject_200119_wf/bidssrc".
221020-03:14:57,373 nipype.workflow INFO:
	 [Node] Running "bidssrc" ("qsiprep.interfaces.bids.BIDSDataGrabber")
221020-03:14:57,387 nipype.interface WARNING:
	 No 't2w' images found for sub-<undefined>
221020-03:14:57,387 nipype.interface WARNING:
	 No 'flair' images found for sub-<undefined>
221020-03:14:57,387 nipype.interface WARNING:
	 No 'fmap' images found for sub-<undefined>
221020-03:14:57,387 nipype.interface WARNING:
	 No 'sbref' images found for sub-<undefined>
221020-03:14:57,387 nipype.interface WARNING:
	 No 'roi' images found for sub-<undefined>
221020-03:14:57,400 nipype.workflow INFO:
	 [Node] Finished "qsiprep_wf.single_subject_200119_wf.bidssrc".
221020-03:14:57,613 nipype.utils WARNING:
	 No metadata was found in the pkl file. Make sure you are currently using the same Nipype version from the generated pkl.
221020-03:14:57,613 nipype.utils WARNING:
	 No metadata was found in the pkl file. Make sure you are currently using the same Nipype version from the generated pkl.
221020-03:14:57,614 nipype.utils WARNING:
	 No metadata was found in the pkl file. Make sure you are currently using the same Nipype version from the generated pkl.
221020-03:14:57,618 nipype.utils WARNING:
	 No metadata was found in the pkl file. Make sure you are currently using the same Nipype version from the generated pkl.
221020-03:14:57,624 nipype.utils WARNING:
	 No metadata was found in the pkl file. Make sure you are currently using the same Nipype version from the generated pkl.
221020-03:15:00,298 nipype.workflow INFO:
	 [Node] Setting-up "qsiprep_wf.single_subject_200119_wf.anat_preproc_wf.anat_template_wf.t1_template_dimensions" in "/out/tmp/qsiprep_wf/single_subject_200119_wf/anat_preproc_wf/anat_template_wf/t1_template_dimensions".
221020-03:15:01,49 nipype.workflow INFO:
	 [Node] Running "t1_template_dimensions" ("qsiprep.niworkflows.interfaces.images.TemplateDimensions")
221020-03:15:01,162 nipype.workflow INFO:
	 [Node] Finished "qsiprep_wf.single_subject_200119_wf.anat_preproc_wf.anat_template_wf.t1_template_dimensions".
221020-03:15:03,82 nipype.workflow INFO:
	 [Node] Setting-up "qsiprep_wf.single_subject_200119_wf.anat_preproc_wf.anat_derivatives_wf.t1_name" in "/out/tmp/qsiprep_wf/single_subject_200119_wf/anat_preproc_wf/anat_derivatives_wf/t1_name".
221020-03:15:04,325 nipype.workflow INFO:
	 [Node] Running "t1_name" ("nipype.interfaces.utility.wrappers.Function")
221020-03:15:04,354 nipype.workflow INFO:
	 [Node] Finished "qsiprep_wf.single_subject_200119_wf.anat_preproc_wf.anat_derivatives_wf.t1_name".
221020-03:15:05,36 nipype.workflow INFO:
	 [Node] Setting-up "qsiprep_wf.single_subject_200119_wf.anat_preproc_wf.anat_template_wf.t1_conform" in "/out/tmp/qsiprep_wf/single_subject_200119_wf/anat_preproc_wf/anat_template_wf/t1_conform".
221020-03:15:05,57 nipype.workflow INFO:
	 [Node] Setting-up "_t1_conform0" in "/out/tmp/qsiprep_wf/single_subject_200119_wf/anat_preproc_wf/anat_template_wf/t1_conform/mapflow/_t1_conform0".
221020-03:15:05,107 nipype.workflow INFO:
	 [Node] Running "_t1_conform0" ("qsiprep.interfaces.images.Conform")
221020-03:15:08,798 nipype.workflow INFO:
	 [Node] Finished "_t1_conform0".
221020-03:15:08,805 nipype.workflow INFO:
	 [Node] Finished "qsiprep_wf.single_subject_200119_wf.anat_preproc_wf.anat_template_wf.t1_conform".
221020-03:15:09,80 nipype.workflow INFO:
	 [Node] Setting-up "qsiprep_wf.single_subject_200119_wf.anat_preproc_wf.skullstrip_wf.t1_skull_strip" in "/out/tmp/qsiprep_wf/single_subject_200119_wf/anat_preproc_wf/skullstrip_wf/t1_skull_strip".
221020-03:15:10,794 nipype.workflow INFO:
	 [Node] Running "t1_skull_strip" ("nipype.interfaces.ants.segmentation.BrainExtraction"), a CommandLine Interface with command:
antsBrainExtraction.sh -a /out/tmp/qsiprep_wf/single_subject_200119_wf/anat_preproc_wf/anat_template_wf/t1_conform/mapflow/_t1_conform0/sub-200119_T1w_lps.nii.gz -m /out/tmp/qsiprep_wf/single_subject_200119_wf/anat_preproc_wf/skullstrip_wf/t1_skull_strip/tpl-OASIS30ANTs_res-01_class-brainmask_probtissue.nii.gz -e /niworkflows_data/tpl-OASIS30ANTs/tpl-OASIS30ANTs_res-01_T1w.nii.gz -d 3 -f /niworkflows_data/tpl-OASIS30ANTs/tpl-OASIS30ANTs_res-01_label-BrainCerebellumExtraction_roi.nii.gz -s nii.gz -k 1 -o highres001_ -q 1 -u 1
