221020-03:13:08,854 nipype.workflow INFO:
	 Running with omp_nthreads=8, nthreads=96
221020-03:13:08,856 nipype.workflow IMPORTANT:
	 
    Running qsiprep version 0.14.3:
      * BIDS dataset path: /data.
      * Participant list: ['131290'].
      * Run identifier: 20221020-031301_f11ba7b7-c2a6-4211-b532-414477b1cb1b.
    
221020-03:13:09,157 nipype.utils WARNING:
	 A newer version (1.8.4) of nipy/nipype is available. You are using 1.6.1
221020-03:13:09,722 nipype.workflow INFO:
	 Combining all 1 dwis within the single available session
221020-03:13:09,733 nipype.workflow INFO:
	 [{'dwi_series': ['/data/sub-131290/dwi/sub-131290_dwi.nii.gz'], 'fieldmap_info': {'suffix': None}, 'dwi_series_pedir': 'j', 'concatenated_bids_name': 'sub-131290'}]
221020-03:13:09,770 nipype.workflow IMPORTANT:
	 Creating dwi processing workflow "dwi_preproc_wf" to produce output sub-131290 (1.12 GB / 36 DWIs). Memory resampled/largemem=1.47/1.59 GB.
221020-03:13:09,771 nipype.workflow INFO:
	 Automatically using 5, 5, 5 window for dwidenoise
221020-03:13:09,789 nipype.workflow INFO:
	 Using 8 threads in eddy
221020-03:13:12,95 nipype.workflow IMPORTANT:
	 Works derived from this qsiprep execution should include the following boilerplate:


Preprocessing was performed using *QSIPrep* 0.14.3,
which is based on *Nipype* 1.6.1
(@nipype1; @nipype2; RRID:SCR_002502).

Anatomical data preprocessing

: The T1-weighted (T1w) image was corrected for intensity non-uniformity (INU)
using `N4BiasFieldCorrection` [@n4, ANTs 2.3.1],
and used as T1w-reference throughout the workflow.
The T1w-reference was then skull-stripped using `antsBrainExtraction.sh`
(ANTs 2.3.1), using OASIS as target template.
Brain surfaces were reconstructed using `recon-all` [FreeSurfer 6.0.1,
RRID:SCR_001847, @fs_reconall], and the brain mask estimated
previously was refined with a custom variation of the method to reconcile
ANTs-derived and FreeSurfer-derived segmentations of the cortical
gray-matter of Mindboggle [RRID:SCR_002438, @mindboggle].
Spatial normalization to the ICBM 152 Nonlinear Asymmetrical
template version 2009c [@mni, RRID:SCR_008796] was performed
through nonlinear registration with `antsRegistration`
[ANTs 2.3.1, RRID:SCR_004757, @ants], using
brain-extracted versions of both T1w volume and template.
Brain tissue segmentation of cerebrospinal fluid (CSF),
white-matter (WM) and gray-matter (GM) was performed on
the brain-extracted T1w using `FAST` [FSL 6.0.3:b862cdd5, RRID:SCR_002823,
@fsl_fast].


Diffusion data preprocessing

: Any images with a b-value less than 100 s/mm^2 were treated as a *b*=0 image. MP-PCA denoising as implemented in MRtrix3's `dwidenoise`[@dwidenoise1] was applied with a 5-voxel window. After MP-PCA, Gibbs unringing was performed using MRtrix3's `mrdegibbs` [@mrdegibbs]. Following unringing, B1 field inhomogeneity was corrected using `dwibiascorrect` from MRtrix3 with the N4 algorithm [@n4]. After B1 bias correction, the mean intensity of the DWI series was adjusted so all the mean intensity of the b=0 images matched across eachseparate DWI scanning sequence.

FSL (version 6.0.3:b862cdd5)'s eddy was used for head motion correction and Eddy current correction [@anderssoneddy]. Eddy was configured with a $q$-space smoothing factor of 10, a total of 5 iterations, and 1000 voxels used to estimate hyperparameters. A linear first level model and a linear second level model were used to characterize Eddy current-related spatial distortion. $q$-space coordinates were forcefully assigned to shells. Field offset was attempted to be separated from subject movement. Shells were aligned post-eddy. Eddy's outlier replacement was run [@eddyrepol]. Data were grouped by slice, only including values from slices determined to contain at least 250 intracerebral voxels. Groups deviating by more than 4 standard deviations from the prediction had their data replaced with imputed values. Final interpolation was performed using the `jac` method.

Several confounding time-series were calculated based on the
preprocessed DWI: framewise displacement (FD) using the
implementation in *Nipype* [following the definitions by @power_fd_dvars].
The head-motion estimates calculated in the correction step were also
placed within the corresponding confounds file. Slicewise cross correlation
was also calculated.
The DWI time-series were resampled to ACPC,
generating a *preprocessed DWI run in ACPC space* with 1.2mm isotropic voxels.


Many internal operations of *QSIPrep* use
*Nilearn* 0.8.1 [@nilearn, RRID:SCR_001362] and
*Dipy* [@dipy].
For more details of the pipeline, see [the section corresponding
to workflows in *QSIPrep*'s documentation](https://qsiprep.readthedocs.io/en/latest/workflows.html "QSIPrep's documentation").


### References


221020-03:13:36,473 nipype.workflow INFO:
	 [Node] Setting-up "qsiprep_wf.single_subject_131290_wf.anat_preproc_wf.output_grid_wf.autobox_template" in "/out/tmp/qsiprep_wf/single_subject_131290_wf/anat_preproc_wf/output_grid_wf/autobox_template".
221020-03:13:36,485 nipype.workflow INFO:
	 [Node] Running "autobox_template" ("nipype.interfaces.afni.utils.Autobox"), a CommandLine Interface with command:
3dAutobox -input /out/tmp/qsiprep_wf/single_subject_131290_wf/anat_preproc_wf/output_grid_wf/autobox_template/mni_1mm_t1w_lps.nii.gz -prefix mni_1mm_t1w_lps_autobox.nii.gz -npad 8
221020-03:13:49,353 nipype.workflow INFO:
	 [Node] Finished "qsiprep_wf.single_subject_131290_wf.anat_preproc_wf.output_grid_wf.autobox_template".
221020-03:13:50,593 nipype.workflow INFO:
	 [Node] Setting-up "qsiprep_wf.single_subject_131290_wf.anat_preproc_wf.output_grid_wf.deoblique_autobox" in "/out/tmp/qsiprep_wf/single_subject_131290_wf/anat_preproc_wf/output_grid_wf/deoblique_autobox".
221020-03:13:50,674 nipype.workflow INFO:
	 [Node] Running "deoblique_autobox" ("nipype.interfaces.afni.preprocess.Warp"), a CommandLine Interface with command:
3dWarp -deoblique -prefix mni_1mm_t1w_lps_autobox_warp.nii.gz /out/tmp/qsiprep_wf/single_subject_131290_wf/anat_preproc_wf/output_grid_wf/deoblique_autobox/mni_1mm_t1w_lps_autobox.nii.gz
221020-03:13:53,815 nipype.workflow INFO:
	 [Node] Finished "qsiprep_wf.single_subject_131290_wf.anat_preproc_wf.output_grid_wf.deoblique_autobox".
221020-03:13:54,552 nipype.workflow INFO:
	 [Node] Setting-up "qsiprep_wf.single_subject_131290_wf.anat_preproc_wf.output_grid_wf.resample_to_voxel_size" in "/out/tmp/qsiprep_wf/single_subject_131290_wf/anat_preproc_wf/output_grid_wf/resample_to_voxel_size".
221020-03:13:54,566 nipype.workflow INFO:
	 [Node] Running "resample_to_voxel_size" ("nipype.interfaces.afni.utils.Resample"), a CommandLine Interface with command:
3dresample -prefix mni_1mm_t1w_lps_autobox_warp_resample.nii.gz -dxyz 1.200000 1.200000 1.200000 -inset /out/tmp/qsiprep_wf/single_subject_131290_wf/anat_preproc_wf/output_grid_wf/resample_to_voxel_size/mni_1mm_t1w_lps_autobox_warp.nii.gz
221020-03:14:11,199 nipype.workflow INFO:
	 [Node] Finished "qsiprep_wf.single_subject_131290_wf.anat_preproc_wf.output_grid_wf.resample_to_voxel_size".
221020-03:14:43,148 nipype.workflow INFO:
	 [Node] Setting-up "qsiprep_wf.single_subject_131290_wf.dwi_preproc_wf.pre_hmc_wf.merge_and_denoise_wf.conform_dwis01" in "/out/tmp/qsiprep_wf/single_subject_131290_wf/dwi_preproc_wf/pre_hmc_wf/merge_and_denoise_wf/conform_dwis01".
221020-03:14:43,778 nipype.workflow INFO:
	 [Node] Setting-up "qsiprep_wf.single_subject_131290_wf.bidssrc" in "/out/tmp/qsiprep_wf/single_subject_131290_wf/bidssrc".
221020-03:14:55,518 nipype.workflow INFO:
	 [Node] Running "bidssrc" ("qsiprep.interfaces.bids.BIDSDataGrabber")
221020-03:14:55,519 nipype.interface WARNING:
	 No 't2w' images found for sub-<undefined>
221020-03:14:55,519 nipype.interface WARNING:
	 No 'flair' images found for sub-<undefined>
221020-03:14:55,519 nipype.interface WARNING:
	 No 'fmap' images found for sub-<undefined>
221020-03:14:55,519 nipype.interface WARNING:
	 No 'sbref' images found for sub-<undefined>
221020-03:14:55,519 nipype.interface WARNING:
	 No 'roi' images found for sub-<undefined>
221020-03:14:55,520 nipype.workflow INFO:
	 [Node] Running "conform_dwis01" ("qsiprep.interfaces.images.ConformDwi")
221020-03:14:55,538 nipype.workflow INFO:
	 [Node] Finished "qsiprep_wf.single_subject_131290_wf.bidssrc".
221020-03:14:58,212 nipype.workflow INFO:
	 [Node] Setting-up "qsiprep_wf.single_subject_131290_wf.anat_preproc_wf.anat_template_wf.t1_template_dimensions" in "/out/tmp/qsiprep_wf/single_subject_131290_wf/anat_preproc_wf/anat_template_wf/t1_template_dimensions".
221020-03:14:58,996 nipype.utils WARNING:
	 A newer version (1.8.4) of nipy/nipype is available. You are using 1.6.1
221020-03:14:59,83 nipype.workflow INFO:
	 [Node] Running "t1_template_dimensions" ("qsiprep.niworkflows.interfaces.images.TemplateDimensions")
221020-03:14:59,235 nipype.workflow INFO:
	 [Node] Finished "qsiprep_wf.single_subject_131290_wf.anat_preproc_wf.anat_template_wf.t1_template_dimensions".
221020-03:15:00,585 nipype.workflow INFO:
	 [Node] Setting-up "qsiprep_wf.single_subject_131290_wf.anat_preproc_wf.anat_derivatives_wf.t1_name" in "/out/tmp/qsiprep_wf/single_subject_131290_wf/anat_preproc_wf/anat_derivatives_wf/t1_name".
221020-03:15:01,947 nipype.workflow INFO:
	 [Node] Running "t1_name" ("nipype.interfaces.utility.wrappers.Function")
221020-03:15:01,957 nipype.workflow INFO:
	 [Node] Finished "qsiprep_wf.single_subject_131290_wf.anat_preproc_wf.anat_derivatives_wf.t1_name".
221020-03:15:02,693 nipype.workflow INFO:
	 [Node] Setting-up "qsiprep_wf.single_subject_131290_wf.anat_preproc_wf.anat_template_wf.t1_conform" in "/out/tmp/qsiprep_wf/single_subject_131290_wf/anat_preproc_wf/anat_template_wf/t1_conform".
221020-03:15:02,717 nipype.workflow INFO:
	 [Node] Setting-up "_t1_conform0" in "/out/tmp/qsiprep_wf/single_subject_131290_wf/anat_preproc_wf/anat_template_wf/t1_conform/mapflow/_t1_conform0".
221020-03:15:02,744 nipype.workflow INFO:
	 [Node] Running "_t1_conform0" ("qsiprep.interfaces.images.Conform")
221020-03:15:03,287 nipype.interface WARNING:
	 Removing obliquity from image affine
221020-03:15:03,571 nipype.interface INFO:
	 Not applying reorientation to /data/sub-131290/dwi/sub-131290_dwi.nii.gz: already in LAS
221020-03:15:03,650 nipype.workflow INFO:
	 [Node] Finished "qsiprep_wf.single_subject_131290_wf.dwi_preproc_wf.pre_hmc_wf.merge_and_denoise_wf.conform_dwis01".
221020-03:15:04,586 nipype.workflow INFO:
	 [Node] Setting-up "qsiprep_wf.single_subject_131290_wf.dwi_preproc_wf.pre_hmc_wf.merge_and_denoise_wf.conformed_images" in "/out/tmp/qsiprep_wf/single_subject_131290_wf/dwi_preproc_wf/pre_hmc_wf/merge_and_denoise_wf/conformed_images".
221020-03:15:04,587 nipype.workflow INFO:
	 [Node] Setting-up "qsiprep_wf.single_subject_131290_wf.dwi_preproc_wf.pre_hmc_wf.merge_and_denoise_wf.conformed_raw_images" in "/out/tmp/qsiprep_wf/single_subject_131290_wf/dwi_preproc_wf/pre_hmc_wf/merge_and_denoise_wf/conformed_raw_images".
221020-03:15:04,587 nipype.workflow INFO:
	 [Node] Setting-up "qsiprep_wf.single_subject_131290_wf.dwi_preproc_wf.pre_hmc_wf.merge_and_denoise_wf.conformed_bvals" in "/out/tmp/qsiprep_wf/single_subject_131290_wf/dwi_preproc_wf/pre_hmc_wf/merge_and_denoise_wf/conformed_bvals".
221020-03:15:04,589 nipype.workflow INFO:
	 [Node] Setting-up "qsiprep_wf.single_subject_131290_wf.dwi_preproc_wf.pre_hmc_wf.merge_and_denoise_wf.conformed_bvecs" in "/out/tmp/qsiprep_wf/single_subject_131290_wf/dwi_preproc_wf/pre_hmc_wf/merge_and_denoise_wf/conformed_bvecs".
221020-03:15:04,589 nipype.workflow INFO:
	 [Node] Setting-up "qsiprep_wf.single_subject_131290_wf.dwi_preproc_wf.pre_hmc_wf.merge_and_denoise_wf.conformation_reports" in "/out/tmp/qsiprep_wf/single_subject_131290_wf/dwi_preproc_wf/pre_hmc_wf/merge_and_denoise_wf/conformation_reports".
221020-03:15:06,115 nipype.workflow INFO:
	 [Node] Finished "_t1_conform0".
221020-03:15:06,124 nipype.workflow INFO:
	 [Node] Finished "qsiprep_wf.single_subject_131290_wf.anat_preproc_wf.anat_template_wf.t1_conform".
221020-03:15:06,619 nipype.workflow INFO:
	 [Node] Running "conformed_bvals" ("nipype.interfaces.utility.base.Merge")
221020-03:15:06,623 nipype.workflow INFO:
	 [Node] Setting-up "qsiprep_wf.single_subject_131290_wf.anat_preproc_wf.skullstrip_wf.t1_skull_strip" in "/out/tmp/qsiprep_wf/single_subject_131290_wf/anat_preproc_wf/skullstrip_wf/t1_skull_strip".
221020-03:15:06,631 nipype.workflow INFO:
	 [Node] Finished "qsiprep_wf.single_subject_131290_wf.dwi_preproc_wf.pre_hmc_wf.merge_and_denoise_wf.conformed_bvals".
221020-03:15:06,693 nipype.workflow INFO:
	 [Node] Running "conformation_reports" ("nipype.interfaces.utility.base.Merge")
221020-03:15:06,705 nipype.workflow INFO:
	 [Node] Finished "qsiprep_wf.single_subject_131290_wf.dwi_preproc_wf.pre_hmc_wf.merge_and_denoise_wf.conformation_reports".
221020-03:15:06,712 nipype.workflow INFO:
	 [Node] Running "conformed_bvecs" ("nipype.interfaces.utility.base.Merge")
221020-03:15:06,723 nipype.workflow INFO:
	 [Node] Finished "qsiprep_wf.single_subject_131290_wf.dwi_preproc_wf.pre_hmc_wf.merge_and_denoise_wf.conformed_bvecs".
221020-03:15:06,734 nipype.workflow INFO:
	 [Node] Running "conformed_raw_images" ("nipype.interfaces.utility.base.Merge")
221020-03:15:06,760 nipype.workflow INFO:
	 [Node] Finished "qsiprep_wf.single_subject_131290_wf.dwi_preproc_wf.pre_hmc_wf.merge_and_denoise_wf.conformed_raw_images".
221020-03:15:06,781 nipype.workflow INFO:
	 [Node] Running "conformed_images" ("nipype.interfaces.utility.base.Merge")
221020-03:15:06,792 nipype.workflow INFO:
	 [Node] Finished "qsiprep_wf.single_subject_131290_wf.dwi_preproc_wf.pre_hmc_wf.merge_and_denoise_wf.conformed_images".
221020-03:15:08,515 nipype.workflow INFO:
	 [Node] Running "t1_skull_strip" ("nipype.interfaces.ants.segmentation.BrainExtraction"), a CommandLine Interface with command:
antsBrainExtraction.sh -a /out/tmp/qsiprep_wf/single_subject_131290_wf/anat_preproc_wf/anat_template_wf/t1_conform/mapflow/_t1_conform0/sub-131290_T1w_lps.nii.gz -m /out/tmp/qsiprep_wf/single_subject_131290_wf/anat_preproc_wf/skullstrip_wf/t1_skull_strip/tpl-OASIS30ANTs_res-01_class-brainmask_probtissue.nii.gz -e /niworkflows_data/tpl-OASIS30ANTs/tpl-OASIS30ANTs_res-01_T1w.nii.gz -d 3 -f /niworkflows_data/tpl-OASIS30ANTs/tpl-OASIS30ANTs_res-01_label-BrainCerebellumExtraction_roi.nii.gz -s nii.gz -k 1 -o highres001_ -q 1 -u 1
221020-03:15:10,718 nipype.workflow INFO:
	 [Node] Setting-up "qsiprep_wf.single_subject_131290_wf.dwi_preproc_wf.pre_hmc_wf.merge_and_denoise_wf.merge_dwis" in "/out/tmp/qsiprep_wf/single_subject_131290_wf/dwi_preproc_wf/pre_hmc_wf/merge_and_denoise_wf/merge_dwis".
221020-03:15:10,732 nipype.workflow INFO:
	 [Node] Running "merge_dwis" ("qsiprep.interfaces.dwi_merge.MergeDWIs")
221020-03:15:10,783 nipype.workflow INFO:
	 [Node] Setting-up "qsiprep_wf.single_subject_131290_wf.dwi_preproc_wf.pre_hmc_wf.merge_and_denoise_wf.raw_merge" in "/out/tmp/qsiprep_wf/single_subject_131290_wf/dwi_preproc_wf/pre_hmc_wf/merge_and_denoise_wf/raw_merge".
221020-03:15:10,798 nipype.workflow INFO:
	 [Node] Running "raw_merge" ("qsiprep.interfaces.nilearn.Merge")
221020-03:15:13,71 nipype.workflow INFO:
	 [Node] Finished "qsiprep_wf.single_subject_131290_wf.dwi_preproc_wf.pre_hmc_wf.merge_and_denoise_wf.merge_dwis".
221020-03:15:16,718 nipype.workflow INFO:
	 [Node] Setting-up "qsiprep_wf.single_subject_131290_wf.dwi_preproc_wf.pre_hmc_wf.merge_and_denoise_wf.merged_denoise.denoiser" in "/out/tmp/qsiprep_wf/single_subject_131290_wf/dwi_preproc_wf/pre_hmc_wf/merge_and_denoise_wf/merged_denoise/denoiser".
221020-03:15:16,742 nipype.workflow INFO:
	 [Node] Running "denoiser" ("qsiprep.interfaces.mrtrix.DWIDenoise"), a CommandLine Interface with command:
dwidenoise -extent 5,5,5 -noise sub-131290_dwi_noise.nii.gz /data/sub-131290/dwi/sub-131290_dwi.nii.gz sub-131290_dwi_denoised.nii.gz
221020-03:15:16,891 nipype.workflow WARNING:
	 Storing result file without outputs
221020-03:15:16,903 nipype.workflow WARNING:
	 [Node] Error on "qsiprep_wf.single_subject_131290_wf.dwi_preproc_wf.pre_hmc_wf.merge_and_denoise_wf.merged_denoise.denoiser" (/out/tmp/qsiprep_wf/single_subject_131290_wf/dwi_preproc_wf/pre_hmc_wf/merge_and_denoise_wf/merged_denoise/denoiser)
221020-03:15:17,240 nipype.workflow WARNING:
	 Storing result file without outputs
221020-03:15:17,351 nipype.workflow WARNING:
	 [Node] Error on "qsiprep_wf.single_subject_131290_wf.dwi_preproc_wf.pre_hmc_wf.merge_and_denoise_wf.raw_merge" (/out/tmp/qsiprep_wf/single_subject_131290_wf/dwi_preproc_wf/pre_hmc_wf/merge_and_denoise_wf/raw_merge)
221020-03:15:18,482 nipype.workflow ERROR:
	 Node raw_merge failed to run on host c506-053.stampede2.tacc.utexas.edu.
221020-03:15:18,488 nipype.workflow ERROR:
	 Saving crash info to /out/qsiprep/sub-131290/log/20221020-031301_f11ba7b7-c2a6-4211-b532-414477b1cb1b/crash-20221020-031518-tg881334-raw_merge-4a0a6d33-1cad-4d43-959e-2ab6d7347ea7.txt
Traceback (most recent call last):
  File "/usr/local/miniconda/lib/python3.7/site-packages/nipype/interfaces/base/core.py", line 428, in run
    runtime = self._run_interface(runtime)
  File "/usr/local/miniconda/lib/python3.7/site-packages/qsiprep/interfaces/nilearn.py", line 143, in _run_interface
    new_nii.to_filename(self._results['out_file'])
  File "/usr/local/miniconda/lib/python3.7/site-packages/nibabel/filebasedimages.py", line 333, in to_filename
    self.to_file_map()
  File "/usr/local/miniconda/lib/python3.7/site-packages/nibabel/analyze.py", line 1044, in to_file_map
    arr_writer.to_fileobj(imgf)
  File "/usr/local/miniconda/lib/python3.7/site-packages/nibabel/arraywriters.py", line 561, in to_fileobj
    nan2zero=self._needs_nan2zero())
  File "/usr/local/miniconda/lib/python3.7/site-packages/nibabel/volumeutils.py", line 760, in array_to_file
    nan_fill=nan_fill if nan2zero else None)
  File "/usr/local/miniconda/lib/python3.7/site-packages/nibabel/volumeutils.py", line 816, in _write_data
    dslice = dslice / slope
MemoryError: Unable to allocate 18.0 MiB for an array with shape (72, 256, 256) and data type float32

During handling of the above exception, another exception occurred:

Traceback (most recent call last):
  File "/usr/local/miniconda/lib/python3.7/site-packages/nipype/pipeline/plugins/multiproc.py", line 67, in run_node
    result["result"] = node.run(updatehash=updatehash)
  File "/usr/local/miniconda/lib/python3.7/site-packages/nipype/pipeline/engine/nodes.py", line 516, in run
    result = self._run_interface(execute=True)
  File "/usr/local/miniconda/lib/python3.7/site-packages/nipype/pipeline/engine/nodes.py", line 635, in _run_interface
    return self._run_command(execute)
  File "/usr/local/miniconda/lib/python3.7/site-packages/nipype/pipeline/engine/nodes.py", line 741, in _run_command
    result = self._interface.run(cwd=outdir)
  File "/usr/local/miniconda/lib/python3.7/site-packages/nipype/interfaces/base/core.py", line 445, in run
    runtime.traceback_args = ("\n".join(["%s" % arg for arg in exc_args]),)
  File "/usr/local/miniconda/lib/python3.7/site-packages/nipype/interfaces/base/core.py", line 445, in <listcomp>
    runtime.traceback_args = ("\n".join(["%s" % arg for arg in exc_args]),)
TypeError: not all arguments converted during string formatting

221020-03:15:18,494 nipype.workflow ERROR:
	 Node denoiser failed to run on host c506-053.stampede2.tacc.utexas.edu.
221020-03:15:18,497 nipype.workflow ERROR:
	 Saving crash info to /out/qsiprep/sub-131290/log/20221020-031301_f11ba7b7-c2a6-4211-b532-414477b1cb1b/crash-20221020-031518-tg881334-denoiser-0513b1e1-e4a8-4e1f-9745-442dc8f538c8.txt
Traceback (most recent call last):
  File "/usr/local/miniconda/lib/python3.7/site-packages/nipype/pipeline/plugins/multiproc.py", line 67, in run_node
    result["result"] = node.run(updatehash=updatehash)
  File "/usr/local/miniconda/lib/python3.7/site-packages/nipype/pipeline/engine/nodes.py", line 516, in run
    result = self._run_interface(execute=True)
  File "/usr/local/miniconda/lib/python3.7/site-packages/nipype/pipeline/engine/nodes.py", line 635, in _run_interface
    return self._run_command(execute)
  File "/usr/local/miniconda/lib/python3.7/site-packages/nipype/pipeline/engine/nodes.py", line 741, in _run_command
    result = self._interface.run(cwd=outdir)
  File "/usr/local/miniconda/lib/python3.7/site-packages/nipype/interfaces/base/core.py", line 428, in run
    runtime = self._run_interface(runtime)
  File "/usr/local/miniconda/lib/python3.7/site-packages/nipype/interfaces/base/core.py", line 820, in _run_interface
    runtime = run_command(runtime, output=self.terminal_output)
  File "/usr/local/miniconda/lib/python3.7/site-packages/nipype/utils/subprocess.py", line 110, in run_command
    close_fds=(not sys.platform.startswith("win")),
  File "/usr/local/miniconda/lib/python3.7/subprocess.py", line 769, in __init__
    restore_signals, start_new_session)
  File "/usr/local/miniconda/lib/python3.7/subprocess.py", line 1447, in _execute_child
    restore_signals, start_new_session, preexec_fn)
OSError: [Errno 12] Cannot allocate memory

